<?xml version="1.0" encoding="UTF-8"?>
<testsuite xmlns:xsi="http://www.w3.org/2001/XMLSchema-instance" xsi:noNamespaceSchemaLocation="https://maven.apache.org/surefire/maven-surefire-plugin/xsd/surefire-test-report-3.0.xsd" version="3.0" name="testRunner.TestRunner" time="523.475" tests="48" errors="13" skipped="0" failures="5">
  <properties>
[...]
</properties>
  <testcase name="Create New Cell Line" classname="precondition for cellline feature" time="21.695">
    <failure message="expected:&lt;[my cell 6]&gt; but was:&lt;[]&gt;" type="org.junit.ComparisonFailure"><![CDATA[org.junit.ComparisonFailure: expected:<[my cell 6]> but was:<[]>
]]></failure>
    <system-out><![CDATA[browser value is: chromeheadless

@cellline @A
Scenario Outline: Create New Cell Line                                       &amp#27;[90m# src/test/resources/features/Cell Line Manager/Create Cell Lines/A.feature:15&amp#27;[0m
  &amp#27;[32mGiven &amp#27;[0m&amp#27;[32muser has already logged in to application with this credentials&amp#27;[0m      &amp#27;[90m# stepDefinition.LoginPageStep.user_has_already_logged_in_to_application_with_this_credentials(io.cucumber.datatable.DataTable)&amp#27;[0m
    | username | password |
    | admin    | admin    |
  &amp#27;[32mAnd &amp#27;[0m&amp#27;[32muser is navigated to &amp#27;[0m&amp#27;[32m&amp#27;[1m"Dashboard"&amp#27;[0m&amp#27;[32m page&amp#27;[0m                                  &amp#27;[90m# stepDefinition.GeneralStep.user_is_navigated_to_page(java.lang.String)&amp#27;[0m
  &amp#27;[32mWhen &amp#27;[0m&amp#27;[32muser clicks on menu &amp#27;[0m&amp#27;[32m&amp#27;[1m"Cell Line"&amp#27;[0m                                       &amp#27;[90m# stepDefinition.GeneralStep.user_clicks_on_menu(java.lang.String)&amp#27;[0m
  &amp#27;[32mThen &amp#27;[0m&amp#27;[32muser is navigated to &amp#27;[0m&amp#27;[32m&amp#27;[1m"Cell Line"&amp#27;[0m&amp#27;[32m page&amp#27;[0m                                 &amp#27;[90m# stepDefinition.GeneralStep.user_is_navigated_to_page(java.lang.String)&amp#27;[0m
  &amp#27;[32mWhen &amp#27;[0m&amp#27;[32muser clicks on &amp#27;[0m&amp#27;[32m&amp#27;[1m"Create"&amp#27;[0m&amp#27;[32m button&amp#27;[0m                                        &amp#27;[90m# stepDefinition.GeneralStep.user_clicks_on_button(java.lang.String)&amp#27;[0m
  &amp#27;[32mThen &amp#27;[0m&amp#27;[32muser is navigated to &amp#27;[0m&amp#27;[32m&amp#27;[1m"Create Cell Lines"&amp#27;[0m&amp#27;[32m page&amp#27;[0m                         &amp#27;[90m# stepDefinition.GeneralStep.user_is_navigated_to_page(java.lang.String)&amp#27;[0m
  &amp#27;[32mWhen &amp#27;[0m&amp#27;[32muser &amp#27;[0m&amp#27;[32m&amp#27;[1m"type"&amp#27;[0m&amp#27;[32m &amp#27;[0m&amp#27;[32m&amp#27;[1m"my cell 6"&amp#27;[0m&amp#27;[32m in &amp#27;[0m&amp#27;[32m&amp#27;[1m"name"&amp#27;[0m&amp#27;[32m textbox&amp#27;[0m                             &amp#27;[90m# stepDefinition.GeneralStep.user_in_textbox(java.lang.String,java.lang.String,java.lang.String)&amp#27;[0m
  &amp#27;[32mThen &amp#27;[0m&amp#27;[32mtextbox &amp#27;[0m&amp#27;[32m&amp#27;[1m"name"&amp#27;[0m&amp#27;[32m will fill by &amp#27;[0m&amp#27;[32m&amp#27;[1m"my cell 6"&amp#27;[0m                               &amp#27;[90m# stepDefinition.GeneralStep.textbox_will_fill_by(java.lang.String,java.lang.String)&amp#27;[0m
  &amp#27;[32mWhen &amp#27;[0m&amp#27;[32muser fill textbox &amp#27;[0m&amp#27;[32m&amp#27;[1m"organism"&amp#27;[0m&amp#27;[32m as &amp#27;[0m&amp#27;[32m&amp#27;[1m"Mouse"&amp#27;[0m                               &amp#27;[90m# stepDefinition.GeneralStep.user_fill_box_as(java.lang.String,java.lang.String)&amp#27;[0m
  &amp#27;[32mThen &amp#27;[0m&amp#27;[32mtextbox &amp#27;[0m&amp#27;[32m&amp#27;[1m"organism"&amp#27;[0m&amp#27;[32m filled by &amp#27;[0m&amp#27;[32m&amp#27;[1m"Mouse"&amp#27;[0m                                  &amp#27;[90m# stepDefinition.GeneralStep.textbox_filled_by(java.lang.String,java.lang.String)&amp#27;[0m
  &amp#27;[32mWhen &amp#27;[0m&amp#27;[32muser fill textbox &amp#27;[0m&amp#27;[32m&amp#27;[1m"tissue"&amp#27;[0m&amp#27;[32m as &amp#27;[0m&amp#27;[32m&amp#27;[1m"Embryo"&amp#27;[0m                                &amp#27;[90m# stepDefinition.GeneralStep.user_fill_box_as(java.lang.String,java.lang.String)&amp#27;[0m
  &amp#27;[32mThen &amp#27;[0m&amp#27;[32mtextbox &amp#27;[0m&amp#27;[32m&amp#27;[1m"tissue"&amp#27;[0m&amp#27;[32m filled by &amp#27;[0m&amp#27;[32m&amp#27;[1m"Embryo"&amp#27;[0m                                   &amp#27;[90m# stepDefinition.GeneralStep.textbox_filled_by(java.lang.String,java.lang.String)&amp#27;[0m
  &amp#27;[32mWhen &amp#27;[0m&amp#27;[32muser fill textbox &amp#27;[0m&amp#27;[32m&amp#27;[1m"morphology"&amp#27;[0m&amp#27;[32m as &amp#27;[0m&amp#27;[32m&amp#27;[1m"Fibroblast"&amp#27;[0m                        &amp#27;[90m# stepDefinition.GeneralStep.user_fill_box_as(java.lang.String,java.lang.String)&amp#27;[0m
  &amp#27;[32mThen &amp#27;[0m&amp#27;[32mtextbox &amp#27;[0m&amp#27;[32m&amp#27;[1m"morphology"&amp#27;[0m&amp#27;[32m filled by &amp#27;[0m&amp#27;[32m&amp#27;[1m"Fibroblast"&amp#27;[0m                           &amp#27;[90m# stepDefinition.GeneralStep.textbox_filled_by(java.lang.String,java.lang.String)&amp#27;[0m
  &amp#27;[32mWhen &amp#27;[0m&amp#27;[32muser &amp#27;[0m&amp#27;[32m&amp#27;[1m"type"&amp#27;[0m&amp#27;[32m &amp#27;[0m&amp#27;[32m&amp#27;[1m"mimic human liver"&amp#27;[0m&amp#27;[32m in &amp#27;[0m&amp#27;[32m&amp#27;[1m"disease"&amp#27;[0m&amp#27;[32m textbox&amp#27;[0m                  &amp#27;[90m# stepDefinition.GeneralStep.user_in_textbox(java.lang.String,java.lang.String,java.lang.String)&amp#27;[0m
  &amp#27;[32mThen &amp#27;[0m&amp#27;[32mtextbox &amp#27;[0m&amp#27;[32m&amp#27;[1m"disease"&amp#27;[0m&amp#27;[32m will fill by &amp#27;[0m&amp#27;[32m&amp#27;[1m"mimic human liver"&amp#27;[0m                    &amp#27;[90m# stepDefinition.GeneralStep.textbox_will_fill_by(java.lang.String,java.lang.String)&amp#27;[0m
  &amp#27;[32mWhen &amp#27;[0m&amp#27;[32muser &amp#27;[0m&amp#27;[32m&amp#27;[1m"type"&amp#27;[0m&amp#27;[32m &amp#27;[0m&amp#27;[32m&amp#27;[1m"sample cell from mouse liver"&amp#27;[0m&amp#27;[32m in &amp#27;[0m&amp#27;[32m&amp#27;[1m"notes"&amp#27;[0m&amp#27;[32m textbox&amp#27;[0m         &amp#27;[90m# stepDefinition.GeneralStep.user_in_textbox(java.lang.String,java.lang.String,java.lang.String)&amp#27;[0m
  &amp#27;[32mThen &amp#27;[0m&amp#27;[32mtextbox &amp#27;[0m&amp#27;[32m&amp#27;[1m"notes"&amp#27;[0m&amp#27;[32m will fill by &amp#27;[0m&amp#27;[32m&amp#27;[1m"sample cell from mouse liver"&amp#27;[0m           &amp#27;[90m# stepDefinition.GeneralStep.textbox_will_fill_by(java.lang.String,java.lang.String)&amp#27;[0m
  &amp#27;[32mWhen &amp#27;[0m&amp#27;[32muser select &amp#27;[0m&amp#27;[32m&amp#27;[1m"confluency"&amp#27;[0m&amp#27;[32m radio&amp#27;[0m                                        &amp#27;[90m# stepDefinition.GeneralStep.user_select_radio(java.lang.String)&amp#27;[0m
  &amp#27;[32mThen &amp#27;[0m&amp#27;[32mradio &amp#27;[0m&amp#27;[32m&amp#27;[1m"confluency"&amp#27;[0m&amp#27;[32m is selected&amp#27;[0m                                        &amp#27;[90m# stepDefinition.GeneralStep.radio_is_selected(java.lang.String)&amp#27;[0m
  &amp#27;[32mAnd &amp#27;[0m&amp#27;[32mcheckbox &amp#27;[0m&amp#27;[32m&amp#27;[1m"Imaging Interval"&amp#27;[0m&amp#27;[32m is disable&amp#27;[0m                                 &amp#27;[90m# stepDefinition.CellLineStep.checkbox_is_disable(java.lang.String)&amp#27;[0m
  &amp#27;[32mWhen &amp#27;[0m&amp#27;[32muser type cell line confluency as &amp#27;[0m&amp#27;[32m&amp#27;[1m"80"&amp#27;[0m                                &amp#27;[90m# stepDefinition.CellLineStep.user_type_cell_line_confluency_as(java.lang.String)&amp#27;[0m
  &amp#27;[32mThen &amp#27;[0m&amp#27;[32mcell line confluency is filled by &amp#27;[0m&amp#27;[32m&amp#27;[1m"80"&amp#27;[0m                                &amp#27;[90m# stepDefinition.CellLineStep.cell_line_confluency_is_filled_by(java.lang.String)&amp#27;[0m
  &amp#27;[32mWhen &amp#27;[0m&amp#27;[32muser clicks on &amp#27;[0m&amp#27;[32m&amp#27;[1m"Media Selection"&amp#27;[0m&amp#27;[32m select box&amp#27;[0m                           &amp#27;[90m# stepDefinition.GeneralStep.user_clicks_on_select_box(java.lang.String)&amp#27;[0m
  &amp#27;[32mThen &amp#27;[0m&amp#27;[32mmodal &amp#27;[0m&amp#27;[32m&amp#27;[1m"Select Media Selection"&amp#27;[0m&amp#27;[32m confirmation is displayed&amp#27;[0m              &amp#27;[90m# stepDefinition.GeneralStep.modal_confirmation_is_displayed(java.lang.String)&amp#27;[0m
  &amp#27;[32mWhen &amp#27;[0m&amp#27;[32muser choose item &amp#27;[0m&amp#27;[32m&amp#27;[1m"DMEM FBS 10"&amp#27;[0m&amp#27;[32m in modal select&amp#27;[0m                        &amp#27;[90m# stepDefinition.GeneralStep.user_choose_item_in_modal_select(java.lang.String)&amp#27;[0m
  &amp#27;[32mThen &amp#27;[0m&amp#27;[32m&amp#27;[0m&amp#27;[32m&amp#27;[1m"DMEM FBS 10"&amp#27;[0m&amp#27;[32m item is selected in the modal&amp#27;[0m                           &amp#27;[90m# stepDefinition.GeneralStep.item_is_selected_in_the_modal(java.lang.String)&amp#27;[0m
  &amp#27;[32mWhen &amp#27;[0m&amp#27;[32muser clicks on &amp#27;[0m&amp#27;[32m&amp#27;[1m"OK"&amp#27;[0m&amp#27;[32m button&amp#27;[0m                                            &amp#27;[90m# stepDefinition.GeneralStep.user_clicks_on_button(java.lang.String)&amp#27;[0m
  &amp#27;[32mThen &amp#27;[0m&amp#27;[32mselect box &amp#27;[0m&amp#27;[32m&amp#27;[1m"Media Selection"&amp#27;[0m&amp#27;[32m filled by &amp#27;[0m&amp#27;[32m&amp#27;[1m"DMEM FBS 10"&amp#27;[0m                  &amp#27;[90m# stepDefinition.GeneralStep.select_box_filled_by(java.lang.String,java.lang.String)&amp#27;[0m
  &amp#27;[32mWhen &amp#27;[0m&amp#27;[32muser select &amp#27;[0m&amp#27;[32m&amp#27;[1m"100%"&amp#27;[0m&amp#27;[32m on Media Replacement persentage&amp#27;[0m                    &amp#27;[90m# stepDefinition.CellLineStep.user_select_on_media_replacement_persentage(java.lang.String)&amp#27;[0m
  &amp#27;[32mThen &amp#27;[0m&amp#27;[32mMedia Replacement persentage filled by &amp#27;[0m&amp#27;[32m&amp#27;[1m"100%"&amp#27;[0m                         &amp#27;[90m# stepDefinition.CellLineStep.media_replacement_persentage_filled_by(java.lang.String)&amp#27;[0m
  &amp#27;[32mWhen &amp#27;[0m&amp#27;[32muser &amp#27;[0m&amp#27;[32m&amp#27;[1m"type"&amp#27;[0m&amp#27;[32m on box &amp#27;[0m&amp#27;[32m&amp#27;[1m"Feeding Interval"&amp#27;[0m&amp#27;[32m as &amp#27;[0m&amp#27;[32m&amp#27;[1m"48"&amp#27;[0m                         &amp#27;[90m# stepDefinition.GeneralStep.user_on_box_as(java.lang.String,java.lang.String,java.lang.String)&amp#27;[0m
  &amp#27;[32mThen &amp#27;[0m&amp#27;[32mbox &amp#27;[0m&amp#27;[32m&amp#27;[1m"Feeding Interval"&amp#27;[0m&amp#27;[32m filled by &amp#27;[0m&amp#27;[32m&amp#27;[1m"48"&amp#27;[0m                                 &amp#27;[90m# stepDefinition.GeneralStep.box_filled_by(java.lang.String,java.lang.String)&amp#27;[0m
  &amp#27;[32mWhen &amp#27;[0m&amp#27;[32muser clicks on &amp#27;[0m&amp#27;[32m&amp#27;[1m"Detachment Reagent"&amp#27;[0m&amp#27;[32m select box&amp#27;[0m                        &amp#27;[90m# stepDefinition.GeneralStep.user_clicks_on_select_box(java.lang.String)&amp#27;[0m
  &amp#27;[32mThen &amp#27;[0m&amp#27;[32mmodal &amp#27;[0m&amp#27;[32m&amp#27;[1m"Select Detachment Selection"&amp#27;[0m&amp#27;[32m confirmation is displayed&amp#27;[0m         &amp#27;[90m# stepDefinition.GeneralStep.modal_confirmation_is_displayed(java.lang.String)&amp#27;[0m
  &amp#27;[32mWhen &amp#27;[0m&amp#27;[32muser choose item &amp#27;[0m&amp#27;[32m&amp#27;[1m"Trypsin"&amp#27;[0m&amp#27;[32m in modal select&amp#27;[0m                            &amp#27;[90m# stepDefinition.GeneralStep.user_choose_item_in_modal_select(java.lang.String)&amp#27;[0m
  &amp#27;[32mThen &amp#27;[0m&amp#27;[32m&amp#27;[0m&amp#27;[32m&amp#27;[1m"Trypsin"&amp#27;[0m&amp#27;[32m item is selected in the modal&amp#27;[0m                               &amp#27;[90m# stepDefinition.GeneralStep.item_is_selected_in_the_modal(java.lang.String)&amp#27;[0m
  &amp#27;[32mWhen &amp#27;[0m&amp#27;[32muser clicks on &amp#27;[0m&amp#27;[32m&amp#27;[1m"OK"&amp#27;[0m&amp#27;[32m button&amp#27;[0m                                            &amp#27;[90m# stepDefinition.GeneralStep.user_clicks_on_button(java.lang.String)&amp#27;[0m
  &amp#27;[32mThen &amp#27;[0m&amp#27;[32mselect box &amp#27;[0m&amp#27;[32m&amp#27;[1m"Detachment Reagent"&amp#27;[0m&amp#27;[32m filled by &amp#27;[0m&amp#27;[32m&amp#27;[1m"Trypsin"&amp#27;[0m                   &amp#27;[90m# stepDefinition.GeneralStep.select_box_filled_by(java.lang.String,java.lang.String)&amp#27;[0m
  &amp#27;[32mWhen &amp#27;[0m&amp#27;[32muser &amp#27;[0m&amp#27;[32m&amp#27;[1m"type"&amp#27;[0m&amp#27;[32m on box &amp#27;[0m&amp#27;[32m&amp#27;[1m"Detachment Reagent Volume"&amp#27;[0m&amp#27;[32m as &amp#27;[0m&amp#27;[32m&amp#27;[1m"600"&amp#27;[0m               &amp#27;[90m# stepDefinition.GeneralStep.user_on_box_as(java.lang.String,java.lang.String,java.lang.String)&amp#27;[0m
  &amp#27;[32mThen &amp#27;[0m&amp#27;[32mbox &amp#27;[0m&amp#27;[32m&amp#27;[1m"Detachment Reagent Volume"&amp#27;[0m&amp#27;[32m filled by &amp#27;[0m&amp#27;[32m&amp#27;[1m"600"&amp#27;[0m                       &amp#27;[90m# stepDefinition.GeneralStep.box_filled_by(java.lang.String,java.lang.String)&amp#27;[0m
  &amp#27;[32mWhen &amp#27;[0m&amp#27;[32muser &amp#27;[0m&amp#27;[32m&amp#27;[1m"type"&amp#27;[0m&amp#27;[32m on box &amp#27;[0m&amp#27;[32m&amp#27;[1m"Detachment Reagent Incubation Time"&amp#27;[0m&amp#27;[32m as &amp#27;[0m&amp#27;[32m&amp#27;[1m"15"&amp#27;[0m       &amp#27;[90m# stepDefinition.GeneralStep.user_on_box_as(java.lang.String,java.lang.String,java.lang.String)&amp#27;[0m
  &amp#27;[32mThen &amp#27;[0m&amp#27;[32mbox &amp#27;[0m&amp#27;[32m&amp#27;[1m"Detachment Reagent Incubation Time"&amp#27;[0m&amp#27;[32m filled by &amp#27;[0m&amp#27;[32m&amp#27;[1m"15"&amp#27;[0m               &amp#27;[90m# stepDefinition.GeneralStep.box_filled_by(java.lang.String,java.lang.String)&amp#27;[0m
  &amp#27;[32mWhen &amp#27;[0m&amp#27;[32muser &amp#27;[0m&amp#27;[32m&amp#27;[1m"type"&amp#27;[0m&amp#27;[32m on box &amp#27;[0m&amp#27;[32m&amp#27;[1m"Passage Ratio"&amp#27;[0m&amp#27;[32m as &amp#27;[0m&amp#27;[32m&amp#27;[1m"3"&amp#27;[0m                             &amp#27;[90m# stepDefinition.GeneralStep.user_on_box_as(java.lang.String,java.lang.String,java.lang.String)&amp#27;[0m
  &amp#27;[32mThen &amp#27;[0m&amp#27;[32mbox &amp#27;[0m&amp#27;[32m&amp#27;[1m"Passage Ratio"&amp#27;[0m&amp#27;[32m filled by &amp#27;[0m&amp#27;[32m&amp#27;[1m"3"&amp#27;[0m                                     &amp#27;[90m# stepDefinition.GeneralStep.box_filled_by(java.lang.String,java.lang.String)&amp#27;[0m
  &amp#27;[32mWhen &amp#27;[0m&amp#27;[32muser &amp#27;[0m&amp#27;[32m&amp#27;[1m"type"&amp#27;[0m&amp#27;[32m on box &amp#27;[0m&amp#27;[32m&amp#27;[1m"Adhering Time"&amp#27;[0m&amp#27;[32m as &amp#27;[0m&amp#27;[32m&amp#27;[1m"6"&amp#27;[0m                             &amp#27;[90m# stepDefinition.GeneralStep.user_on_box_as(java.lang.String,java.lang.String,java.lang.String)&amp#27;[0m
  &amp#27;[32mThen &amp#27;[0m&amp#27;[32mbox &amp#27;[0m&amp#27;[32m&amp#27;[1m"Adhering Time"&amp#27;[0m&amp#27;[32m filled by &amp#27;[0m&amp#27;[32m&amp#27;[1m"6"&amp#27;[0m                                     &amp#27;[90m# stepDefinition.GeneralStep.box_filled_by(java.lang.String,java.lang.String)&amp#27;[0m
  &amp#27;[32mWhen &amp#27;[0m&amp#27;[32muser type on box Imaging Interval as &amp#27;[0m&amp#27;[32m&amp#27;[1m"48"&amp#27;[0m                             &amp#27;[90m# stepDefinition.CellLineStep.user_type_on_box_imaging_interval_as(java.lang.String)&amp#27;[0m
  &amp#27;[32mThen &amp#27;[0m&amp#27;[32mbox Imaging Interval filled by &amp#27;[0m&amp#27;[32m&amp#27;[1m"48"&amp#27;[0m                                   &amp#27;[90m# stepDefinition.CellLineStep.box_Imaging_interval_filled_by(java.lang.String)&amp#27;[0m
  &amp#27;[32mWhen &amp#27;[0m&amp#27;[32muser &amp#27;[0m&amp#27;[32m&amp#27;[1m"type"&amp#27;[0m&amp#27;[32m on box &amp#27;[0m&amp#27;[32m&amp#27;[1m"Estimated Doubling Time"&amp#27;[0m&amp#27;[32m as &amp#27;[0m&amp#27;[32m&amp#27;[1m"48"&amp#27;[0m                  &amp#27;[90m# stepDefinition.GeneralStep.user_on_box_as(java.lang.String,java.lang.String,java.lang.String)&amp#27;[0m
  &amp#27;[32mThen &amp#27;[0m&amp#27;[32mbox &amp#27;[0m&amp#27;[32m&amp#27;[1m"Estimated Doubling Time"&amp#27;[0m&amp#27;[32m filled by &amp#27;[0m&amp#27;[32m&amp#27;[1m"48"&amp#27;[0m                          &amp#27;[90m# stepDefinition.GeneralStep.box_filled_by(java.lang.String,java.lang.String)&amp#27;[0m
  &amp#27;[32mWhen &amp#27;[0m&amp#27;[32muser &amp#27;[0m&amp#27;[32m&amp#27;[1m"type"&amp#27;[0m&amp#27;[32m on box &amp#27;[0m&amp#27;[32m&amp#27;[1m"Cell Density/cm2"&amp#27;[0m&amp#27;[32m as &amp#27;[0m&amp#27;[32m&amp#27;[1m"9"&amp#27;[0m                          &amp#27;[90m# stepDefinition.GeneralStep.user_on_box_as(java.lang.String,java.lang.String,java.lang.String)&amp#27;[0m
  &amp#27;[32mThen &amp#27;[0m&amp#27;[32mbox &amp#27;[0m&amp#27;[32m&amp#27;[1m"Cell Density/cm2"&amp#27;[0m&amp#27;[32m filled by &amp#27;[0m&amp#27;[32m&amp#27;[1m"9"&amp#27;[0m                                  &amp#27;[90m# stepDefinition.GeneralStep.box_filled_by(java.lang.String,java.lang.String)&amp#27;[0m
  &amp#27;[32mWhen &amp#27;[0m&amp#27;[32muser &amp#27;[0m&amp#27;[32m&amp#27;[1m"type"&amp#27;[0m&amp#27;[32m on box Cell Dye Ratio as &amp#27;[0m&amp#27;[32m&amp#27;[1m"1"&amp#27;[0m&amp#27;[32m to &amp#27;[0m&amp#27;[32m&amp#27;[1m"1"&amp#27;[0m                       &amp#27;[90m# stepDefinition.CellLineStep.user_on_box_cell_dye_ratio_as_to(java.lang.String,java.lang.String,java.lang.String)&amp#27;[0m
  &amp#27;[32mThen &amp#27;[0m&amp#27;[32mbox Cell Dye Ratio filled by &amp#27;[0m&amp#27;[32m&amp#27;[1m"1"&amp#27;[0m&amp#27;[32m to &amp#27;[0m&amp#27;[32m&amp#27;[1m"1"&amp#27;[0m                               &amp#27;[90m# stepDefinition.CellLineStep.box_cell_dye_ratio_filled_by_to(java.lang.String,java.lang.String)&amp#27;[0m
  &amp#27;[32mWhen &amp#27;[0m&amp#27;[32muser clicks on &amp#27;[0m&amp#27;[32m&amp#27;[1m"Save"&amp#27;[0m&amp#27;[32m button&amp#27;[0m                                          &amp#27;[90m# stepDefinition.GeneralStep.user_clicks_on_button(java.lang.String)&amp#27;[0m
  &amp#27;[32mThen &amp#27;[0m&amp#27;[32mnotification &amp#27;[0m&amp#27;[32m&amp#27;[1m"Success"&amp#27;[0m&amp#27;[32m and &amp#27;[0m&amp#27;[32m&amp#27;[1m"Cell Lines has been created"&amp#27;[0m&amp#27;[32m is displayed&amp#27;[0m &amp#27;[90m# stepDefinition.GeneralStep.notification_and_is_displayed(java.lang.String,java.lang.String)&amp#27;[0m
  &amp#27;[32mAnd &amp#27;[0m&amp#27;[32muser is navigated to &amp#27;[0m&amp#27;[32m&amp#27;[1m"Cell Line"&amp#27;[0m&amp#27;[32m page&amp#27;[0m                                  &amp#27;[90m# stepDefinition.GeneralStep.user_is_navigated_to_page(java.lang.String)&amp#27;[0m
  &amp#27;[32mWhen &amp#27;[0m&amp#27;[32muser clicks detail button of item &amp#27;[0m&amp#27;[32m&amp#27;[1m"my cell 6"&amp#27;[0m                         &amp#27;[90m# stepDefinition.GeneralStep.user_clicks_detail_button_of_item(java.lang.String)&amp#27;[0m
  &amp#27;[31mThen &amp#27;[0m&amp#27;[31mdata new cell line will show&amp#27;[0m                                          &amp#27;[90m# stepDefinition.GeneralStep.data_new_cell_line_will_show(io.cucumber.datatable.DataTable)&amp#27;[0m
    | Name      | Organism | Tissue | Morphology | Disease           | Notes                        | Passage After  | Media Selection | Media Replacement | Detachment Reagent | Detachment Reagent Volume | Detachment Reagent Incubation Time | Passage Ratio | Adhering Time | Using Imaging | Estimated Doubling Time | Cell Density/cm2 | Cell Dilution Ratio | Dye Dilution Ratio |
    | my cell 6 | Mouse    | Embryo | Fibroblast | mimic human liver | sample cell from mouse liver | 80% Confluency | DMEM FBS 10     | 100%              | Trypsin            | 600.0 ÂµL                  | 15 minute(s)                       | 1 : 3         | 6 hour(s)     | Yes           | 48 hour(s)              | 90000 x104       | 1                   | 1                  |
      &amp#27;[31morg.junit.ComparisonFailure: expected:<[my cell 6]> but was:<[]>
	at org.junit.Assert.assertEquals(Assert.java:117)
	at org.junit.Assert.assertEquals(Assert.java:146)
	at stepDefinition.GeneralStep.data_new_cell_line_will_show(GeneralStep.java:348)
	at âœ½.data new cell line will show(file:///C:/Users/smith/OneDrive/Documents/INTERN/Cell/cellsuite/cellsuite/src/test/resources/features/Cell%20Line%20Manager/Create%20Cell%20Lines/A.feature:77)
&amp#27;[0m
  &amp#27;[36mWhen &amp#27;[0m&amp#27;[36muser clicks on &amp#27;[0m&amp#27;[36m&amp#27;[1m"Create"&amp#27;[0m&amp#27;[36m button&amp#27;[0m                                        &amp#27;[90m# stepDefinition.GeneralStep.user_clicks_on_button(java.lang.String)&amp#27;[0m
  &amp#27;[36mThen &amp#27;[0m&amp#27;[36muser is navigated to &amp#27;[0m&amp#27;[36m&amp#27;[1m"Create Cell Lines"&amp#27;[0m&amp#27;[36m page&amp#27;[0m                         &amp#27;[90m# stepDefinition.GeneralStep.user_is_navigated_to_page(java.lang.String)&amp#27;[0m
  &amp#27;[36mWhen &amp#27;[0m&amp#27;[36muser &amp#27;[0m&amp#27;[36m&amp#27;[1m"type"&amp#27;[0m&amp#27;[36m &amp#27;[0m&amp#27;[36m&amp#27;[1m"my cell 7"&amp#27;[0m&amp#27;[36m in &amp#27;[0m&amp#27;[36m&amp#27;[1m"name"&amp#27;[0m&amp#27;[36m textbox&amp#27;[0m                             &amp#27;[90m# stepDefinition.GeneralStep.user_in_textbox(java.lang.String,java.lang.String,java.lang.String)&amp#27;[0m
  &amp#27;[36mThen &amp#27;[0m&amp#27;[36mtextbox &amp#27;[0m&amp#27;[36m&amp#27;[1m"name"&amp#27;[0m&amp#27;[36m will fill by &amp#27;[0m&amp#27;[36m&amp#27;[1m"my cell 7"&amp#27;[0m                               &amp#27;[90m# stepDefinition.GeneralStep.textbox_will_fill_by(java.lang.String,java.lang.String)&amp#27;[0m
  &amp#27;[36mWhen &amp#27;[0m&amp#27;[36muser fill textbox &amp#27;[0m&amp#27;[36m&amp#27;[1m"organism"&amp#27;[0m&amp#27;[36m as &amp#27;[0m&amp#27;[36m&amp#27;[1m"Mouse"&amp#27;[0m                               &amp#27;[90m# stepDefinition.GeneralStep.user_fill_box_as(java.lang.String,java.lang.String)&amp#27;[0m
  &amp#27;[36mThen &amp#27;[0m&amp#27;[36mtextbox &amp#27;[0m&amp#27;[36m&amp#27;[1m"organism"&amp#27;[0m&amp#27;[36m filled by &amp#27;[0m&amp#27;[36m&amp#27;[1m"Mouse"&amp#27;[0m                                  &amp#27;[90m# stepDefinition.GeneralStep.textbox_filled_by(java.lang.String,java.lang.String)&amp#27;[0m
  &amp#27;[36mWhen &amp#27;[0m&amp#27;[36muser fill textbox &amp#27;[0m&amp#27;[36m&amp#27;[1m"tissue"&amp#27;[0m&amp#27;[36m as &amp#27;[0m&amp#27;[36m&amp#27;[1m"Embryo"&amp#27;[0m                                &amp#27;[90m# stepDefinition.GeneralStep.user_fill_box_as(java.lang.String,java.lang.String)&amp#27;[0m
  &amp#27;[36mThen &amp#27;[0m&amp#27;[36mtextbox &amp#27;[0m&amp#27;[36m&amp#27;[1m"tissue"&amp#27;[0m&amp#27;[36m filled by &amp#27;[0m&amp#27;[36m&amp#27;[1m"Embryo"&amp#27;[0m                                   &amp#27;[90m# stepDefinition.GeneralStep.textbox_filled_by(java.lang.String,java.lang.String)&amp#27;[0m
  &amp#27;[36mWhen &amp#27;[0m&amp#27;[36muser fill textbox &amp#27;[0m&amp#27;[36m&amp#27;[1m"morphology"&amp#27;[0m&amp#27;[36m as &amp#27;[0m&amp#27;[36m&amp#27;[1m"Fibroblast"&amp#27;[0m                        &amp#27;[90m# stepDefinition.GeneralStep.user_fill_box_as(java.lang.String,java.lang.String)&amp#27;[0m
  &amp#27;[36mThen &amp#27;[0m&amp#27;[36mtextbox &amp#27;[0m&amp#27;[36m&amp#27;[1m"morphology"&amp#27;[0m&amp#27;[36m filled by &amp#27;[0m&amp#27;[36m&amp#27;[1m"Fibroblast"&amp#27;[0m                           &amp#27;[90m# stepDefinition.GeneralStep.textbox_filled_by(java.lang.String,java.lang.String)&amp#27;[0m
  &amp#27;[36mWhen &amp#27;[0m&amp#27;[36muser &amp#27;[0m&amp#27;[36m&amp#27;[1m"type"&amp#27;[0m&amp#27;[36m &amp#27;[0m&amp#27;[36m&amp#27;[1m"mimic human liver"&amp#27;[0m&amp#27;[36m in &amp#27;[0m&amp#27;[36m&amp#27;[1m"disease"&amp#27;[0m&amp#27;[36m textbox&amp#27;[0m                  &amp#27;[90m# stepDefinition.GeneralStep.user_in_textbox(java.lang.String,java.lang.String,java.lang.String)&amp#27;[0m
  &amp#27;[36mThen &amp#27;[0m&amp#27;[36mtextbox &amp#27;[0m&amp#27;[36m&amp#27;[1m"disease"&amp#27;[0m&amp#27;[36m will fill by &amp#27;[0m&amp#27;[36m&amp#27;[1m"mimic human liver"&amp#27;[0m                    &amp#27;[90m# stepDefinition.GeneralStep.textbox_will_fill_by(java.lang.String,java.lang.String)&amp#27;[0m
  &amp#27;[36mWhen &amp#27;[0m&amp#27;[36muser &amp#27;[0m&amp#27;[36m&amp#27;[1m"type"&amp#27;[0m&amp#27;[36m &amp#27;[0m&amp#27;[36m&amp#27;[1m"sample cell from mouse liver"&amp#27;[0m&amp#27;[36m in &amp#27;[0m&amp#27;[36m&amp#27;[1m"notes"&amp#27;[0m&amp#27;[36m textbox&amp#27;[0m         &amp#27;[90m# stepDefinition.GeneralStep.user_in_textbox(java.lang.String,java.lang.String,java.lang.String)&amp#27;[0m
  &amp#27;[36mThen &amp#27;[0m&amp#27;[36mtextbox &amp#27;[0m&amp#27;[36m&amp#27;[1m"notes"&amp#27;[0m&amp#27;[36m will fill by &amp#27;[0m&amp#27;[36m&amp#27;[1m"sample cell from mouse liver"&amp#27;[0m           &amp#27;[90m# stepDefinition.GeneralStep.textbox_will_fill_by(java.lang.String,java.lang.String)&amp#27;[0m
  &amp#27;[36mWhen &amp#27;[0m&amp#27;[36muser select &amp#27;[0m&amp#27;[36m&amp#27;[1m"Time Interval"&amp#27;[0m&amp#27;[36m radio&amp#27;[0m                                     &amp#27;[90m# stepDefinition.GeneralStep.user_select_radio(java.lang.String)&amp#27;[0m
  &amp#27;[36mThen &amp#27;[0m&amp#27;[36mradio &amp#27;[0m&amp#27;[36m&amp#27;[1m"Time Interval"&amp#27;[0m&amp#27;[36m is selected&amp#27;[0m                                     &amp#27;[90m# stepDefinition.GeneralStep.radio_is_selected(java.lang.String)&amp#27;[0m
  &amp#27;[36mAnd &amp#27;[0m&amp#27;[36mcheckbox &amp#27;[0m&amp#27;[36m&amp#27;[1m"Imaging Interval"&amp#27;[0m&amp#27;[36m is enable&amp#27;[0m                                  &amp#27;[90m# stepDefinition.CellLineStep.checkbox_is_enable(java.lang.String)&amp#27;[0m
  &amp#27;[36mWhen &amp#27;[0m&amp#27;[36muser type cell line time interval as &amp#27;[0m&amp#27;[36m&amp#27;[1m"24"&amp#27;[0m                             &amp#27;[90m# stepDefinition.CellLineStep.user_type_cell_line_time_interval_as(java.lang.String)&amp#27;[0m
  &amp#27;[36mThen &amp#27;[0m&amp#27;[36mcell line time interval is filled by &amp#27;[0m&amp#27;[36m&amp#27;[1m"24"&amp#27;[0m                             &amp#27;[90m# stepDefinition.CellLineStep.cell_line_time_interval_is_filled_by(java.lang.String)&amp#27;[0m
  &amp#27;[36mWhen &amp#27;[0m&amp#27;[36muser clicks on &amp#27;[0m&amp#27;[36m&amp#27;[1m"Media Selection"&amp#27;[0m&amp#27;[36m select box&amp#27;[0m                           &amp#27;[90m# stepDefinition.GeneralStep.user_clicks_on_select_box(java.lang.String)&amp#27;[0m
  &amp#27;[36mThen &amp#27;[0m&amp#27;[36mmodal &amp#27;[0m&amp#27;[36m&amp#27;[1m"Select Media Selection"&amp#27;[0m&amp#27;[36m confirmation is displayed&amp#27;[0m              &amp#27;[90m# stepDefinition.GeneralStep.modal_confirmation_is_displayed(java.lang.String)&amp#27;[0m
  &amp#27;[36mWhen &amp#27;[0m&amp#27;[36muser choose item &amp#27;[0m&amp#27;[36m&amp#27;[1m"DMEM FBS 10"&amp#27;[0m&amp#27;[36m in modal select&amp#27;[0m                        &amp#27;[90m# stepDefinition.GeneralStep.user_choose_item_in_modal_select(java.lang.String)&amp#27;[0m
  &amp#27;[36mThen &amp#27;[0m&amp#27;[36m&amp#27;[0m&amp#27;[36m&amp#27;[1m"DMEM FBS 10"&amp#27;[0m&amp#27;[36m item is selected in the modal&amp#27;[0m                           &amp#27;[90m# stepDefinition.GeneralStep.item_is_selected_in_the_modal(java.lang.String)&amp#27;[0m
  &amp#27;[36mWhen &amp#27;[0m&amp#27;[36muser clicks on &amp#27;[0m&amp#27;[36m&amp#27;[1m"OK"&amp#27;[0m&amp#27;[36m button&amp#27;[0m                                            &amp#27;[90m# stepDefinition.GeneralStep.user_clicks_on_button(java.lang.String)&amp#27;[0m
  &amp#27;[36mThen &amp#27;[0m&amp#27;[36mselect box &amp#27;[0m&amp#27;[36m&amp#27;[1m"Media Selection"&amp#27;[0m&amp#27;[36m filled by &amp#27;[0m&amp#27;[36m&amp#27;[1m"DMEM FBS 10"&amp#27;[0m                  &amp#27;[90m# stepDefinition.GeneralStep.select_box_filled_by(java.lang.String,java.lang.String)&amp#27;[0m
  &amp#27;[36mWhen &amp#27;[0m&amp#27;[36muser select &amp#27;[0m&amp#27;[36m&amp#27;[1m"100%"&amp#27;[0m&amp#27;[36m on Media Replacement persentage&amp#27;[0m                    &amp#27;[90m# stepDefinition.CellLineStep.user_select_on_media_replacement_persentage(java.lang.String)&amp#27;[0m
  &amp#27;[36mThen &amp#27;[0m&amp#27;[36mMedia Replacement persentage filled by &amp#27;[0m&amp#27;[36m&amp#27;[1m"100%"&amp#27;[0m                         &amp#27;[90m# stepDefinition.CellLineStep.media_replacement_persentage_filled_by(java.lang.String)&amp#27;[0m
  &amp#27;[36mWhen &amp#27;[0m&amp#27;[36muser &amp#27;[0m&amp#27;[36m&amp#27;[1m"type"&amp#27;[0m&amp#27;[36m on box &amp#27;[0m&amp#27;[36m&amp#27;[1m"Feeding Interval"&amp#27;[0m&amp#27;[36m as &amp#27;[0m&amp#27;[36m&amp#27;[1m"48"&amp#27;[0m                         &amp#27;[90m# stepDefinition.GeneralStep.user_on_box_as(java.lang.String,java.lang.String,java.lang.String)&amp#27;[0m
  &amp#27;[36mThen &amp#27;[0m&amp#27;[36mbox &amp#27;[0m&amp#27;[36m&amp#27;[1m"Feeding Interval"&amp#27;[0m&amp#27;[36m filled by &amp#27;[0m&amp#27;[36m&amp#27;[1m"48"&amp#27;[0m                                 &amp#27;[90m# stepDefinition.GeneralStep.box_filled_by(java.lang.String,java.lang.String)&amp#27;[0m
  &amp#27;[36mWhen &amp#27;[0m&amp#27;[36muser clicks on &amp#27;[0m&amp#27;[36m&amp#27;[1m"Detachment Reagent"&amp#27;[0m&amp#27;[36m select box&amp#27;[0m                        &amp#27;[90m# stepDefinition.GeneralStep.user_clicks_on_select_box(java.lang.String)&amp#27;[0m
  &amp#27;[36mThen &amp#27;[0m&amp#27;[36mmodal &amp#27;[0m&amp#27;[36m&amp#27;[1m"Select Detachment Selection"&amp#27;[0m&amp#27;[36m confirmation is displayed&amp#27;[0m         &amp#27;[90m# stepDefinition.GeneralStep.modal_confirmation_is_displayed(java.lang.String)&amp#27;[0m
  &amp#27;[36mWhen &amp#27;[0m&amp#27;[36muser choose item &amp#27;[0m&amp#27;[36m&amp#27;[1m"Trypsin"&amp#27;[0m&amp#27;[36m in modal select&amp#27;[0m                            &amp#27;[90m# stepDefinition.GeneralStep.user_choose_item_in_modal_select(java.lang.String)&amp#27;[0m
  &amp#27;[36mThen &amp#27;[0m&amp#27;[36m&amp#27;[0m&amp#27;[36m&amp#27;[1m"Trypsin"&amp#27;[0m&amp#27;[36m item is selected in the modal&amp#27;[0m                               &amp#27;[90m# stepDefinition.GeneralStep.item_is_selected_in_the_modal(java.lang.String)&amp#27;[0m
  &amp#27;[36mWhen &amp#27;[0m&amp#27;[36muser clicks on &amp#27;[0m&amp#27;[36m&amp#27;[1m"OK"&amp#27;[0m&amp#27;[36m button&amp#27;[0m                                            &amp#27;[90m# stepDefinition.GeneralStep.user_clicks_on_button(java.lang.String)&amp#27;[0m
  &amp#27;[36mThen &amp#27;[0m&amp#27;[36mselect box &amp#27;[0m&amp#27;[36m&amp#27;[1m"Detachment Reagent"&amp#27;[0m&amp#27;[36m filled by &amp#27;[0m&amp#27;[36m&amp#27;[1m"Trypsin"&amp#27;[0m                   &amp#27;[90m# stepDefinition.GeneralStep.select_box_filled_by(java.lang.String,java.lang.String)&amp#27;[0m
  &amp#27;[36mWhen &amp#27;[0m&amp#27;[36muser &amp#27;[0m&amp#27;[36m&amp#27;[1m"type"&amp#27;[0m&amp#27;[36m on box &amp#27;[0m&amp#27;[36m&amp#27;[1m"Detachment Reagent Volume"&amp#27;[0m&amp#27;[36m as &amp#27;[0m&amp#27;[36m&amp#27;[1m"600"&amp#27;[0m               &amp#27;[90m# stepDefinition.GeneralStep.user_on_box_as(java.lang.String,java.lang.String,java.lang.String)&amp#27;[0m
  &amp#27;[36mThen &amp#27;[0m&amp#27;[36mbox &amp#27;[0m&amp#27;[36m&amp#27;[1m"Detachment Reagent Volume"&amp#27;[0m&amp#27;[36m filled by &amp#27;[0m&amp#27;[36m&amp#27;[1m"600"&amp#27;[0m                       &amp#27;[90m# stepDefinition.GeneralStep.box_filled_by(java.lang.String,java.lang.String)&amp#27;[0m
  &amp#27;[36mWhen &amp#27;[0m&amp#27;[36muser &amp#27;[0m&amp#27;[36m&amp#27;[1m"type"&amp#27;[0m&amp#27;[36m on box &amp#27;[0m&amp#27;[36m&amp#27;[1m"Detachment Reagent Incubation Time"&amp#27;[0m&amp#27;[36m as &amp#27;[0m&amp#27;[36m&amp#27;[1m"15"&amp#27;[0m       &amp#27;[90m# stepDefinition.GeneralStep.user_on_box_as(java.lang.String,java.lang.String,java.lang.String)&amp#27;[0m
  &amp#27;[36mThen &amp#27;[0m&amp#27;[36mbox &amp#27;[0m&amp#27;[36m&amp#27;[1m"Detachment Reagent Incubation Time"&amp#27;[0m&amp#27;[36m filled by &amp#27;[0m&amp#27;[36m&amp#27;[1m"15"&amp#27;[0m               &amp#27;[90m# stepDefinition.GeneralStep.box_filled_by(java.lang.String,java.lang.String)&amp#27;[0m
  &amp#27;[36mWhen &amp#27;[0m&amp#27;[36muser &amp#27;[0m&amp#27;[36m&amp#27;[1m"type"&amp#27;[0m&amp#27;[36m on box &amp#27;[0m&amp#27;[36m&amp#27;[1m"Passage Ratio"&amp#27;[0m&amp#27;[36m as &amp#27;[0m&amp#27;[36m&amp#27;[1m"3"&amp#27;[0m                             &amp#27;[90m# stepDefinition.GeneralStep.user_on_box_as(java.lang.String,java.lang.String,java.lang.String)&amp#27;[0m
  &amp#27;[36mThen &amp#27;[0m&amp#27;[36mbox &amp#27;[0m&amp#27;[36m&amp#27;[1m"Passage Ratio"&amp#27;[0m&amp#27;[36m filled by &amp#27;[0m&amp#27;[36m&amp#27;[1m"3"&amp#27;[0m                                     &amp#27;[90m# stepDefinition.GeneralStep.box_filled_by(java.lang.String,java.lang.String)&amp#27;[0m
  &amp#27;[36mWhen &amp#27;[0m&amp#27;[36muser &amp#27;[0m&amp#27;[36m&amp#27;[1m"type"&amp#27;[0m&amp#27;[36m on box &amp#27;[0m&amp#27;[36m&amp#27;[1m"Adhering Time"&amp#27;[0m&amp#27;[36m as &amp#27;[0m&amp#27;[36m&amp#27;[1m"6"&amp#27;[0m                             &amp#27;[90m# stepDefinition.GeneralStep.user_on_box_as(java.lang.String,java.lang.String,java.lang.String)&amp#27;[0m
  &amp#27;[36mThen &amp#27;[0m&amp#27;[36mbox &amp#27;[0m&amp#27;[36m&amp#27;[1m"Adhering Time"&amp#27;[0m&amp#27;[36m filled by &amp#27;[0m&amp#27;[36m&amp#27;[1m"6"&amp#27;[0m                                     &amp#27;[90m# stepDefinition.GeneralStep.box_filled_by(java.lang.String,java.lang.String)&amp#27;[0m
  &amp#27;[36mWhen &amp#27;[0m&amp#27;[36muser clicks to check on &amp#27;[0m&amp#27;[36m&amp#27;[1m"Imaging Interval"&amp#27;[0m&amp#27;[36m checkbox&amp#27;[0m                   &amp#27;[90m# stepDefinition.GeneralStep.user_clicks_to_check_on_checkbox(java.lang.String)&amp#27;[0m
  &amp#27;[36mWhen &amp#27;[0m&amp#27;[36muser type on box Imaging Interval as &amp#27;[0m&amp#27;[36m&amp#27;[1m"12"&amp#27;[0m                             &amp#27;[90m# stepDefinition.CellLineStep.user_type_on_box_imaging_interval_as(java.lang.String)&amp#27;[0m
  &amp#27;[36mThen &amp#27;[0m&amp#27;[36mbox Imaging Interval filled by &amp#27;[0m&amp#27;[36m&amp#27;[1m"12"&amp#27;[0m                                   &amp#27;[90m# stepDefinition.CellLineStep.box_Imaging_interval_filled_by(java.lang.String)&amp#27;[0m
  &amp#27;[36mWhen &amp#27;[0m&amp#27;[36muser &amp#27;[0m&amp#27;[36m&amp#27;[1m"type"&amp#27;[0m&amp#27;[36m on box &amp#27;[0m&amp#27;[36m&amp#27;[1m"Estimated Doubling Time"&amp#27;[0m&amp#27;[36m as &amp#27;[0m&amp#27;[36m&amp#27;[1m"48"&amp#27;[0m                  &amp#27;[90m# stepDefinition.GeneralStep.user_on_box_as(java.lang.String,java.lang.String,java.lang.String)&amp#27;[0m
  &amp#27;[36mThen &amp#27;[0m&amp#27;[36mbox &amp#27;[0m&amp#27;[36m&amp#27;[1m"Estimated Doubling Time"&amp#27;[0m&amp#27;[36m filled by &amp#27;[0m&amp#27;[36m&amp#27;[1m"48"&amp#27;[0m                          &amp#27;[90m# stepDefinition.GeneralStep.box_filled_by(java.lang.String,java.lang.String)&amp#27;[0m
  &amp#27;[36mWhen &amp#27;[0m&amp#27;[36muser &amp#27;[0m&amp#27;[36m&amp#27;[1m"type"&amp#27;[0m&amp#27;[36m on box &amp#27;[0m&amp#27;[36m&amp#27;[1m"Cell Density/cm2"&amp#27;[0m&amp#27;[36m as &amp#27;[0m&amp#27;[36m&amp#27;[1m"9"&amp#27;[0m                          &amp#27;[90m# stepDefinition.GeneralStep.user_on_box_as(java.lang.String,java.lang.String,java.lang.String)&amp#27;[0m
  &amp#27;[36mThen &amp#27;[0m&amp#27;[36mbox &amp#27;[0m&amp#27;[36m&amp#27;[1m"Cell Density/cm2"&amp#27;[0m&amp#27;[36m filled by &amp#27;[0m&amp#27;[36m&amp#27;[1m"9"&amp#27;[0m                                  &amp#27;[90m# stepDefinition.GeneralStep.box_filled_by(java.lang.String,java.lang.String)&amp#27;[0m
  &amp#27;[36mWhen &amp#27;[0m&amp#27;[36muser &amp#27;[0m&amp#27;[36m&amp#27;[1m"type"&amp#27;[0m&amp#27;[36m on box Cell Dye Ratio as &amp#27;[0m&amp#27;[36m&amp#27;[1m"1"&amp#27;[0m&amp#27;[36m to &amp#27;[0m&amp#27;[36m&amp#27;[1m"1"&amp#27;[0m                       &amp#27;[90m# stepDefinition.CellLineStep.user_on_box_cell_dye_ratio_as_to(java.lang.String,java.lang.String,java.lang.String)&amp#27;[0m
  &amp#27;[36mThen &amp#27;[0m&amp#27;[36mbox Cell Dye Ratio filled by &amp#27;[0m&amp#27;[36m&amp#27;[1m"1"&amp#27;[0m&amp#27;[36m to &amp#27;[0m&amp#27;[36m&amp#27;[1m"1"&amp#27;[0m                               &amp#27;[90m# stepDefinition.CellLineStep.box_cell_dye_ratio_filled_by_to(java.lang.String,java.lang.String)&amp#27;[0m
  &amp#27;[36mWhen &amp#27;[0m&amp#27;[36muser clicks on &amp#27;[0m&amp#27;[36m&amp#27;[1m"Save"&amp#27;[0m&amp#27;[36m button&amp#27;[0m                                          &amp#27;[90m# stepDefinition.GeneralStep.user_clicks_on_button(java.lang.String)&amp#27;[0m
  &amp#27;[36mThen &amp#27;[0m&amp#27;[36mnotification &amp#27;[0m&amp#27;[36m&amp#27;[1m"Success"&amp#27;[0m&amp#27;[36m and &amp#27;[0m&amp#27;[36m&amp#27;[1m"Cell Lines has been created"&amp#27;[0m&amp#27;[36m is displayed&amp#27;[0m &amp#27;[90m# stepDefinition.GeneralStep.notification_and_is_displayed(java.lang.String,java.lang.String)&amp#27;[0m
  &amp#27;[36mAnd &amp#27;[0m&amp#27;[36muser is navigated to &amp#27;[0m&amp#27;[36m&amp#27;[1m"Cell Line"&amp#27;[0m&amp#27;[36m page&amp#27;[0m                                  &amp#27;[90m# stepDefinition.GeneralStep.user_is_navigated_to_page(java.lang.String)&amp#27;[0m
  &amp#27;[36mWhen &amp#27;[0m&amp#27;[36muser clicks detail button of item &amp#27;[0m&amp#27;[36m&amp#27;[1m"my cell 7"&amp#27;[0m                         &amp#27;[90m# stepDefinition.GeneralStep.user_clicks_detail_button_of_item(java.lang.String)&amp#27;[0m
  &amp#27;[36mThen &amp#27;[0m&amp#27;[36mdata new cell line will show&amp#27;[0m                                          &amp#27;[90m# stepDefinition.GeneralStep.data_new_cell_line_will_show(io.cucumber.datatable.DataTable)&amp#27;[0m
    | Name      | Organism | Tissue | Morphology | Disease           | Notes                        | Passage After | Media Selection | Media Replacement | Detachment Reagent | Detachment Reagent Volume | Detachment Reagent Incubation Time | Passage Ratio | Adhering Time | Using Imaging | Estimated Doubling Time | Cell Density/cm2 | Cell Dilution Ratio | Dye Dilution Ratio |
    | my cell 7 | Mouse    | Embryo | Fibroblast | mimic human liver | sample cell from mouse liver | 24 hour(s)    | DMEM FBS 10     | 100%              | Trypsin            | 600.0 ÂµL                  | 15 minute(s)                       | 1 : 3         | 6 hour(s)     | Yes           | 48 hour(s)              | 90000 x104       | 1                   | 1                  |
  &amp#27;[36mWhen &amp#27;[0m&amp#27;[36muser clicks on &amp#27;[0m&amp#27;[36m&amp#27;[1m"Create"&amp#27;[0m&amp#27;[36m button&amp#27;[0m                                        &amp#27;[90m# stepDefinition.GeneralStep.user_clicks_on_button(java.lang.String)&amp#27;[0m
  &amp#27;[36mThen &amp#27;[0m&amp#27;[36muser is navigated to &amp#27;[0m&amp#27;[36m&amp#27;[1m"Create Cell Lines"&amp#27;[0m&amp#27;[36m page&amp#27;[0m                         &amp#27;[90m# stepDefinition.GeneralStep.user_is_navigated_to_page(java.lang.String)&amp#27;[0m
  &amp#27;[36mWhen &amp#27;[0m&amp#27;[36muser &amp#27;[0m&amp#27;[36m&amp#27;[1m"type"&amp#27;[0m&amp#27;[36m &amp#27;[0m&amp#27;[36m&amp#27;[1m"my cell 8"&amp#27;[0m&amp#27;[36m in &amp#27;[0m&amp#27;[36m&amp#27;[1m"name"&amp#27;[0m&amp#27;[36m textbox&amp#27;[0m                             &amp#27;[90m# stepDefinition.GeneralStep.user_in_textbox(java.lang.String,java.lang.String,java.lang.String)&amp#27;[0m
  &amp#27;[36mThen &amp#27;[0m&amp#27;[36mtextbox &amp#27;[0m&amp#27;[36m&amp#27;[1m"name"&amp#27;[0m&amp#27;[36m will fill by &amp#27;[0m&amp#27;[36m&amp#27;[1m"my cell 8"&amp#27;[0m                               &amp#27;[90m# stepDefinition.GeneralStep.textbox_will_fill_by(java.lang.String,java.lang.String)&amp#27;[0m
  &amp#27;[36mWhen &amp#27;[0m&amp#27;[36muser fill textbox &amp#27;[0m&amp#27;[36m&amp#27;[1m"organism"&amp#27;[0m&amp#27;[36m as &amp#27;[0m&amp#27;[36m&amp#27;[1m"Mouse"&amp#27;[0m                               &amp#27;[90m# stepDefinition.GeneralStep.user_fill_box_as(java.lang.String,java.lang.String)&amp#27;[0m
  &amp#27;[36mThen &amp#27;[0m&amp#27;[36mtextbox &amp#27;[0m&amp#27;[36m&amp#27;[1m"organism"&amp#27;[0m&amp#27;[36m filled by &amp#27;[0m&amp#27;[36m&amp#27;[1m"Mouse"&amp#27;[0m                                  &amp#27;[90m# stepDefinition.GeneralStep.textbox_filled_by(java.lang.String,java.lang.String)&amp#27;[0m
  &amp#27;[36mWhen &amp#27;[0m&amp#27;[36muser fill textbox &amp#27;[0m&amp#27;[36m&amp#27;[1m"tissue"&amp#27;[0m&amp#27;[36m as &amp#27;[0m&amp#27;[36m&amp#27;[1m"Embryo"&amp#27;[0m                                &amp#27;[90m# stepDefinition.GeneralStep.user_fill_box_as(java.lang.String,java.lang.String)&amp#27;[0m
  &amp#27;[36mThen &amp#27;[0m&amp#27;[36mtextbox &amp#27;[0m&amp#27;[36m&amp#27;[1m"tissue"&amp#27;[0m&amp#27;[36m filled by &amp#27;[0m&amp#27;[36m&amp#27;[1m"Embryo"&amp#27;[0m                                   &amp#27;[90m# stepDefinition.GeneralStep.textbox_filled_by(java.lang.String,java.lang.String)&amp#27;[0m
  &amp#27;[36mWhen &amp#27;[0m&amp#27;[36muser fill textbox &amp#27;[0m&amp#27;[36m&amp#27;[1m"morphology"&amp#27;[0m&amp#27;[36m as &amp#27;[0m&amp#27;[36m&amp#27;[1m"Fibroblast"&amp#27;[0m                        &amp#27;[90m# stepDefinition.GeneralStep.user_fill_box_as(java.lang.String,java.lang.String)&amp#27;[0m
  &amp#27;[36mThen &amp#27;[0m&amp#27;[36mtextbox &amp#27;[0m&amp#27;[36m&amp#27;[1m"morphology"&amp#27;[0m&amp#27;[36m filled by &amp#27;[0m&amp#27;[36m&amp#27;[1m"Fibroblast"&amp#27;[0m                           &amp#27;[90m# stepDefinition.GeneralStep.textbox_filled_by(java.lang.String,java.lang.String)&amp#27;[0m
  &amp#27;[36mWhen &amp#27;[0m&amp#27;[36muser &amp#27;[0m&amp#27;[36m&amp#27;[1m"type"&amp#27;[0m&amp#27;[36m &amp#27;[0m&amp#27;[36m&amp#27;[1m"mimic human liver"&amp#27;[0m&amp#27;[36m in &amp#27;[0m&amp#27;[36m&amp#27;[1m"disease"&amp#27;[0m&amp#27;[36m textbox&amp#27;[0m                  &amp#27;[90m# stepDefinition.GeneralStep.user_in_textbox(java.lang.String,java.lang.String,java.lang.String)&amp#27;[0m
  &amp#27;[36mThen &amp#27;[0m&amp#27;[36mtextbox &amp#27;[0m&amp#27;[36m&amp#27;[1m"disease"&amp#27;[0m&amp#27;[36m will fill by &amp#27;[0m&amp#27;[36m&amp#27;[1m"mimic human liver"&amp#27;[0m                    &amp#27;[90m# stepDefinition.GeneralStep.textbox_will_fill_by(java.lang.String,java.lang.String)&amp#27;[0m
  &amp#27;[36mWhen &amp#27;[0m&amp#27;[36muser &amp#27;[0m&amp#27;[36m&amp#27;[1m"type"&amp#27;[0m&amp#27;[36m &amp#27;[0m&amp#27;[36m&amp#27;[1m"sample cell from mouse liver"&amp#27;[0m&amp#27;[36m in &amp#27;[0m&amp#27;[36m&amp#27;[1m"notes"&amp#27;[0m&amp#27;[36m textbox&amp#27;[0m         &amp#27;[90m# stepDefinition.GeneralStep.user_in_textbox(java.lang.String,java.lang.String,java.lang.String)&amp#27;[0m
  &amp#27;[36mThen &amp#27;[0m&amp#27;[36mtextbox &amp#27;[0m&amp#27;[36m&amp#27;[1m"notes"&amp#27;[0m&amp#27;[36m will fill by &amp#27;[0m&amp#27;[36m&amp#27;[1m"sample cell from mouse liver"&amp#27;[0m           &amp#27;[90m# stepDefinition.GeneralStep.textbox_will_fill_by(java.lang.String,java.lang.String)&amp#27;[0m
  &amp#27;[36mWhen &amp#27;[0m&amp#27;[36muser select &amp#27;[0m&amp#27;[36m&amp#27;[1m"confluency"&amp#27;[0m&amp#27;[36m radio&amp#27;[0m                                        &amp#27;[90m# stepDefinition.GeneralStep.user_select_radio(java.lang.String)&amp#27;[0m
  &amp#27;[36mThen &amp#27;[0m&amp#27;[36mradio &amp#27;[0m&amp#27;[36m&amp#27;[1m"confluency"&amp#27;[0m&amp#27;[36m is selected&amp#27;[0m                                        &amp#27;[90m# stepDefinition.GeneralStep.radio_is_selected(java.lang.String)&amp#27;[0m
  &amp#27;[36mAnd &amp#27;[0m&amp#27;[36mcheckbox &amp#27;[0m&amp#27;[36m&amp#27;[1m"Imaging Interval"&amp#27;[0m&amp#27;[36m is disable&amp#27;[0m                                 &amp#27;[90m# stepDefinition.CellLineStep.checkbox_is_disable(java.lang.String)&amp#27;[0m
  &amp#27;[36mWhen &amp#27;[0m&amp#27;[36muser type cell line confluency as &amp#27;[0m&amp#27;[36m&amp#27;[1m"80"&amp#27;[0m                                &amp#27;[90m# stepDefinition.CellLineStep.user_type_cell_line_confluency_as(java.lang.String)&amp#27;[0m
  &amp#27;[36mThen &amp#27;[0m&amp#27;[36mcell line confluency is filled by &amp#27;[0m&amp#27;[36m&amp#27;[1m"80"&amp#27;[0m                                &amp#27;[90m# stepDefinition.CellLineStep.cell_line_confluency_is_filled_by(java.lang.String)&amp#27;[0m
  &amp#27;[36mWhen &amp#27;[0m&amp#27;[36muser clicks on &amp#27;[0m&amp#27;[36m&amp#27;[1m"Media Selection"&amp#27;[0m&amp#27;[36m select box&amp#27;[0m                           &amp#27;[90m# stepDefinition.GeneralStep.user_clicks_on_select_box(java.lang.String)&amp#27;[0m
  &amp#27;[36mThen &amp#27;[0m&amp#27;[36mmodal &amp#27;[0m&amp#27;[36m&amp#27;[1m"Select Media Selection"&amp#27;[0m&amp#27;[36m confirmation is displayed&amp#27;[0m              &amp#27;[90m# stepDefinition.GeneralStep.modal_confirmation_is_displayed(java.lang.String)&amp#27;[0m
  &amp#27;[36mWhen &amp#27;[0m&amp#27;[36muser choose item &amp#27;[0m&amp#27;[36m&amp#27;[1m"DMEM FBS 10"&amp#27;[0m&amp#27;[36m in modal select&amp#27;[0m                        &amp#27;[90m# stepDefinition.GeneralStep.user_choose_item_in_modal_select(java.lang.String)&amp#27;[0m
  &amp#27;[36mThen &amp#27;[0m&amp#27;[36m&amp#27;[0m&amp#27;[36m&amp#27;[1m"DMEM FBS 10"&amp#27;[0m&amp#27;[36m item is selected in the modal&amp#27;[0m                           &amp#27;[90m# stepDefinitio]]></system-out>
    <system-err><![CDATA[[main] INFO io.github.bonigarcia.wdm.WebDriverManager - Using chromedriver 104.0.5112.79 (resolved driver for Chrome 104)
[main] INFO io.github.bonigarcia.wdm.WebDriverManager - Exporting webdriver.chrome.driver as C:\Users\smith\.cache\selenium\chromedriver\win32\104.0.5112.79\chromedriver.exe
Starting ChromeDriver 104.0.5112.79 (3cf3e8c8a07d104b9e1260c910efb8f383285dc5-refs/branch-heads/5112@{#1307}) on port 49541
Only local connections are allowed.
Please see https://chromedriver.chromium.org/security-considerations for suggestions on keeping ChromeDriver safe.
ChromeDriver was started successfully.
Aug 26, 2022 10:27:16 AM org.openqa.selenium.remote.ProtocolHandshake createSession
INFO: Detected upstream dialect: W3C
Aug 26, 2022 10:27:16 AM org.openqa.selenium.devtools.CdpVersionFinder findNearestMatch
INFO: Found exact CDP implementation for version 104
[AsyncHttpClient-1-4] WARN org.asynchttpclient.netty.handler.WebSocketHandler - onError
java.net.SocketException: Connection reset
	at java.base/sun.nio.ch.SocketChannelImpl.throwConnectionReset(SocketChannelImpl.java:394)
	at java.base/sun.nio.ch.SocketChannelImpl.read(SocketChannelImpl.java:426)
	at io.netty.buffer.PooledByteBuf.setBytes(PooledByteBuf.java:258)
	at io.netty.buffer.AbstractByteBuf.writeBytes(AbstractByteBuf.java:1132)
	at io.netty.channel.socket.nio.NioSocketChannel.doReadBytes(NioSocketChannel.java:357)
	at io.netty.channel.nio.AbstractNioByteChannel$NioByteUnsafe.read(AbstractNioByteChannel.java:151)
	at io.netty.channel.nio.NioEventLoop.processSelectedKey(NioEventLoop.java:722)
	at io.netty.channel.nio.NioEventLoop.processSelectedKeysOptimized(NioEventLoop.java:658)
	at io.netty.channel.nio.NioEventLoop.processSelectedKeys(NioEventLoop.java:584)
	at io.netty.channel.nio.NioEventLoop.run(NioEventLoop.java:496)
	at io.netty.util.concurrent.SingleThreadEventExecutor$4.run(SingleThreadEventExecutor.java:997)
	at io.netty.util.internal.ThreadExecutorMap$2.run(ThreadExecutorMap.java:74)
	at io.netty.util.concurrent.FastThreadLocalRunnable.run(FastThreadLocalRunnable.java:30)
	at java.base/java.lang.Thread.run(Thread.java:833)
Aug 26, 2022 10:27:32 AM org.openqa.selenium.remote.http.WebSocket$Listener onError
WARNING: Connection reset
java.net.SocketException: Connection reset
	at java.base/sun.nio.ch.SocketChannelImpl.throwConnectionReset(SocketChannelImpl.java:394)
	at java.base/sun.nio.ch.SocketChannelImpl.read(SocketChannelImpl.java:426)
	at io.netty.buffer.PooledByteBuf.setBytes(PooledByteBuf.java:258)
	at io.netty.buffer.AbstractByteBuf.writeBytes(AbstractByteBuf.java:1132)
	at io.netty.channel.socket.nio.NioSocketChannel.doReadBytes(NioSocketChannel.java:357)
	at io.netty.channel.nio.AbstractNioByteChannel$NioByteUnsafe.read(AbstractNioByteChannel.java:151)
	at io.netty.channel.nio.NioEventLoop.processSelectedKey(NioEventLoop.java:722)
	at io.netty.channel.nio.NioEventLoop.processSelectedKeysOptimized(NioEventLoop.java:658)
	at io.netty.channel.nio.NioEventLoop.processSelectedKeys(NioEventLoop.java:584)
	at io.netty.channel.nio.NioEventLoop.run(NioEventLoop.java:496)
	at io.netty.util.concurrent.SingleThreadEventExecutor$4.run(SingleThreadEventExecutor.java:997)
	at io.netty.util.internal.ThreadExecutorMap$2.run(ThreadExecutorMap.java:74)
	at io.netty.util.concurrent.FastThreadLocalRunnable.run(FastThreadLocalRunnable.java:30)
	at java.base/java.lang.Thread.run(Thread.java:833)

]]></system-err>
  </testcase>
  <testcase name="Create New Cell Line" classname="CC-1043:Create new Cell Line by filling all fields" time="14.81">
    <system-out><![CDATA[n.GeneralStep.item_is_selected_in_the_modal(java.lang.String)&amp#27;[0m
  &amp#27;[36mWhen &amp#27;[0m&amp#27;[36muser clicks on &amp#27;[0m&amp#27;[36m&amp#27;[1m"OK"&amp#27;[0m&amp#27;[36m button&amp#27;[0m                                            &amp#27;[90m# stepDefinition.GeneralStep.user_clicks_on_button(java.lang.String)&amp#27;[0m
  &amp#27;[36mThen &amp#27;[0m&amp#27;[36mselect box &amp#27;[0m&amp#27;[36m&amp#27;[1m"Media Selection"&amp#27;[0m&amp#27;[36m filled by &amp#27;[0m&amp#27;[36m&amp#27;[1m"DMEM FBS 10"&amp#27;[0m                  &amp#27;[90m# stepDefinition.GeneralStep.select_box_filled_by(java.lang.String,java.lang.String)&amp#27;[0m
  &amp#27;[36mWhen &amp#27;[0m&amp#27;[36muser select &amp#27;[0m&amp#27;[36m&amp#27;[1m"100%"&amp#27;[0m&amp#27;[36m on Media Replacement persentage&amp#27;[0m                    &amp#27;[90m# stepDefinition.CellLineStep.user_select_on_media_replacement_persentage(java.lang.String)&amp#27;[0m
  &amp#27;[36mThen &amp#27;[0m&amp#27;[36mMedia Replacement persentage filled by &amp#27;[0m&amp#27;[36m&amp#27;[1m"100%"&amp#27;[0m                         &amp#27;[90m# stepDefinition.CellLineStep.media_replacement_persentage_filled_by(java.lang.String)&amp#27;[0m
  &amp#27;[36mWhen &amp#27;[0m&amp#27;[36muser &amp#27;[0m&amp#27;[36m&amp#27;[1m"type"&amp#27;[0m&amp#27;[36m on box &amp#27;[0m&amp#27;[36m&amp#27;[1m"Feeding Interval"&amp#27;[0m&amp#27;[36m as &amp#27;[0m&amp#27;[36m&amp#27;[1m"48"&amp#27;[0m                         &amp#27;[90m# stepDefinition.GeneralStep.user_on_box_as(java.lang.String,java.lang.String,java.lang.String)&amp#27;[0m
  &amp#27;[36mThen &amp#27;[0m&amp#27;[36mbox &amp#27;[0m&amp#27;[36m&amp#27;[1m"Feeding Interval"&amp#27;[0m&amp#27;[36m filled by &amp#27;[0m&amp#27;[36m&amp#27;[1m"48"&amp#27;[0m                                 &amp#27;[90m# stepDefinition.GeneralStep.box_filled_by(java.lang.String,java.lang.String)&amp#27;[0m
  &amp#27;[36mWhen &amp#27;[0m&amp#27;[36muser clicks on &amp#27;[0m&amp#27;[36m&amp#27;[1m"Detachment Reagent"&amp#27;[0m&amp#27;[36m select box&amp#27;[0m                        &amp#27;[90m# stepDefinition.GeneralStep.user_clicks_on_select_box(java.lang.String)&amp#27;[0m
  &amp#27;[36mThen &amp#27;[0m&amp#27;[36mmodal &amp#27;[0m&amp#27;[36m&amp#27;[1m"Select Detachment Selection"&amp#27;[0m&amp#27;[36m confirmation is displayed&amp#27;[0m         &amp#27;[90m# stepDefinition.GeneralStep.modal_confirmation_is_displayed(java.lang.String)&amp#27;[0m
  &amp#27;[36mWhen &amp#27;[0m&amp#27;[36muser choose item &amp#27;[0m&amp#27;[36m&amp#27;[1m"Trypsin"&amp#27;[0m&amp#27;[36m in modal select&amp#27;[0m                            &amp#27;[90m# stepDefinition.GeneralStep.user_choose_item_in_modal_select(java.lang.String)&amp#27;[0m
  &amp#27;[36mThen &amp#27;[0m&amp#27;[36m&amp#27;[0m&amp#27;[36m&amp#27;[1m"Trypsin"&amp#27;[0m&amp#27;[36m item is selected in the modal&amp#27;[0m                               &amp#27;[90m# stepDefinition.GeneralStep.item_is_selected_in_the_modal(java.lang.String)&amp#27;[0m
  &amp#27;[36mWhen &amp#27;[0m&amp#27;[36muser clicks on &amp#27;[0m&amp#27;[36m&amp#27;[1m"OK"&amp#27;[0m&amp#27;[36m button&amp#27;[0m                                            &amp#27;[90m# stepDefinition.GeneralStep.user_clicks_on_button(java.lang.String)&amp#27;[0m
  &amp#27;[36mThen &amp#27;[0m&amp#27;[36mselect box &amp#27;[0m&amp#27;[36m&amp#27;[1m"Detachment Reagent"&amp#27;[0m&amp#27;[36m filled by &amp#27;[0m&amp#27;[36m&amp#27;[1m"Trypsin"&amp#27;[0m                   &amp#27;[90m# stepDefinition.GeneralStep.select_box_filled_by(java.lang.String,java.lang.String)&amp#27;[0m
  &amp#27;[36mWhen &amp#27;[0m&amp#27;[36muser &amp#27;[0m&amp#27;[36m&amp#27;[1m"type"&amp#27;[0m&amp#27;[36m on box &amp#27;[0m&amp#27;[36m&amp#27;[1m"Detachment Reagent Volume"&amp#27;[0m&amp#27;[36m as &amp#27;[0m&amp#27;[36m&amp#27;[1m"600"&amp#27;[0m               &amp#27;[90m# stepDefinition.GeneralStep.user_on_box_as(java.lang.String,java.lang.String,java.lang.String)&amp#27;[0m
  &amp#27;[36mThen &amp#27;[0m&amp#27;[36mbox &amp#27;[0m&amp#27;[36m&amp#27;[1m"Detachment Reagent Volume"&amp#27;[0m&amp#27;[36m filled by &amp#27;[0m&amp#27;[36m&amp#27;[1m"600"&amp#27;[0m                       &amp#27;[90m# stepDefinition.GeneralStep.box_filled_by(java.lang.String,java.lang.String)&amp#27;[0m
  &amp#27;[36mWhen &amp#27;[0m&amp#27;[36muser &amp#27;[0m&amp#27;[36m&amp#27;[1m"type"&amp#27;[0m&amp#27;[36m on box &amp#27;[0m&amp#27;[36m&amp#27;[1m"Detachment Reagent Incubation Time"&amp#27;[0m&amp#27;[36m as &amp#27;[0m&amp#27;[36m&amp#27;[1m"15"&amp#27;[0m       &amp#27;[90m# stepDefinition.GeneralStep.user_on_box_as(java.lang.String,java.lang.String,java.lang.String)&amp#27;[0m
  &amp#27;[36mThen &amp#27;[0m&amp#27;[36mbox &amp#27;[0m&amp#27;[36m&amp#27;[1m"Detachment Reagent Incubation Time"&amp#27;[0m&amp#27;[36m filled by &amp#27;[0m&amp#27;[36m&amp#27;[1m"15"&amp#27;[0m               &amp#27;[90m# stepDefinition.GeneralStep.box_filled_by(java.lang.String,java.lang.String)&amp#27;[0m
  &amp#27;[36mWhen &amp#27;[0m&amp#27;[36muser &amp#27;[0m&amp#27;[36m&amp#27;[1m"type"&amp#27;[0m&amp#27;[36m on box &amp#27;[0m&amp#27;[36m&amp#27;[1m"Passage Ratio"&amp#27;[0m&amp#27;[36m as &amp#27;[0m&amp#27;[36m&amp#27;[1m"3"&amp#27;[0m                             &amp#27;[90m# stepDefinition.GeneralStep.user_on_box_as(java.lang.String,java.lang.String,java.lang.String)&amp#27;[0m
  &amp#27;[36mThen &amp#27;[0m&amp#27;[36mbox &amp#27;[0m&amp#27;[36m&amp#27;[1m"Passage Ratio"&amp#27;[0m&amp#27;[36m filled by &amp#27;[0m&amp#27;[36m&amp#27;[1m"3"&amp#27;[0m                                     &amp#27;[90m# stepDefinition.GeneralStep.box_filled_by(java.lang.String,java.lang.String)&amp#27;[0m
  &amp#27;[36mWhen &amp#27;[0m&amp#27;[36muser &amp#27;[0m&amp#27;[36m&amp#27;[1m"type"&amp#27;[0m&amp#27;[36m on box &amp#27;[0m&amp#27;[36m&amp#27;[1m"Adhering Time"&amp#27;[0m&amp#27;[36m as &amp#27;[0m&amp#27;[36m&amp#27;[1m"6"&amp#27;[0m                             &amp#27;[90m# stepDefinition.GeneralStep.user_on_box_as(java.lang.String,java.lang.String,java.lang.String)&amp#27;[0m
  &amp#27;[36mThen &amp#27;[0m&amp#27;[36mbox &amp#27;[0m&amp#27;[36m&amp#27;[1m"Adhering Time"&amp#27;[0m&amp#27;[36m filled by &amp#27;[0m&amp#27;[36m&amp#27;[1m"6"&amp#27;[0m                                     &amp#27;[90m# stepDefinition.GeneralStep.box_filled_by(java.lang.String,java.lang.String)&amp#27;[0m
  &amp#27;[36mWhen &amp#27;[0m&amp#27;[36muser type on box Imaging Interval as &amp#27;[0m&amp#27;[36m&amp#27;[1m"48"&amp#27;[0m                             &amp#27;[90m# stepDefinition.CellLineStep.user_type_on_box_imaging_interval_as(java.lang.String)&amp#27;[0m
  &amp#27;[36mThen &amp#27;[0m&amp#27;[36mbox Imaging Interval filled by &amp#27;[0m&amp#27;[36m&amp#27;[1m"48"&amp#27;[0m                                   &amp#27;[90m# stepDefinition.CellLineStep.box_Imaging_interval_filled_by(java.lang.String)&amp#27;[0m
  &amp#27;[36mWhen &amp#27;[0m&amp#27;[36muser &amp#27;[0m&amp#27;[36m&amp#27;[1m"type"&amp#27;[0m&amp#27;[36m on box &amp#27;[0m&amp#27;[36m&amp#27;[1m"Estimated Doubling Time"&amp#27;[0m&amp#27;[36m as &amp#27;[0m&amp#27;[36m&amp#27;[1m"48"&amp#27;[0m                  &amp#27;[90m# stepDefinition.GeneralStep.user_on_box_as(java.lang.String,java.lang.String,java.lang.String)&amp#27;[0m
  &amp#27;[36mThen &amp#27;[0m&amp#27;[36mbox &amp#27;[0m&amp#27;[36m&amp#27;[1m"Estimated Doubling Time"&amp#27;[0m&amp#27;[36m filled by &amp#27;[0m&amp#27;[36m&amp#27;[1m"48"&amp#27;[0m                          &amp#27;[90m# stepDefinition.GeneralStep.box_filled_by(java.lang.String,java.lang.String)&amp#27;[0m
  &amp#27;[36mWhen &amp#27;[0m&amp#27;[36muser &amp#27;[0m&amp#27;[36m&amp#27;[1m"type"&amp#27;[0m&amp#27;[36m on box &amp#27;[0m&amp#27;[36m&amp#27;[1m"Cell Density/cm2"&amp#27;[0m&amp#27;[36m as &amp#27;[0m&amp#27;[36m&amp#27;[1m"9"&amp#27;[0m                          &amp#27;[90m# stepDefinition.GeneralStep.user_on_box_as(java.lang.String,java.lang.String,java.lang.String)&amp#27;[0m
  &amp#27;[36mThen &amp#27;[0m&amp#27;[36mbox &amp#27;[0m&amp#27;[36m&amp#27;[1m"Cell Density/cm2"&amp#27;[0m&amp#27;[36m filled by &amp#27;[0m&amp#27;[36m&amp#27;[1m"9"&amp#27;[0m                                  &amp#27;[90m# stepDefinition.GeneralStep.box_filled_by(java.lang.String,java.lang.String)&amp#27;[0m
  &amp#27;[36mWhen &amp#27;[0m&amp#27;[36muser &amp#27;[0m&amp#27;[36m&amp#27;[1m"type"&amp#27;[0m&amp#27;[36m on box Cell Dye Ratio as &amp#27;[0m&amp#27;[36m&amp#27;[1m"1"&amp#27;[0m&amp#27;[36m to &amp#27;[0m&amp#27;[36m&amp#27;[1m"1"&amp#27;[0m                       &amp#27;[90m# stepDefinition.CellLineStep.user_on_box_cell_dye_ratio_as_to(java.lang.String,java.lang.String,java.lang.String)&amp#27;[0m
  &amp#27;[36mThen &amp#27;[0m&amp#27;[36mbox Cell Dye Ratio filled by &amp#27;[0m&amp#27;[36m&amp#27;[1m"1"&amp#27;[0m&amp#27;[36m to &amp#27;[0m&amp#27;[36m&amp#27;[1m"1"&amp#27;[0m                               &amp#27;[90m# stepDefinition.CellLineStep.box_cell_dye_ratio_filled_by_to(java.lang.String,java.lang.String)&amp#27;[0m
  &amp#27;[36mWhen &amp#27;[0m&amp#27;[36muser clicks on &amp#27;[0m&amp#27;[36m&amp#27;[1m"Save"&amp#27;[0m&amp#27;[36m button&amp#27;[0m                                          &amp#27;[90m# stepDefinition.GeneralStep.user_clicks_on_button(java.lang.String)&amp#27;[0m
  &amp#27;[36mThen &amp#27;[0m&amp#27;[36mnotification &amp#27;[0m&amp#27;[36m&amp#27;[1m"Success"&amp#27;[0m&amp#27;[36m and &amp#27;[0m&amp#27;[36m&amp#27;[1m"Cell Lines has been created"&amp#27;[0m&amp#27;[36m is displayed&amp#27;[0m &amp#27;[90m# stepDefinition.GeneralStep.notification_and_is_displayed(java.lang.String,java.lang.String)&amp#27;[0m
  &amp#27;[36mAnd &amp#27;[0m&amp#27;[36muser is navigated to &amp#27;[0m&amp#27;[36m&amp#27;[1m"Cell Line"&amp#27;[0m&amp#27;[36m page&amp#27;[0m                                  &amp#27;[90m# stepDefinition.GeneralStep.user_is_navigated_to_page(java.lang.String)&amp#27;[0m
  &amp#27;[36mWhen &amp#27;[0m&amp#27;[36muser clicks detail button of item &amp#27;[0m&amp#27;[36m&amp#27;[1m"my cell 8"&amp#27;[0m                         &amp#27;[90m# stepDefinition.GeneralStep.user_clicks_detail_button_of_item(java.lang.String)&amp#27;[0m
  &amp#27;[36mThen &amp#27;[0m&amp#27;[36mdata new cell line will show&amp#27;[0m                                          &amp#27;[90m# stepDefinition.GeneralStep.data_new_cell_line_will_show(io.cucumber.datatable.DataTable)&amp#27;[0m
    | Name      | Organism | Tissue | Morphology | Disease           | Notes                        | Passage After  | Media Selection | Media Replacement | Detachment Reagent | Detachment Reagent Volume | Detachment Reagent Incubation Time | Passage Ratio | Adhering Time | Using Imaging | Estimated Doubling Time | Cell Density/cm2 | Cell Dilution Ratio | Dye Dilution Ratio |
    | my cell 8 | Mouse    | Embryo | Fibroblast | mimic human liver | sample cell from mouse liver | 80% Confluency | DMEM FBS 10     | 100%              | Trypsin            | 600.0 ÂµL                  | 15 minute(s)                       | 1 : 3         | 6 hour(s)     | Yes           | 48 hour(s)              | 90000 x104       | 1                   | 1                  |

@cellline @CC-1043_Create_new_Cell_Lbrowser value is: chromeheadless
ine_by_filling_all_fields
Scenario: Create New Cell Line                                               &amp#27;[90m# src/test/resources/features/Cell Line Manager/Create Cell Lines/CC-1043_Create new Cell Line by filling all fields.feature:17&amp#27;[0m
  &amp#27;[32mGiven &amp#27;[0m&amp#27;[32muser has already logged in to application with this credentials&amp#27;[0m      &amp#27;[90m# stepDefinition.LoginPageStep.user_has_already_logged_in_to_application_with_this_credentials(io.cucumber.datatable.DataTable)&amp#27;[0m
    | username | password |
    | admin    | admin    |
  &amp#27;[32mAnd &amp#27;[0m&amp#27;[32muser is navigated to &amp#27;[0m&amp#27;[32m&amp#27;[1m"Dashboard"&amp#27;[0m&amp#27;[32m page&amp#27;[0m                                  &amp#27;[90m# stepDefinition.GeneralStep.user_is_navigated_to_page(java.lang.String)&amp#27;[0m
  &amp#27;[32mWhen &amp#27;[0m&amp#27;[32muser clicks on menu &amp#27;[0m&amp#27;[32m&amp#27;[1m"Cell Line"&amp#27;[0m                                       &amp#27;[90m# stepDefinition.GeneralStep.user_clicks_on_menu(java.lang.String)&amp#27;[0m
  &amp#27;[32mThen &amp#27;[0m&amp#27;[32muser is navigated to &amp#27;[0m&amp#27;[32m&amp#27;[1m"Cell Line"&amp#27;[0m&amp#27;[32m page&amp#27;[0m                                 &amp#27;[90m# stepDefinition.GeneralStep.user_is_navigated_to_page(java.lang.String)&amp#27;[0m
  &amp#27;[32mWhen &amp#27;[0m&amp#27;[32muser clicks on &amp#27;[0m&amp#27;[32m&amp#27;[1m"Create"&amp#27;[0m&amp#27;[32m button&amp#27;[0m                                        &amp#27;[90m# stepDefinition.GeneralStep.user_clicks_on_button(java.lang.String)&amp#27;[0m
  &amp#27;[32mThen &amp#27;[0m&amp#27;[32muser is navigated to &amp#27;[0m&amp#27;[32m&amp#27;[1m"Create Cell Lines"&amp#27;[0m&amp#27;[32m page&amp#27;[0m                         &amp#27;[90m# stepDefinition.GeneralStep.user_is_navigated_to_page(java.lang.String)&amp#27;[0m
  &amp#27;[32mWhen &amp#27;[0m&amp#27;[32muser &amp#27;[0m&amp#27;[32m&amp#27;[1m"type"&amp#27;[0m&amp#27;[32m &amp#27;[0m&amp#27;[32m&amp#27;[1m"my cell 1"&amp#27;[0m&amp#27;[32m in &amp#27;[0m&amp#27;[32m&amp#27;[1m"name"&amp#27;[0m&amp#27;[32m textbox&amp#27;[0m                             &amp#27;[90m# stepDefinition.GeneralStep.user_in_textbox(java.lang.String,java.lang.String,java.lang.String)&amp#27;[0m
  &amp#27;[32mThen &amp#27;[0m&amp#27;[32mtextbox &amp#27;[0m&amp#27;[32m&amp#27;[1m"name"&amp#27;[0m&amp#27;[32m will fill by &amp#27;[0m&amp#27;[32m&amp#27;[1m"my cell 1"&amp#27;[0m                               &amp#27;[90m# stepDefinition.GeneralStep.textbox_will_fill_by(java.lang.String,java.lang.String)&amp#27;[0m
  &amp#27;[32mWhen &amp#27;[0m&amp#27;[32muser fill textbox &amp#27;[0m&amp#27;[32m&amp#27;[1m"organism"&amp#27;[0m&amp#27;[32m as &amp#27;[0m&amp#27;[32m&amp#27;[1m"Mouse"&amp#27;[0m                               &amp#27;[90m# stepDefinition.GeneralStep.user_fill_box_as(java.lang.String,java.lang.String)&amp#27;[0m
  &amp#27;[32mThen &amp#27;[0m&amp#27;[32mtextbox &amp#27;[0m&amp#27;[32m&amp#27;[1m"organism"&amp#27;[0m&amp#27;[32m filled by &amp#27;[0m&amp#27;[32m&amp#27;[1m"Mouse"&amp#27;[0m                                  &amp#27;[90m# stepDefinition.GeneralStep.textbox_filled_by(java.lang.String,java.lang.String)&amp#27;[0m
  &amp#27;[32mWhen &amp#27;[0m&amp#27;[32muser fill textbox &amp#27;[0m&amp#27;[32m&amp#27;[1m"tissue"&amp#27;[0m&amp#27;[32m as &amp#27;[0m&amp#27;[32m&amp#27;[1m"Embryo"&amp#27;[0m                                &amp#27;[90m# stepDefinition.GeneralStep.user_fill_box_as(java.lang.String,java.lang.String)&amp#27;[0m
  &amp#27;[32mThen &amp#27;[0m&amp#27;[32mtextbox &amp#27;[0m&amp#27;[32m&amp#27;[1m"tissue"&amp#27;[0m&amp#27;[32m filled by &amp#27;[0m&amp#27;[32m&amp#27;[1m"Embryo"&amp#27;[0m                                   &amp#27;[90m# stepDefinition.GeneralStep.textbox_filled_by(java.lang.String,java.lang.String)&amp#27;[0m
  &amp#27;[32mWhen &amp#27;[0m&amp#27;[32muser fill textbox &amp#27;[0m&amp#27;[32m&amp#27;[1m"morphology"&amp#27;[0m&amp#27;[32m as &amp#27;[0m&amp#27;[32m&amp#27;[1m"Fibroblast"&amp#27;[0m                        &amp#27;[90m# stepDefinition.GeneralStep.user_fill_box_as(java.lang.String,java.lang.String)&amp#27;[0m
  &amp#27;[32mThen &amp#27;[0m&amp#27;[32mtextbox &amp#27;[0m&amp#27;[32m&amp#27;[1m"morphology"&amp#27;[0m&amp#27;[32m filled by &amp#27;[0m&amp#27;[32m&amp#27;[1m"Fibroblast"&amp#27;[0m                           &amp#27;[90m# stepDefinition.GeneralStep.textbox_filled_by(java.lang.String,java.lang.String)&amp#27;[0m
  &amp#27;[32mWhen &amp#27;[0m&amp#27;[32muser &amp#27;[0m&amp#27;[32m&amp#27;[1m"type"&amp#27;[0m&amp#27;[32m &amp#27;[0m&amp#27;[32m&amp#27;[1m"mimic human liver"&amp#27;[0m&amp#27;[32m in &amp#27;[0m&amp#27;[32m&amp#27;[1m"disease"&amp#27;[0m&amp#27;[32m textbox&amp#27;[0m                  &amp#27;[90m# stepDefinition.GeneralStep.user_in_textbox(java.lang.String,java.lang.String,java.lang.String)&amp#27;[0m
  &amp#27;[32mThen &amp#27;[0m&amp#27;[32mtextbox &amp#27;[0m&amp#27;[32m&amp#27;[1m"disease"&amp#27;[0m&amp#27;[32m will fill by &amp#27;[0m&amp#27;[32m&amp#27;[1m"mimic human liver"&amp#27;[0m                    &amp#27;[90m# stepDefinition.GeneralStep.textbox_will_fill_by(java.lang.String,java.lang.String)&amp#27;[0m
  &amp#27;[32mWhen &amp#27;[0m&amp#27;[32muser &amp#27;[0m&amp#27;[32m&amp#27;[1m"type"&amp#27;[0m&amp#27;[32m &amp#27;[0m&amp#27;[32m&amp#27;[1m"sample cell from mouse liver"&amp#27;[0m&amp#27;[32m in &amp#27;[0m&amp#27;[32m&amp#27;[1m"notes"&amp#27;[0m&amp#27;[32m textbox&amp#27;[0m         &amp#27;[90m# stepDefinition.GeneralStep.user_in_textbox(java.lang.String,java.lang.String,java.lang.String)&amp#27;[0m
  &amp#27;[32mThen &amp#27;[0m&amp#27;[32mtextbox &amp#27;[0m&amp#27;[32m&amp#27;[1m"notes"&amp#27;[0m&amp#27;[32m will fill by &amp#27;[0m&amp#27;[32m&amp#27;[1m"sample cell from mouse liver"&amp#27;[0m           &amp#27;[90m# stepDefinition.GeneralStep.textbox_will_fill_by(java.lang.String,java.lang.String)&amp#27;[0m
  &amp#27;[32mWhen &amp#27;[0m&amp#27;[32muser select &amp#27;[0m&amp#27;[32m&amp#27;[1m"confluency"&amp#27;[0m&amp#27;[32m radio&amp#27;[0m                                        &amp#27;[90m# stepDefinition.GeneralStep.user_select_radio(java.lang.String)&amp#27;[0m
  &amp#27;[32mThen &amp#27;[0m&amp#27;[32mradio &amp#27;[0m&amp#27;[32m&amp#27;[1m"confluency"&amp#27;[0m&amp#27;[32m is selected&amp#27;[0m                                        &amp#27;[90m# stepDefinition.GeneralStep.radio_is_selected(java.lang.String)&amp#27;[0m
  &amp#27;[32mAnd &amp#27;[0m&amp#27;[32mcheckbox &amp#27;[0m&amp#27;[32m&amp#27;[1m"Imaging Interval"&amp#27;[0m&amp#27;[32m is disable&amp#27;[0m                                 &amp#27;[90m# stepDefinition.CellLineStep.checkbox_is_disable(java.lang.String)&amp#27;[0m
  &amp#27;[32mWhen &amp#27;[0m&amp#27;[32muser type cell line confluency as &amp#27;[0m&amp#27;[32m&amp#27;[1m"80"&amp#27;[0m                                &amp#27;[90m# stepDefinition.CellLineStep.user_type_cell_line_confluency_as(java.lang.String)&amp#27;[0m
  &amp#27;[32mThen &amp#27;[0m&amp#27;[32mcell line confluency is filled by &amp#27;[0m&amp#27;[32m&amp#27;[1m"80"&amp#27;[0m                                &amp#27;[90m# stepDefinition.CellLineStep.cell_line_confluency_is_filled_by(java.lang.String)&amp#27;[0m
  &amp#27;[32mWhen &amp#27;[0m&amp#27;[32muser clicks on &amp#27;[0m&amp#27;[32m&amp#27;[1m"Media Selection"&amp#27;[0m&amp#27;[32m select box&amp#27;[0m                           &amp#27;[90m# stepDefinition.GeneralStep.user_clicks_on_select_box(java.lang.String)&amp#27;[0m
  &amp#27;[32mThen &amp#27;[0m&amp#27;[32mmodal &amp#27;[0m&amp#27;[32m&amp#27;[1m"Select Media Selection"&amp#27;[0m&amp#27;[32m confirmation is displayed&amp#27;[0m              &amp#27;[90m# stepDefinition.GeneralStep.modal_confirmation_is_displayed(java.lang.String)&amp#27;[0m
  &amp#27;[32mWhen &amp#27;[0m&amp#27;[32muser choose item &amp#27;[0m&amp#27;[32m&amp#27;[1m"DMEM FBS 10"&amp#27;[0m&amp#27;[32m in modal select&amp#27;[0m                        &amp#27;[90m# stepDefinition.GeneralStep.user_choose_item_in_modal_select(java.lang.String)&amp#27;[0m
  &amp#27;[32mThen &amp#27;[0m&amp#27;[32m&amp#27;[0m&amp#27;[32m&amp#27;[1m"DMEM FBS 10"&amp#27;[0m&amp#27;[32m item is selected in the modal&amp#27;[0m                           &amp#27;[90m# stepDefinition.GeneralStep.item_is_selected_in_the_modal(java.lang.String)&amp#27;[0m
  &amp#27;[32mWhen &amp#27;[0m&amp#27;[32muser clicks on &amp#27;[0m&amp#27;[32m&amp#27;[1m"OK"&amp#27;[0m&amp#27;[32m button&amp#27;[0m                                            &amp#27;[90m# stepDefinition.GeneralStep.user_clicks_on_button(java.lang.String)&amp#27;[0m
  &amp#27;[32mThen &amp#27;[0m&amp#27;[32mselect box &amp#27;[0m&amp#27;[32m&amp#27;[1m"Media Selection"&amp#27;[0m&amp#27;[32m filled by &amp#27;[0m&amp#27;[32m&amp#27;[1m"DMEM FBS 10"&amp#27;[0m                  &amp#27;[90m# stepDefinition.GeneralStep.select_box_filled_by(java.lang.String,java.lang.String)&amp#27;[0m
  &amp#27;[32mWhen &amp#27;[0m&amp#27;[32muser select &amp#27;[0m&amp#27;[32m&amp#27;[1m"100%"&amp#27;[0m&amp#27;[32m on Media Replacement persentage&amp#27;[0m                    &amp#27;[90m# stepDefinition.CellLineStep.user_select_on_media_replacement_persentage(java.lang.String)&amp#27;[0m
  &amp#27;[32mThen &amp#27;[0m&amp#27;[32mMedia Replacement persentage filled by &amp#27;[0m&amp#27;[32m&amp#27;[1m"100%"&amp#27;[0m                         &amp#27;[90m# stepDefinition.CellLineStep.media_replacement_persentage_filled_by(java.lang.String)&amp#27;[0m
  &amp#27;[32mWhen &amp#27;[0m&amp#27;[32muser &amp#27;[0m&amp#27;[32m&amp#27;[1m"type"&amp#27;[0m&amp#27;[32m on box &amp#27;[0m&amp#27;[32m&amp#27;[1m"Feeding Interval"&amp#27;[0m&amp#27;[32m as &amp#27;[0m&amp#27;[32m&amp#27;[1m"48"&amp#27;[0m                         &amp#27;[90m# stepDefinition.GeneralStep.user_on_box_as(java.lang.String,java.lang.String,java.lang.String)&amp#27;[0m
  &amp#27;[32mThen &amp#27;[0m&amp#27;[32mbox &amp#27;[0m&amp#27;[32m&amp#27;[1m"Feeding Interval"&amp#27;[0m&amp#27;[32m filled by &amp#27;[0m&amp#27;[32m&amp#27;[1m"48"&amp#27;[0m                                 &amp#27;[90m# stepDefinition.GeneralStep.box_filled_by(java.lang.String,java.lang.String)&amp#27;[0m
  &amp#27;[32mWhen &amp#27;[0m&amp#27;[32muser clicks on &amp#27;[0m&amp#27;[32m&amp#27;[1m"Detachment Reagent"&amp#27;[0m&amp#27;[32m select box&amp#27;[0m                        &amp#27;[90m# stepDefinition.GeneralStep.user_clicks_on_select_box(java.lang.String)&amp#27;[0m
  &amp#27;[32mThen &amp#27;[0m&amp#27;[32mmodal &amp#27;[0m&amp#27;[32m&amp#27;[1m"Select Detachment Selection"&amp#27;[0m&amp#27;[32m confirmation is displayed&amp#27;[0m         &amp#27;[90m# stepDefinition.GeneralStep.modal_confirmation_is_displayed(java.lang.String)&amp#27;[0m
  &amp#27;[32mWhen &amp#27;[0m&amp#27;[32muser choose item &amp#27;[0m&amp#27;[32m&amp#27;[1m"Trypsin"&amp#27;[0m&amp#27;[32m in modal select&amp#27;[0m                            &amp#27;[90m# stepDefinition.GeneralStep.user_choose_item_in_modal_select(java.lang.String)&amp#27;[0m
  &amp#27;[32mThen &amp#27;[0m&amp#27;[32m&amp#27;[0m&amp#27;[32m&amp#27;[1m"Trypsin"&amp#27;[0m&amp#27;[32m item is selected in the modal&amp#27;[0m                               &amp#27;[90m# stepDefinition.GeneralStep.item_is_selected_in_the_modal]]></system-out>
    <system-err><![CDATA[[main] INFO io.github.bonigarcia.wdm.WebDriverManager - Using chromedriver 104.0.5112.79 (resolved driver for Chrome 104)
[main] INFO io.github.bonigarcia.wdm.WebDriverManager - Exporting webdriver.chrome.driver as C:\Users\smith\.cache\selenium\chromedriver\win32\104.0.5112.79\chromedriver.exe
Starting ChromeDriver 104.0.5112.79 (3cf3e8c8a07d104b9e1260c910efb8f383285dc5-refs/branch-heads/5112@{#1307}) on port 56106
Only local connections are allowed.
Please see https://chromedriver.chromium.org/security-considerations for suggestions on keeping ChromeDriver safe.
ChromeDriver was started successfully.
Aug 26, 2022 10:27:33 AM org.openqa.selenium.remote.ProtocolHandshake createSession
INFO: Detected upstream dialect: W3C
Aug 26, 2022 10:27:33 AM org.openqa.selenium.devtools.CdpVersionFinder findNearestMatch
INFO: Found exact CDP implementation for version 104
[AsyncHttpClient-1-7] WARN org.asynchttpclient.netty.handler.WebSocketHandler - onError
java.net.SocketException: Connection reset
	at java.base/sun.nio.ch.SocketChannelImpl.throwConnectionReset(SocketChannelImpl.java:394)
	at java.base/sun.nio.ch.SocketChannelImpl.read(SocketChannelImpl.java:426)
	at io.netty.buffer.PooledByteBuf.setBytes(PooledByteBuf.java:258)
	at io.netty.buffer.AbstractByteBuf.writeBytes(AbstractByteBuf.java:1132)
	at io.netty.channel.socket.nio.NioSocketChannel.doReadBytes(NioSocketChannel.java:357)
	at io.netty.channel.nio.AbstractNioByteChannel$NioByteUnsafe.read(AbstractNioByteChannel.java:151)
	at io.netty.channel.nio.NioEventLoop.processSelectedKey(NioEventLoop.java:722)
	at io.netty.channel.nio.NioEventLoop.processSelectedKeysOptimized(NioEventLoop.java:658)
	at io.netty.channel.nio.NioEventLoop.processSelectedKeys(NioEventLoop.java:584)
	at io.netty.channel.nio.NioEventLoop.run(NioEventLoop.java:496)
	at io.netty.util.concurrent.SingleThreadEventExecutor$4.run(SingleThreadEventExecutor.java:997)
	at io.netty.util.internal.ThreadExecutorMap$2.run(ThreadExecutorMap.java:74)
	at io.netty.util.concurrent.FastThreadLocalRunnable.run(FastThreadLocalRunnable.java:30)
	at java.base/java.lang.Thread.run(Thread.java:833)
Aug 26, 2022 10:27:46 AM org.openqa.selenium.remote.http.WebSocket$Listener onError
WARNING: Connection reset
java.net.SocketException: Connection reset
	at java.base/sun.nio.ch.SocketChannelImpl.throwConnectionReset(SocketChannelImpl.java:394)
	at java.base/sun.nio.ch.SocketChannelImpl.read(SocketChannelImpl.java:426)
	at io.netty.buffer.PooledByteBuf.setBytes(PooledByteBuf.java:258)
	at io.netty.buffer.AbstractByteBuf.writeBytes(AbstractByteBuf.java:1132)
	at io.netty.channel.socket.nio.NioSocketChannel.doReadBytes(NioSocketChannel.java:357)
	at io.netty.channel.nio.AbstractNioByteChannel$NioByteUnsafe.read(AbstractNioByteChannel.java:151)
	at io.netty.channel.nio.NioEventLoop.processSelectedKey(NioEventLoop.java:722)
	at io.netty.channel.nio.NioEventLoop.processSelectedKeysOptimized(NioEventLoop.java:658)
	at io.netty.channel.nio.NioEventLoop.processSelectedKeys(NioEventLoop.java:584)
	at io.netty.channel.nio.NioEventLoop.run(NioEventLoop.java:496)
	at io.netty.util.concurrent.SingleThreadEventExecutor$4.run(SingleThreadEventExecutor.java:997)
	at io.netty.util.internal.ThreadExecutorMap$2.run(ThreadExecutorMap.java:74)
	at io.netty.util.concurrent.FastThreadLocalRunnable.run(FastThreadLocalRunnable.java:30)
	at java.base/java.lang.Thread.run(Thread.java:833)

]]></system-err>
  </testcase>
  <testcase name="Create New Cell Line" classname="CC-1044:Create new Cell Line by filling required fields only" time="13.618">
    <system-out><![CDATA[browser value is: chromeheadless
(java.lang.String)&amp#27;[0m
  &amp#27;[32mWhen &amp#27;[0m&amp#27;[32muser clicks on &amp#27;[0m&amp#27;[32m&amp#27;[1m"OK"&amp#27;[0m&amp#27;[32m button&amp#27;[0m                                            &amp#27;[90m# stepDefinition.GeneralStep.user_clicks_on_button(java.lang.String)&amp#27;[0m
  &amp#27;[32mThen &amp#27;[0m&amp#27;[32mselect box &amp#27;[0m&amp#27;[32m&amp#27;[1m"Detachment Reagent"&amp#27;[0m&amp#27;[32m filled by &amp#27;[0m&amp#27;[32m&amp#27;[1m"Trypsin"&amp#27;[0m                   &amp#27;[90m# stepDefinition.GeneralStep.select_box_filled_by(java.lang.String,java.lang.String)&amp#27;[0m
  &amp#27;[32mWhen &amp#27;[0m&amp#27;[32muser &amp#27;[0m&amp#27;[32m&amp#27;[1m"type"&amp#27;[0m&amp#27;[32m on box &amp#27;[0m&amp#27;[32m&amp#27;[1m"Detachment Reagent Volume"&amp#27;[0m&amp#27;[32m as &amp#27;[0m&amp#27;[32m&amp#27;[1m"600"&amp#27;[0m               &amp#27;[90m# stepDefinition.GeneralStep.user_on_box_as(java.lang.String,java.lang.String,java.lang.String)&amp#27;[0m
  &amp#27;[32mThen &amp#27;[0m&amp#27;[32mbox &amp#27;[0m&amp#27;[32m&amp#27;[1m"Detachment Reagent Volume"&amp#27;[0m&amp#27;[32m filled by &amp#27;[0m&amp#27;[32m&amp#27;[1m"600"&amp#27;[0m                       &amp#27;[90m# stepDefinition.GeneralStep.box_filled_by(java.lang.String,java.lang.String)&amp#27;[0m
  &amp#27;[32mWhen &amp#27;[0m&amp#27;[32muser &amp#27;[0m&amp#27;[32m&amp#27;[1m"type"&amp#27;[0m&amp#27;[32m on box &amp#27;[0m&amp#27;[32m&amp#27;[1m"Detachment Reagent Incubation Time"&amp#27;[0m&amp#27;[32m as &amp#27;[0m&amp#27;[32m&amp#27;[1m"15"&amp#27;[0m       &amp#27;[90m# stepDefinition.GeneralStep.user_on_box_as(java.lang.String,java.lang.String,java.lang.String)&amp#27;[0m
  &amp#27;[32mThen &amp#27;[0m&amp#27;[32mbox &amp#27;[0m&amp#27;[32m&amp#27;[1m"Detachment Reagent Incubation Time"&amp#27;[0m&amp#27;[32m filled by &amp#27;[0m&amp#27;[32m&amp#27;[1m"15"&amp#27;[0m               &amp#27;[90m# stepDefinition.GeneralStep.box_filled_by(java.lang.String,java.lang.String)&amp#27;[0m
  &amp#27;[32mWhen &amp#27;[0m&amp#27;[32muser &amp#27;[0m&amp#27;[32m&amp#27;[1m"type"&amp#27;[0m&amp#27;[32m on box &amp#27;[0m&amp#27;[32m&amp#27;[1m"Passage Ratio"&amp#27;[0m&amp#27;[32m as &amp#27;[0m&amp#27;[32m&amp#27;[1m"3"&amp#27;[0m                             &amp#27;[90m# stepDefinition.GeneralStep.user_on_box_as(java.lang.String,java.lang.String,java.lang.String)&amp#27;[0m
  &amp#27;[32mThen &amp#27;[0m&amp#27;[32mbox &amp#27;[0m&amp#27;[32m&amp#27;[1m"Passage Ratio"&amp#27;[0m&amp#27;[32m filled by &amp#27;[0m&amp#27;[32m&amp#27;[1m"3"&amp#27;[0m                                     &amp#27;[90m# stepDefinition.GeneralStep.box_filled_by(java.lang.String,java.lang.String)&amp#27;[0m
  &amp#27;[32mWhen &amp#27;[0m&amp#27;[32muser &amp#27;[0m&amp#27;[32m&amp#27;[1m"type"&amp#27;[0m&amp#27;[32m on box &amp#27;[0m&amp#27;[32m&amp#27;[1m"Adhering Time"&amp#27;[0m&amp#27;[32m as &amp#27;[0m&amp#27;[32m&amp#27;[1m"6"&amp#27;[0m                             &amp#27;[90m# stepDefinition.GeneralStep.user_on_box_as(java.lang.String,java.lang.String,java.lang.String)&amp#27;[0m
[...]
  &amp#27;[32mWhen &amp#27;[0m&amp#27;[32muser clicks on &amp#27;[0m&amp#27;[32m&amp#27;[1m"OK"&amp#27;[0m&amp#27;[32m button&amp#27;[0m                                                  &amp#27;[90m# stepDefinition.GeneralStep.user_clicks_on_button(java.lang.String)&amp#27;[0m
  &amp#27;[32mThen &amp#27;[0m&amp#27;[32mnotification &amp#27;[0m&amp#27;[32m&amp#27;[1m"Success"&amp#27;[0m&amp#27;[32m and &amp#27;[0m&amp#27;[32m&amp#27;[1m"Culture Reagents has been deleted"&amp#27;[0m&amp#27;[32m is displayed&amp#27;[0m &amp#27;[90m# stepDefinition.GeneralStep.notification_and_is_displayed(java.lang.String,java.lang.String)&amp#27;[0m
  &amp#27;[32mWhen &amp#27;[0m&amp#27;[32muser refresh the browser page&amp#27;[0m                                               &amp#27;[90m# stepDefinition.GeneralStep.user_refresh_the_browser_page()&amp#27;[0m
  &amp#27;[32mAnd &amp#27;[0m&amp#27;[32muser is navigated to &amp#27;[0m&amp#27;[32m&amp#27;[1m"Dashboard"&amp#27;[0m&amp#27;[32m page&amp#27;[0m                                        &amp#27;[90m# stepDefinition.GeneralStep.user_is_navigated_to_page(java.lang.String)&amp#27;[0m
  &amp#27;[32mWhen &amp#27;[0m&amp#27;[32muser clicks on menu &amp#27;[0m&amp#27;[32m&amp#27;[1m"Reagent"&amp#27;[0m                                               &amp#27;[90m# stepDefinition.GeneralStep.user_clicks_on_menu(java.lang.String)&amp#27;[0m
  &amp#27;[32mAnd &amp#27;[0m&amp#27;[32muser clicks on sub-menu &amp#27;[0m&amp#27;[32m&amp#27;[1m"Library"&amp#27;[0m                                            &amp#27;[90m# stepDefinition.GeneralStep.user_cli]]></system-out>
    <system-err><![CDATA[[main] INFO io.github.bonigarcia.wdm.WebDriverManager - Using chromedriver 104.0.5112.79 (resolved driver for Chrome 104)
[main] INFO io.github.bonigarcia.wdm.WebDriverManager - Exporting webdriver.chrome.driver as C:\Users\smith\.cache\selenium\chromedriver\win32\104.0.5112.79\chromedriver.exe
Starting ChromeDriver 104.0.5112.79 (3cf3e8c8a07d104b9e1260c910efb8f383285dc5-refs/branch-heads/5112@{#1307}) on port 57238
Only local connections are allowed.
Please see https://chromedriver.chromium.org/security-considerations for suggestions on keeping ChromeDriver safe.
ChromeDriver was started successfully.
Aug 26, 2022 10:35:21 AM org.openqa.selenium.remote.ProtocolHandshake createSession
INFO: Detected upstream dialect: W3C
Aug 26, 2022 10:35:21 AM org.openqa.selenium.devtools.CdpVersionFinder findNearestMatch
INFO: Found exact CDP implementation for version 104
[AsyncHttpClient-1-2] WARN org.asynchttpclient.netty.handler.WebSocketHandler - onError
java.net.SocketException: Connection reset
	at java.base/sun.nio.ch.SocketChannelImpl.throwConnectionReset(SocketChannelImpl.java:394)
	at java.base/sun.nio.ch.SocketChannelImpl.read(SocketChannelImpl.java:426)
	at io.netty.buffer.PooledByteBuf.setBytes(PooledByteBuf.java:258)
	at io.netty.buffer.AbstractByteBuf.writeBytes(AbstractByteBuf.java:1132)
	at io.netty.channel.socket.nio.NioSocketChannel.doReadBytes(NioSocketChannel.java:357)
	at io.netty.channel.nio.AbstractNioByteChannel$NioByteUnsafe.read(AbstractNioByteChannel.java:151)
	at io.netty.channel.nio.NioEventLoop.processSelectedKey(NioEventLoop.java:722)
	at io.netty.channel.nio.NioEventLoop.processSelectedKeysOptimized(NioEventLoop.java:658)
	at io.netty.channel.nio.NioEventLoop.processSelectedKeys(NioEventLoop.java:584)
	at io.netty.channel.nio.NioEventLoop.run(NioEventLoop.java:496)
	at io.netty.util.concurrent.SingleThreadEventExecutor$4.run(SingleThreadEventExecutor.java:997)
	at io.netty.util.internal.ThreadExecutorMap$2.run(ThreadExecutorMap.java:74)
	at io.netty.util.concurrent.FastThreadLocalRunnable.run(FastThreadLocalRunnable.java:30)
	at java.base/java.lang.Thread.run(Thread.java:833)
Aug 26, 2022 10:35:34 AM org.openqa.selenium.remote.http.WebSocket$Listener onError
WARNING: Connection reset
java.net.SocketException: Connection reset
	at java.base/sun.nio.ch.SocketChannelImpl.throwConnectionReset(SocketChannelImpl.java:394)
	at java.base/sun.nio.ch.SocketChannelImpl.read(SocketChannelImpl.java:426)
	at io.netty.buffer.PooledByteBuf.setBytes(PooledByteBuf.java:258)
	at io.netty.buffer.AbstractByteBuf.writeBytes(AbstractByteBuf.java:1132)
	at io.netty.channel.socket.nio.NioSocketChannel.doReadBytes(NioSocketChannel.java:357)
	at io.netty.channel.nio.AbstractNioByteChannel$NioByteUnsafe.read(AbstractNioByteChannel.java:151)
	at io.netty.channel.nio.NioEventLoop.processSelectedKey(NioEventLoop.java:722)
	at io.netty.channel.nio.NioEventLoop.processSelectedKeysOptimized(NioEventLoop.java:658)
	at io.netty.channel.nio.NioEventLoop.processSelectedKeys(NioEventLoop.java:584)
	at io.netty.channel.nio.NioEventLoop.run(NioEventLoop.java:496)
	at io.netty.util.concurrent.SingleThreadEventExecutor$4.run(SingleThreadEventExecutor.java:997)
	at io.netty.util.internal.ThreadExecutorMap$2.run(ThreadExecutorMap.java:74)
	at io.netty.util.concurrent.FastThreadLocalRunnable.run(FastThreadLocalRunnable.java:30)
	at java.base/java.lang.Thread.run(Thread.java:833)

]]></system-err>
  </testcase>
  <testcase name="login will success with valid credentials" classname="login feature" time="4.026">
    <system-out><![CDATA[browser value is: chromeheadless
]]></system-out>
    <system-err><![CDATA[[main] INFO io.github.bonigarcia.wdm.WebDriverManager - Using chromedriver 104.0.5112.79 (resolved driver for Chrome 104)
[main] INFO io.github.bonigarcia.wdm.WebDriverManager - Exporting webdriver.chrome.driver as C:\Users\smith\.cache\selenium\chromedriver\win32\104.0.5112.79\chromedriver.exe
Starting ChromeDriver 104.0.5112.79 (3cf3e8c8a07d104b9e1260c910efb8f383285dc5-refs/branch-heads/5112@{#1307}) on port 57388
Only local connections are allowed.
Please see https://chromedriver.chromium.org/security-considerations for suggestions on keeping ChromeDriver safe.
ChromeDriver was started successfully.
Aug 26, 2022 10:35:35 AM org.openqa.selenium.remote.ProtocolHandshake createSession
INFO: Detected upstream dialect: W3C
Aug 26, 2022 10:35:35 AM org.openqa.selenium.devtools.CdpVersionFinder findNearestMatch
INFO: Found exact CDP implementation for version 104
[AsyncHttpClient-1-5] WARN org.asynchttpclient.netty.handler.WebSocketHandler - onError
java.net.SocketException: Connection reset
	at java.base/sun.nio.ch.SocketChannelImpl.throwConnectionReset(SocketChannelImpl.java:394)
	at java.base/sun.nio.ch.SocketChannelImpl.read(SocketChannelImpl.java:426)
	at io.netty.buffer.PooledByteBuf.setBytes(PooledByteBuf.java:258)
	at io.netty.buffer.AbstractByteBuf.writeBytes(AbstractByteBuf.java:1132)
	at io.netty.channel.socket.nio.NioSocketChannel.doReadBytes(NioSocketChannel.java:357)
	at io.netty.channel.nio.AbstractNioByteChannel$NioByteUnsafe.read(AbstractNioByteChannel.java:151)
	at io.netty.channel.nio.NioEventLoop.processSelectedKey(NioEventLoop.java:722)
	at io.netty.channel.nio.NioEventLoop.processSelectedKeysOptimized(NioEventLoop.java:658)
	at io.netty.channel.nio.NioEventLoop.processSelectedKeys(NioEventLoop.java:584)
	at io.netty.channel.nio.NioEventLoop.run(NioEventLoop.java:496)
	at io.netty.util.concurrent.SingleThreadEventExecutor$4.run(SingleThreadEventExecutor.java:997)
	at io.netty.util.internal.ThreadExecutorMap$2.run(ThreadExecutorMap.java:74)
	at io.netty.util.concurrent.FastThreadLocalRunnable.run(FastThreadLocalRunnable.java:30)
	at java.base/java.lang.Thread.run(Thread.java:833)
Aug 26, 2022 10:35:38 AM org.openqa.selenium.remote.http.WebSocket$Listener onError
WARNING: Connection reset
java.net.SocketException: Connection reset
	at java.base/sun.nio.ch.SocketChannelImpl.throwConnectionReset(SocketChannelImpl.java:394)
	at java.base/sun.nio.ch.SocketChannelImpl.read(SocketChannelImpl.java:426)
	at io.netty.buffer.PooledByteBuf.setBytes(PooledByteBuf.java:258)
	at io.netty.buffer.AbstractByteBuf.writeBytes(AbstractByteBuf.java:1132)
	at io.netty.channel.socket.nio.NioSocketChannel.doReadBytes(NioSocketChannel.java:357)
	at io.netty.channel.nio.AbstractNioByteChannel$NioByteUnsafe.read(AbstractNioByteChannel.java:151)
	at io.netty.channel.nio.NioEventLoop.processSelectedKey(NioEventLoop.java:722)
	at io.netty.channel.nio.NioEventLoop.processSelectedKeysOptimized(NioEventLoop.java:658)
	at io.netty.channel.nio.NioEventLoop.processSelectedKeys(NioEventLoop.java:584)
	at io.netty.channel.nio.NioEventLoop.run(NioEventLoop.java:496)
	at io.netty.util.concurrent.SingleThreadEventExecutor$4.run(SingleThreadEventExecutor.java:997)
	at io.netty.util.internal.ThreadExecutorMap$2.run(ThreadExecutorMap.java:74)
	at io.netty.util.concurrent.FastThreadLocalRunnable.run(FastThreadLocalRunnable.java:30)
	at java.base/java.lang.Thread.run(Thread.java:833)

]]></system-err>
  </testcase>
  <testcase name="login will not success with invalid credentials #1" classname="login feature" time="4.448">
    <system-out><![CDATA[browser value is: chromeheadless
]]></system-out>
    <system-err><![CDATA[[main] INFO io.github.bonigarcia.wdm.WebDriverManager - Using chromedriver 104.0.5112.79 (resolved driver for Chrome 104)
[main] INFO io.github.bonigarcia.wdm.WebDriverManager - Exporting webdriver.chrome.driver as C:\Users\smith\.cache\selenium\chromedriver\win32\104.0.5112.79\chromedriver.exe
Starting ChromeDriver 104.0.5112.79 (3cf3e8c8a07d104b9e1260c910efb8f383285dc5-refs/branch-heads/5112@{#1307}) on port 50815
Only local connections are allowed.
Please see https://chromedriver.chromium.org/security-considerations for suggestions on keeping ChromeDriver safe.
ChromeDriver was started successfully.
Aug 26, 2022 10:35:40 AM org.openqa.selenium.remote.ProtocolHandshake createSession
INFO: Detected upstream dialect: W3C
Aug 26, 2022 10:35:40 AM org.openqa.selenium.devtools.CdpVersionFinder findNearestMatch
INFO: Found exact CDP implementation for version 104
[AsyncHttpClient-1-8] WARN org.asynchttpclient.netty.handler.WebSocketHandler - onError
java.net.SocketException: Connection reset
	at java.base/sun.nio.ch.SocketChannelImpl.throwConnectionReset(SocketChannelImpl.java:394)
	at java.base/sun.nio.ch.SocketChannelImpl.read(SocketChannelImpl.java:426)
	at io.netty.buffer.PooledByteBuf.setBytes(PooledByteBuf.java:258)
	at io.netty.buffer.AbstractByteBuf.writeBytes(AbstractByteBuf.java:1132)
	at io.netty.channel.socket.nio.NioSocketChannel.doReadBytes(NioSocketChannel.java:357)
	at io.netty.channel.nio.AbstractNioByteChannel$NioByteUnsafe.read(AbstractNioByteChannel.java:151)
	at io.netty.channel.nio.NioEventLoop.processSelectedKey(NioEventLoop.java:722)
	at io.netty.channel.nio.NioEventLoop.processSelectedKeysOptimized(NioEventLoop.java:658)
	at io.netty.channel.nio.NioEventLoop.processSelectedKeys(NioEventLoop.java:584)
	at io.netty.channel.nio.NioEventLoop.run(NioEventLoop.java:496)
	at io.netty.util.concurrent.SingleThreadEventExecutor$4.run(SingleThreadEventExecutor.java:997)
	at io.netty.util.internal.ThreadExecutorMap$2.run(ThreadExecutorMap.java:74)
	at io.netty.util.concurrent.FastThreadLocalRunnable.run(FastThreadLocalRunnable.java:30)
	at java.base/java.lang.Thread.run(Thread.java:833)
Aug 26, 2022 10:35:43 AM org.openqa.selenium.remote.http.WebSocket$Listener onError
WARNING: Connection reset
java.net.SocketException: Connection reset
	at java.base/sun.nio.ch.SocketChannelImpl.throwConnectionReset(SocketChannelImpl.java:394)
	at java.base/sun.nio.ch.SocketChannelImpl.read(SocketChannelImpl.java:426)
	at io.netty.buffer.PooledByteBuf.setBytes(PooledByteBuf.java:258)
	at io.netty.buffer.AbstractByteBuf.writeBytes(AbstractByteBuf.java:1132)
	at io.netty.channel.socket.nio.NioSocketChannel.doReadBytes(NioSocketChannel.java:357)
	at io.netty.channel.nio.AbstractNioByteChannel$NioByteUnsafe.read(AbstractNioByteChannel.java:151)
	at io.netty.channel.nio.NioEventLoop.processSelectedKey(NioEventLoop.java:722)
	at io.netty.channel.nio.NioEventLoop.processSelectedKeysOptimized(NioEventLoop.java:658)
	at io.netty.channel.nio.NioEventLoop.processSelectedKeys(NioEventLoop.java:584)
	at io.netty.channel.nio.NioEventLoop.run(NioEventLoop.java:496)
	at io.netty.util.concurrent.SingleThreadEventExecutor$4.run(SingleThreadEventExecutor.java:997)
	at io.netty.util.internal.ThreadExecutorMap$2.run(ThreadExecutorMap.java:74)
	at io.netty.util.concurrent.FastThreadLocalRunnable.run(FastThreadLocalRunnable.java:30)
	at java.base/java.lang.Thread.run(Thread.java:833)

]]></system-err>
  </testcase>
  <testcase name="login will not success with invalid credentials #2" classname="login feature" time="4.433">
    <system-out><![CDATA[browser value is: chromeheadless
]]></system-out>
    <system-err><![CDATA[[main] INFO io.github.bonigarcia.wdm.WebDriverManager - Using chromedriver 104.0.5112.79 (resolved driver for Chrome 104)
[main] INFO io.github.bonigarcia.wdm.WebDriverManager - Exporting webdriver.chrome.driver as C:\Users\smith\.cache\selenium\chromedriver\win32\104.0.5112.79\chromedriver.exe
Starting ChromeDriver 104.0.5112.79 (3cf3e8c8a07d104b9e1260c910efb8f383285dc5-refs/branch-heads/5112@{#1307}) on port 54251
Only local connections are allowed.
Please see https://chromedriver.chromium.org/security-considerations for suggestions on keeping ChromeDriver safe.
ChromeDriver was started successfully.
Aug 26, 2022 10:35:44 AM org.openqa.selenium.remote.ProtocolHandshake createSession
INFO: Detected upstream dialect: W3C
Aug 26, 2022 10:35:44 AM org.openqa.selenium.devtools.CdpVersionFinder findNearestMatch
INFO: Found exact CDP implementation for version 104
[AsyncHttpClient-1-3] WARN org.asynchttpclient.netty.handler.WebSocketHandler - onError
java.net.SocketException: Connection reset
	at java.base/sun.nio.ch.SocketChannelImpl.throwConnectionReset(SocketChannelImpl.java:394)
	at java.base/sun.nio.ch.SocketChannelImpl.read(SocketChannelImpl.java:426)
	at io.netty.buffer.PooledByteBuf.setBytes(PooledByteBuf.java:258)
	at io.netty.buffer.AbstractByteBuf.writeBytes(AbstractByteBuf.java:1132)
	at io.netty.channel.socket.nio.NioSocketChannel.doReadBytes(NioSocketChannel.java:357)
	at io.netty.channel.nio.AbstractNioByteChannel$NioByteUnsafe.read(AbstractNioByteChannel.java:151)
	at io.netty.channel.nio.NioEventLoop.processSelectedKey(NioEventLoop.java:722)
	at io.netty.channel.nio.NioEventLoop.processSelectedKeysOptimized(NioEventLoop.java:658)
	at io.netty.channel.nio.NioEventLoop.processSelectedKeys(NioEventLoop.java:584)
	at io.netty.channel.nio.NioEventLoop.run(NioEventLoop.java:496)
	at io.netty.util.concurrent.SingleThreadEventExecutor$4.run(SingleThreadEventExecutor.java:997)
	at io.netty.util.internal.ThreadExecutorMap$2.run(ThreadExecutorMap.java:74)
	at io.netty.util.concurrent.FastThreadLocalRunnable.run(FastThreadLocalRunnable.java:30)
	at java.base/java.lang.Thread.run(Thread.java:833)
Aug 26, 2022 10:35:47 AM org.openqa.selenium.remote.http.WebSocket$Listener onError
WARNING: Connection reset
java.net.SocketException: Connection reset
	at java.base/sun.nio.ch.SocketChannelImpl.throwConnectionReset(SocketChannelImpl.java:394)
	at java.base/sun.nio.ch.SocketChannelImpl.read(SocketChannelImpl.java:426)
	at io.netty.buffer.PooledByteBuf.setBytes(PooledByteBuf.java:258)
	at io.netty.buffer.AbstractByteBuf.writeBytes(AbstractByteBuf.java:1132)
	at io.netty.channel.socket.nio.NioSocketChannel.doReadBytes(NioSocketChannel.java:357)
	at io.netty.channel.nio.AbstractNioByteChannel$NioByteUnsafe.read(AbstractNioByteChannel.java:151)
	at io.netty.channel.nio.NioEventLoop.processSelectedKey(NioEventLoop.java:722)
	at io.netty.channel.nio.NioEventLoop.processSelectedKeysOptimized(NioEventLoop.java:658)
	at io.netty.channel.nio.NioEventLoop.processSelectedKeys(NioEventLoop.java:584)
	at io.netty.channel.nio.NioEventLoop.run(NioEventLoop.java:496)
	at io.netty.util.concurrent.SingleThreadEventExecutor$4.run(SingleThreadEventExecutor.java:997)
	at io.netty.util.internal.ThreadExecutorMap$2.run(ThreadExecutorMap.java:74)
	at io.netty.util.concurrent.FastThreadLocalRunnable.run(FastThreadLocalRunnable.java:30)
	at java.base/java.lang.Thread.run(Thread.java:833)

]]></system-err>
  </testcase>
  <testcase name="login will not success with invalid credentials #3" classname="login feature" time="4.58">
    <system-out><![CDATA[browser value is: chromeheadless
]]></system-out>
    <system-err><![CDATA[[main] INFO io.github.bonigarcia.wdm.WebDriverManager - Using chromedriver 104.0.5112.79 (resolved driver for Chrome 104)
[main] INFO io.github.bonigarcia.wdm.WebDriverManager - Exporting webdriver.chrome.driver as C:\Users\smith\.cache\selenium\chromedriver\win32\104.0.5112.79\chromedriver.exe
Starting ChromeDriver 104.0.5112.79 (3cf3e8c8a07d104b9e1260c910efb8f383285dc5-refs/branch-heads/5112@{#1307}) on port 60238
Only local connections are allowed.
Please see https://chromedriver.chromium.org/security-considerations for suggestions on keeping ChromeDriver safe.
ChromeDriver was started successfully.
Aug 26, 2022 10:35:48 AM org.openqa.selenium.remote.ProtocolHandshake createSession
INFO: Detected upstream dialect: W3C
Aug 26, 2022 10:35:48 AM org.openqa.selenium.devtools.CdpVersionFinder findNearestMatch
INFO: Found exact CDP implementation for version 104
[AsyncHttpClient-1-6] WARN org.asynchttpclient.netty.handler.WebSocketHandler - onError
java.net.SocketException: Connection reset
	at java.base/sun.nio.ch.SocketChannelImpl.throwConnectionReset(SocketChannelImpl.java:394)
	at java.base/sun.nio.ch.SocketChannelImpl.read(SocketChannelImpl.java:426)
	at io.netty.buffer.PooledByteBuf.setBytes(PooledByteBuf.java:258)
	at io.netty.buffer.AbstractByteBuf.writeBytes(AbstractByteBuf.java:1132)
	at io.netty.channel.socket.nio.NioSocketChannel.doReadBytes(NioSocketChannel.java:357)
	at io.netty.channel.nio.AbstractNioByteChannel$NioByteUnsafe.read(AbstractNioByteChannel.java:151)
	at io.netty.channel.nio.NioEventLoop.processSelectedKey(NioEventLoop.java:722)
	at io.netty.channel.nio.NioEventLoop.processSelectedKeysOptimized(NioEventLoop.java:658)
	at io.netty.channel.nio.NioEventLoop.processSelectedKeys(NioEventLoop.java:584)
	at io.netty.channel.nio.NioEventLoop.run(NioEventLoop.java:496)
	at io.netty.util.concurrent.SingleThreadEventExecutor$4.run(SingleThreadEventExecutor.java:997)
	at io.netty.util.internal.ThreadExecutorMap$2.run(ThreadExecutorMap.java:74)
	at io.netty.util.concurrent.FastThreadLocalRunnable.run(FastThreadLocalRunnable.java:30)
	at java.base/java.lang.Thread.run(Thread.java:833)
Aug 26, 2022 10:35:52 AM org.openqa.selenium.remote.http.WebSocket$Listener onError
WARNING: Connection reset
java.net.SocketException: Connection reset
	at java.base/sun.nio.ch.SocketChannelImpl.throwConnectionReset(SocketChannelImpl.java:394)
	at java.base/sun.nio.ch.SocketChannelImpl.read(SocketChannelImpl.java:426)
	at io.netty.buffer.PooledByteBuf.setBytes(PooledByteBuf.java:258)
	at io.netty.buffer.AbstractByteBuf.writeBytes(AbstractByteBuf.java:1132)
	at io.netty.channel.socket.nio.NioSocketChannel.doReadBytes(NioSocketChannel.java:357)
	at io.netty.channel.nio.AbstractNioByteChannel$NioByteUnsafe.read(AbstractNioByteChannel.java:151)
	at io.netty.channel.nio.NioEventLoop.processSelectedKey(NioEventLoop.java:722)
	at io.netty.channel.nio.NioEventLoop.processSelectedKeysOptimized(NioEventLoop.java:658)
	at io.netty.channel.nio.NioEventLoop.processSelectedKeys(NioEventLoop.java:584)
	at io.netty.channel.nio.NioEventLoop.run(NioEventLoop.java:496)
	at io.netty.util.concurrent.SingleThreadEventExecutor$4.run(SingleThreadEventExecutor.java:997)
	at io.netty.util.internal.ThreadExecutorMap$2.run(ThreadExecutorMap.java:74)
	at io.netty.util.concurrent.FastThreadLocalRunnable.run(FastThreadLocalRunnable.java:30)
	at java.base/java.lang.Thread.run(Thread.java:833)

]]></system-err>
  </testcase>
</testsuite>