<?xml version="1.0" encoding="UTF-8"?>
<testsuite xmlns:xsi="http://www.w3.org/2001/XMLSchema-instance" xsi:noNamespaceSchemaLocation="https://maven.apache.org/surefire/maven-surefire-plugin/xsd/surefire-test-report-3.0.xsd" version="3.0" name="testRunner.TestRunner" time="34.709" tests="1" errors="1" skipped="0" failures="0">
  <properties>
[...]
</properties>
  <testcase name="create new reagent item" classname="CC-1080:Create new reagent" time="21.16">
    <error message="Cannot invoke &quot;org.openqa.selenium.WebElement.click()&quot; because &quot;elementChoosen&quot; is null" type="java.lang.NullPointerException"><![CDATA[java.lang.NullPointerException: Cannot invoke "org.openqa.selenium.WebElement.click()" because "elementChoosen" is null
]]></error>
    <system-out><![CDATA[browser value is: chrome
ChromeDriver: chrome on WINDOWS (776d7c9870dd1c202e0c09bc504009dc)
ChromeDriver: chrome on WINDOWS (776d7c9870dd1c202e0c09bc504009dc)
ChromeDriver: chrome on WINDOWS (776d7c9870dd1c202e0c09bc504009dc)
ChromeDriver: chrome on WINDOWS (776d7c9870dd1c202e0c09bc504009dc)
ChromeDriver: chrome on WINDOWS (776d7c9870dd1c202e0c09bc504009dc)
ChromeDriver: chrome on WINDOWS (776d7c9870dd1c202e0c09bc504009dc)
ChromeDriver: chrome on WINDOWS (776d7c9870dd1c202e0c09bc504009dc)
]]></system-out>
    <system-err><![CDATA[java.lang.instrument.IllegalClassFormatException: Error while instrumenting javax/lang/model/SourceVersion.
	at org.jacoco.agent.rt.internal_035b120.CoverageTransformer.transform(CoverageTransformer.java:93)
	at java.instrument/java.lang.instrument.ClassFileTransformer.transform(ClassFileTransformer.java:244)
	at java.instrument/sun.instrument.TransformerManager.transform(TransformerManager.java:188)
	at java.instrument/sun.instrument.InstrumentationImpl.transform(InstrumentationImpl.java:541)
	at java.base/java.lang.ClassLoader.defineClass2(Native Method)
	at java.base/java.lang.ClassLoader.defineClass(ClassLoader.java:1103)
	at java.base/java.security.SecureClassLoader.defineClass(SecureClassLoader.java:182)
	at java.base/jdk.internal.loader.BuiltinClassLoader.defineClass(BuiltinClassLoader.java:821)
	at java.base/jdk.internal.loader.BuiltinClassLoader.findClassInModuleOrNull(BuiltinClassLoader.java:741)
	at java.base/jdk.internal.loader.BuiltinClassLoader.loadClassOrNull(BuiltinClassLoader.java:665)
	at java.base/jdk.internal.loader.BuiltinClassLoader.loadClassOrNull(BuiltinClassLoader.java:700)
	at java.base/jdk.internal.loader.BuiltinClassLoader.loadClassOrNull(BuiltinClassLoader.java:669)
	at java.base/jdk.internal.loader.BuiltinClassLoader.loadClass(BuiltinClassLoader.java:639)
	at java.base/jdk.internal.loader.ClassLoaders$AppClassLoader.loadClass(ClassLoaders.java:188)
	at java.base/java.lang.ClassLoader.loadClass(ClassLoader.java:520)
	at io.cucumber.core.resource.ClasspathSupport.requireValidPackageName(ClasspathSupport.java:41)
	at io.cucumber.core.resource.ClasspathScanner.scanForClassesInPackage(ClasspathScanner.java:49)
	at io.cucumber.core.resource.ClasspathScanner.scanForClassesInPackage(ClasspathScanner.java:115)
	at java.base/java.util.stream.ReferencePipeline$3$1.accept(ReferencePipeline.java:197)
	at java.base/java.util.stream.ReferencePipeline$3$1.accept(ReferencePipeline.java:197)
	at java.base/java.util.stream.ReferencePipeline$2$1.accept(ReferencePipeline.java:179)
	at java.base/java.util.ArrayList$ArrayListSpliterator.forEachRemaining(ArrayList.java:1625)
	at java.base/java.util.stream.AbstractPipeline.copyInto(AbstractPipeline.java:509)
	at java.base/java.util.stream.AbstractPipeline.wrapAndCopyInto(AbstractPipeline.java:499)
	at java.base/java.util.stream.ForEachOps$ForEachOp.evaluateSequential(ForEachOps.java:150)
	at java.base/java.util.stream.ForEachOps$ForEachOp$OfRef.evaluateSequential(ForEachOps.java:173)
	at java.base/java.util.stream.AbstractPipeline.evaluate(AbstractPipeline.java:234)
	at java.base/java.util.stream.ReferencePipeline.forEach(ReferencePipeline.java:596)
	at io.cucumber.java.JavaBackend.loadGlue(JavaBackend.java:40)
	at io.cucumber.core.runner.Runner.<init>(Runner.java:56)
	at io.cucumber.core.runtime.ThreadLocalRunnerSupplier.createRunner(ThreadLocalRunnerSupplier.java:47)
	at java.base/java.lang.ThreadLocal$SuppliedThreadLocal.initialValue(ThreadLocal.java:305)
	at java.base/java.lang.ThreadLocal.setInitialValue(ThreadLocal.java:195)
	at java.base/java.lang.ThreadLocal.get(ThreadLocal.java:172)
	at io.cucumber.core.runtime.ThreadLocalRunnerSupplier.get(ThreadLocalRunnerSupplier.java:40)
	at io.cucumber.core.runtime.RethrowingThrowableCollector.executeAndThrow(RethrowingThrowableCollector.java:35)
	at io.cucumber.core.runtime.CucumberExecutionContext.getRunner(CucumberExecutionContext.java:133)
	at io.cucumber.core.runtime.CucumberExecutionContext.runBeforeAllHooks(CucumberExecutionContext.java:86)
	at io.cucumber.junit.Cucumber$RunBeforeAllHooks.evaluate(Cucumber.java:265)
	at io.cucumber.junit.Cucumber$RunAfterAllHooks.evaluate(Cucumber.java:281)
	at io.cucumber.junit.Cucumber$StartTestRun.evaluate(Cucumber.java:233)
	at io.cucumber.junit.Cucumber$FinishTestRun.evaluate(Cucumber.java:248)
	at org.junit.runners.ParentRunner$3.evaluate(ParentRunner.java:306)
	at org.junit.runners.ParentRunner.run(ParentRunner.java:413)
	at org.apache.maven.surefire.junit4.JUnit4Provider.execute(JUnit4Provider.java:364)
	at org.apache.maven.surefire.junit4.JUnit4Provider.executeWithRerun(JUnit4Provider.java:272)
	at org.apache.maven.surefire.junit4.JUnit4Provider.executeTestSet(JUnit4Provider.java:237)
	at org.apache.maven.surefire.junit4.JUnit4Provider.invoke(JUnit4Provider.java:158)
	at org.apache.maven.surefire.booter.ForkedBooter.runSuitesInProcess(ForkedBooter.java:428)
	at org.apache.maven.surefire.booter.ForkedBooter.execute(ForkedBooter.java:162)
	at org.apache.maven.surefire.booter.ForkedBooter.run(ForkedBooter.java:562)
	at org.apache.maven.surefire.booter.ForkedBooter.main(ForkedBooter.java:548)
Caused by: java.io.IOException: Error while instrumenting javax/lang/model/SourceVersion.
	at org.jacoco.agent.rt.internal_035b120.core.instr.Instrumenter.instrumentError(Instrumenter.java:158)
	at org.jacoco.agent.rt.internal_035b120.core.instr.Instrumenter.instrument(Instrumenter.java:108)
	at org.jacoco.agent.rt.internal_035b120.CoverageTransformer.transform(CoverageTransformer.java:91)
	... 51 more
Caused by: java.lang.IllegalArgumentException: Unsupported class file major version 61
	at org.jacoco.agent.rt.internal_035b120.asm.ClassReader.<init>(ClassReader.java:195)
	at org.jacoco.agent.rt.internal_035b120.asm.ClassReader.<init>(ClassReader.java:176)
	at org.jacoco.agent.rt.internal_035b120.asm.ClassReader.<init>(ClassReader.java:162)
	at org.jacoco.agent.rt.internal_035b120.core.internal.instr.InstrSupport.classReaderFor(InstrSupport.java:279)
	at org.jacoco.agent.rt.internal_035b120.core.instr.Instrumenter.instrument(Instrumenter.java:74)
	at org.jacoco.agent.rt.internal_035b120.core.instr.Instrumenter.instrument(Instrumenter.java:106)
	... 52 more
SLF4J: Failed to load class "org.slf4j.impl.StaticLoggerBinder".
SLF4J: Defaulting to no-operation (NOP) logger implementation
SLF4J: See http://www.slf4j.org/codes.html#StaticLoggerBinder for further details.
java.lang.instrument.IllegalClassFormatException: Error while instrumenting sun/security/ec/SunEC.
	at org.jacoco.agent.rt.internal_035b120.CoverageTransformer.transform(CoverageTransformer.java:93)
	at java.instrument/java.lang.instrument.ClassFileTransformer.transform(ClassFileTransformer.java:244)
	at java.instrument/sun.instrument.TransformerManager.transform(TransformerManager.java:188)
	at java.instrument/sun.instrument.InstrumentationImpl.transform(InstrumentationImpl.java:541)
	at java.base/java.lang.ClassLoader.defineClass2(Native Method)
	at java.base/java.lang.ClassLoader.defineClass(ClassLoader.java:1103)
	at java.base/java.security.SecureClassLoader.defineClass(SecureClassLoader.java:182)
	at java.base/jdk.internal.loader.BuiltinClassLoader.defineClass(BuiltinClassLoader.java:821)
	at java.base/jdk.internal.loader.BuiltinClassLoader.findClassInModuleOrNull(BuiltinClassLoader.java:741)
	at java.base/jdk.internal.loader.BuiltinClassLoader.findClass(BuiltinClassLoader.java:621)
	at java.base/java.lang.ClassLoader.loadClass(ClassLoader.java:632)
	at java.base/java.lang.Class.forName(Class.java:545)
	at java.base/java.util.ServiceLoader.loadProvider(ServiceLoader.java:859)
	at java.base/java.util.ServiceLoader$ModuleServicesLookupIterator.hasNext(ServiceLoader.java:1084)
	at java.base/java.util.ServiceLoader$2.hasNext(ServiceLoader.java:1309)
	at java.base/java.util.ServiceLoader$3.hasNext(ServiceLoader.java:1393)
	at java.base/sun.security.jca.ProviderConfig$ProviderLoader.load(ProviderConfig.java:345)
	at java.base/sun.security.jca.ProviderConfig$3.run(ProviderConfig.java:254)
	at java.base/sun.security.jca.ProviderConfig$3.run(ProviderConfig.java:248)
	at java.base/java.security.AccessController.doPrivileged(AccessController.java:318)
	at java.base/sun.security.jca.ProviderConfig.doLoadProvider(ProviderConfig.java:248)
	at java.base/sun.security.jca.ProviderConfig.getProvider(ProviderConfig.java:226)
	at java.base/sun.security.jca.ProviderList.getProvider(ProviderList.java:268)
	at java.base/sun.security.jca.ProviderList.getService(ProviderList.java:381)
	at java.base/sun.security.jca.GetInstance.getInstance(GetInstance.java:157)
	at java.base/javax.net.ssl.TrustManagerFactory.getInstance(TrustManagerFactory.java:164)
	at org.apache.hc.core5.ssl.SSLContextBuilder.loadTrustMaterial(SSLContextBuilder.java:211)
	at io.github.bonigarcia.wdm.online.HttpClient.<init>(HttpClient.java:105)
	at io.github.bonigarcia.wdm.WebDriverManager.setup(WebDriverManager.java:402)
	at factory.DriverFactory.init_driver(DriverFactory.java:22)
	at stepDefinition.ApplicationHooks.launchBrowser(ApplicationHooks.java:30)
	at java.base/jdk.internal.reflect.NativeMethodAccessorImpl.invoke0(Native Method)
	at java.base/jdk.internal.reflect.NativeMethodAccessorImpl.invoke(NativeMethodAccessorImpl.java:77)
	at java.base/jdk.internal.reflect.DelegatingMethodAccessorImpl.invoke(DelegatingMethodAccessorImpl.java:43)
	at java.base/java.lang.reflect.Method.invoke(Method.java:568)
	at io.cucumber.java.Invoker.doInvoke(Invoker.java:66)
	at io.cucumber.java.Invoker.invoke(Invoker.java:24)
	at io.cucumber.java.AbstractGlueDefinition.invokeMethod(AbstractGlueDefinition.java:47)
	at io.cucumber.java.JavaHookDefinition.execute(JavaHookDefinition.java:64)
	at io.cucumber.core.runner.CoreHookDefinition.execute(CoreHookDefinition.java:46)
	at io.cucumber.core.runner.HookDefinitionMatch.runStep(HookDefinitionMatch.java:21)
	at io.cucumber.core.runner.ExecutionMode$1.execute(ExecutionMode.java:10)
	at io.cucumber.core.runner.TestStep.executeStep(TestStep.java:85)
	at io.cucumber.core.runner.TestStep.run(TestStep.java:57)
	at io.cucumber.core.runner.TestCase.run(TestCase.java:78)
	at io.cucumber.core.runner.Runner.runPickle(Runner.java:75)
	at io.cucumber.junit.PickleRunners$NoStepDescriptions.lambda$run$0(PickleRunners.java:151)
	at io.cucumber.core.runtime.CucumberExecutionContext.lambda$runTestCase$5(CucumberExecutionContext.java:129)
	at io.cucumber.core.runtime.RethrowingThrowableCollector.executeAndThrow(RethrowingThrowableCollector.java:23)
	at io.cucumber.core.runtime.CucumberExecutionContext.runTestCase(CucumberExecutionContext.java:129)
	at io.cucumber.junit.PickleRunners$NoStepDescriptions.run(PickleRunners.java:148)
	at io.cucumber.junit.FeatureRunner.runChild(FeatureRunner.java:144)
	at io.cucumber.junit.FeatureRunner.runChild(FeatureRunner.java:28)
	at org.junit.runners.ParentRunner$4.run(ParentRunner.java:331)
	at org.junit.runners.ParentRunner$1.schedule(ParentRunner.java:79)
	at org.junit.runners.ParentRunner.runChildren(ParentRunner.java:329)
	at org.junit.runners.ParentRunner.access$100(ParentRunner.java:66)
	at org.junit.runners.ParentRunner$2.evaluate(ParentRunner.java:293)
	at org.junit.runners.ParentRunner$3.evaluate(ParentRunner.java:306)
	at org.junit.runners.ParentRunner.run(ParentRunner.java:413)
	at io.cucumber.junit.FeatureRunner.run(FeatureRunner.java:137)
	at io.cucumber.junit.Cucumber.runChild(Cucumber.java:196)
	at io.cucumber.junit.Cucumber.runChild(Cucumber.java:89)
	at org.junit.runners.ParentRunner$4.run(ParentRunner.java:331)
	at org.junit.runners.ParentRunner$1.schedule(ParentRunner.java:79)
	at org.junit.runners.ParentRunner.runChildren(ParentRunner.java:329)
	at org.junit.runners.ParentRunner.access$100(ParentRunner.java:66)
	at org.junit.runners.ParentRunner$2.evaluate(ParentRunner.java:293)
	at io.cucumber.junit.Cucumber$RunBeforeAllHooks.evaluate(Cucumber.java:266)
	at io.cucumber.junit.Cucumber$RunAfterAllHooks.evaluate(Cucumber.java:281)
	at io.cucumber.junit.Cucumber$StartTestRun.evaluate(Cucumber.java:233)
	at io.cucumber.junit.Cucumber$FinishTestRun.evaluate(Cucumber.java:248)
	at org.junit.runners.ParentRunner$3.evaluate(ParentRunner.java:306)
	at org.junit.runners.ParentRunner.run(ParentRunner.java:413)
	at org.apache.maven.surefire.junit4.JUnit4Provider.execute(JUnit4Provider.java:364)
	at org.apache.maven.surefire.junit4.JUnit4Provider.executeWithRerun(JUnit4Provider.java:272)
	at org.apache.maven.surefire.junit4.JUnit4Provider.executeTestSet(JUnit4Provider.java:237)
	at org.apache.maven.surefire.junit4.JUnit4Provider.invoke(JUnit4Provider.java:158)
	at org.apache.maven.surefire.booter.ForkedBooter.runSuitesInProcess(ForkedBooter.java:428)
	at org.apache.maven.surefire.booter.ForkedBooter.execute(ForkedBooter.java:162)
	at org.apache.maven.surefire.booter.ForkedBooter.run(ForkedBooter.java:562)
	at org.apache.maven.surefire.booter.ForkedBooter.main(ForkedBooter.java:548)
Caused by: java.io.IOException: Error while instrumenting sun/security/ec/SunEC.
	at org.jacoco.agent.rt.internal_035b120.core.instr.Instrumenter.instrumentError(Instrumenter.java:158)
	at org.jacoco.agent.rt.internal_035b120.core.instr.Instrumenter.instrument(Instrumenter.java:108)
	at org.jacoco.agent.rt.internal_035b120.CoverageTransformer.transform(CoverageTransformer.java:91)
	... 81 more
Caused by: java.lang.IllegalArgumentException: Unsupported class file major version 61
	at org.jacoco.agent.rt.internal_035b120.asm.ClassReader.<init>(ClassReader.java:195)
	at org.jacoco.agent.rt.internal_035b120.asm.ClassReader.<init>(ClassReader.java:176)
	at org.jacoco.agent.rt.internal_035b120.asm.ClassReader.<init>(ClassReader.java:162)
	at org.jacoco.agent.rt.internal_035b120.core.internal.instr.InstrSupport.classReaderFor(InstrSupport.java:279)
	at org.jacoco.agent.rt.internal_035b120.core.instr.Instrumenter.instrument(Instrumenter.java:74)
	at org.jacoco.agent.rt.internal_035b120.core.instr.Instrumenter.instrument(Instrumenter.java:106)
	... 82 more
java.lang.instrument.IllegalClassFormatException: Error while instrumenting sun/security/ec/SunEC$ProviderService.
	at org.jacoco.agent.rt.internal_035b120.CoverageTransformer.transform(CoverageTransformer.java:93)
	at java.instrument/java.lang.instrument.ClassFileTransformer.transform(ClassFileTransformer.java:244)
	at java.instrument/sun.instrument.TransformerManager.transform(TransformerManager.java:188)
	at java.instrument/sun.instrument.InstrumentationImpl.transform(InstrumentationImpl.java:541)
	at java.base/java.lang.ClassLoader.defineClass2(Native Method)
	at java.base/java.lang.ClassLoader.defineClass(ClassLoader.java:1103)
	at java.base/java.security.SecureClassLoader.defineClass(SecureClassLoader.java:182)
	at java.base/jdk.internal.loader.BuiltinClassLoader.defineClass(BuiltinClassLoader.java:821)
	at java.base/jdk.internal.loader.BuiltinClassLoader.findClassInModuleOrNull(BuiltinClassLoader.java:741)
	at java.base/jdk.internal.loader.BuiltinClassLoader.loadClassOrNull(BuiltinClassLoader.java:665)
	at java.base/jdk.internal.loader.BuiltinClassLoader.loadClass(BuiltinClassLoader.java:639)
	at java.base/java.lang.ClassLoader.loadClass(ClassLoader.java:520)
	at java.base/java.lang.Class.getDeclaredMethods0(Native Method)
	at java.base/java.lang.Class.privateGetDeclaredMethods(Class.java:3402)
	at java.base/java.lang.Class.getDeclaredPublicMethods(Class.java:2691)
	at java.base/java.lang.System$2.getDeclaredPublicMethods(System.java:2259)
	at java.base/java.util.ServiceLoader.findStaticProviderMethod(ServiceLoader.java:621)
	at java.base/java.util.ServiceLoader.loadProvider(ServiceLoader.java:885)
	at java.base/java.util.ServiceLoader$ModuleServicesLookupIterator.hasNext(ServiceLoader.java:1084)
	at java.base/java.util.ServiceLoader$2.hasNext(ServiceLoader.java:1309)
	at java.base/java.util.ServiceLoader$3.hasNext(ServiceLoader.java:1393)
	at java.base/sun.security.jca.ProviderConfig$ProviderLoader.load(ProviderConfig.java:345)
	at java.base/sun.security.jca.ProviderConfig$3.run(ProviderConfig.java:254)
	at java.base/sun.security.jca.ProviderConfig$3.run(ProviderConfig.java:248)
	at java.base/java.security.AccessController.doPrivileged(AccessController.java:318)
	at java.base/sun.security.jca.ProviderConfig.doLoadProvider(ProviderConfig.java:248)
	at java.base/sun.security.jca.ProviderConfig.getProvider(ProviderConfig.java:226)
	at java.base/sun.security.jca.ProviderList.getProvider(ProviderList.java:268)
	at java.base/sun.security.jca.ProviderList.getService(ProviderList.java:381)
	at java.base/sun.security.jca.GetInstance.getInstance(GetInstance.java:157)
	at java.base/javax.net.ssl.TrustManagerFactory.getInstance(TrustManagerFactory.java:164)
	at org.apache.hc.core5.ssl.SSLContextBuilder.loadTrustMaterial(SSLContextBuilder.java:211)
	at io.github.bonigarcia.wdm.online.HttpClient.<init>(HttpClient.java:105)
	at io.github.bonigarcia.wdm.WebDriverManager.setup(WebDriverManager.java:402)
	at factory.DriverFactory.init_driver(DriverFactory.java:22)
	at stepDefinition.ApplicationHooks.launchBrowser(ApplicationHooks.java:30)
	at java.base/jdk.internal.reflect.NativeMethodAccessorImpl.invoke0(Native Method)
	at java.base/jdk.internal.reflect.NativeMethodAccessorImpl.invoke(NativeMethodAccessorImpl.java:77)
	at java.base/jdk.internal.reflect.DelegatingMethodAccessorImpl.invoke(DelegatingMethodAccessorImpl.java:43)
	at java.base/java.lang.reflect.Method.invoke(Method.java:568)
	at io.cucumber.java.Invoker.doInvoke(Invoker.java:66)
	at io.cucumber.java.Invoker.invoke(Invoker.java:24)
	at io.cucumber.java.AbstractGlueDefinition.invokeMethod(AbstractGlueDefinition.java:47)
	at io.cucumber.java.JavaHookDefinition.execute(JavaHookDefinition.java:64)
	at io.cucumber.core.runner.CoreHookDefinition.execute(CoreHookDefinition.java:46)
	at io.cucumber.core.runner.HookDefinitionMatch.runStep(HookDefinitionMatch.java:21)
	at io.cucumber.core.runner.ExecutionMode$1.execute(ExecutionMode.java:10)
	at io.cucumber.core.runner.TestStep.executeStep(TestStep.java:85)
	at io.cucumber.core.runner.TestStep.run(TestStep.java:57)
	at io.cucumber.core.runner.TestCase.run(TestCase.java:78)
	at io.cucumber.core.runner.Runner.runPickle(Runner.java:75)
	at io.cucumber.junit.PickleRunners$NoStepDescriptions.lambda$run$0(PickleRunners.java:151)
	at io.cucumber.core.runtime.CucumberExecutionContext.lambda$runTestCase$5(CucumberExecutionContext.java:129)
	at io.cucumber.core.runtime.RethrowingThrowableCollector.executeAndThrow(RethrowingThrowableCollector.java:23)
	at io.cucumber.core.runtime.CucumberExecutionContext.runTestCase(CucumberExecutionContext.java:129)
	at io.cucumber.junit.PickleRunners$NoStepDescriptions.run(PickleRunners.java:148)
	at io.cucumber.junit.FeatureRunner.runChild(FeatureRunner.java:144)
	at io.cucumber.junit.FeatureRunner.runChild(FeatureRunner.java:28)
	at org.junit.runners.ParentRunner$4.run(ParentRunner.java:331)
	at org.junit.runners.ParentRunner$1.schedule(ParentRunner.java:79)
	at org.junit.runners.ParentRunner.runChildren(ParentRunner.java:329)
	at org.junit.runners.ParentRunner.access$100(ParentRunner.java:66)
	at org.junit.runners.ParentRunner$2.evaluate(ParentRunner.java:293)
	at org.junit.runners.ParentRunner$3.evaluate(ParentRunner.java:306)
	at org.junit.runners.ParentRunner.run(ParentRunner.java:413)
	at io.cucumber.junit.FeatureRunner.run(FeatureRunner.java:137)
	at io.cucumber.junit.Cucumber.runChild(Cucumber.java:196)
	at io.cucumber.junit.Cucumber.runChild(Cucumber.java:89)
	at org.junit.runners.ParentRunner$4.run(ParentRunner.java:331)
	at org.junit.runners.ParentRunner$1.schedule(ParentRunner.java:79)
	at org.junit.runners.ParentRunner.runChildren(ParentRunner.java:329)
	at org.junit.runners.ParentRunner.access$100(ParentRunner.java:66)
	at org.junit.runners.ParentRunner$2.evaluate(ParentRunner.java:293)
	at io.cucumber.junit.Cucumber$RunBeforeAllHooks.evaluate(Cucumber.java:266)
	at io.cucumber.junit.Cucumber$RunAfterAllHooks.evaluate(Cucumber.java:281)
	at io.cucumber.junit.Cucumber$StartTestRun.evaluate(Cucumber.java:233)
	at io.cucumber.junit.Cucumber$FinishTestRun.evaluate(Cucumber.java:248)
	at org.junit.runners.ParentRunner$3.evaluate(ParentRunner.java:306)
	at org.junit.runners.ParentRunner.run(ParentRunner.java:413)
	at org.apache.maven.surefire.junit4.JUnit4Provider.execute(JUnit4Provider.java:364)
	at org.apache.maven.surefire.junit4.JUnit4Provider.executeWithRerun(JUnit4Provider.java:272)
	at org.apache.maven.surefire.junit4.JUnit4Provider.executeTestSet(JUnit4Provider.java:237)
	at org.apache.maven.surefire.junit4.JUnit4Provider.invoke(JUnit4Provider.java:158)
	at org.apache.maven.surefire.booter.ForkedBooter.runSuitesInProcess(ForkedBooter.java:428)
	at org.apache.maven.surefire.booter.ForkedBooter.execute(ForkedBooter.java:162)
	at org.apache.maven.surefire.booter.ForkedBooter.run(ForkedBooter.java:562)
	at org.apache.maven.surefire.booter.ForkedBooter.main(ForkedBooter.java:548)
Caused by: java.io.IOException: Error while instrumenting sun/security/ec/SunEC$ProviderService.
	at org.jacoco.agent.rt.internal_035b120.core.instr.Instrumenter.instrumentError(Instrumenter.java:158)
	at org.jacoco.agent.rt.internal_035b120.core.instr.Instrumenter.instrument(Instrumenter.java:108)
	at org.jacoco.agent.rt.internal_035b120.CoverageTransformer.transform(CoverageTransformer.java:91)
	... 86 more
Caused by: java.lang.IllegalArgumentException: Unsupported class file major version 61
	at org.jacoco.agent.rt.internal_035b120.asm.ClassReader.<init>(ClassReader.java:195)
	at org.jacoco.agent.rt.internal_035b120.asm.ClassReader.<init>(ClassReader.java:176)
	at org.jacoco.agent.rt.internal_035b120.asm.ClassReader.<init>(ClassReader.java:162)
	at org.jacoco.agent.rt.internal_035b120.core.internal.instr.InstrSupport.classReaderFor(InstrSupport.java:279)
	at org.jacoco.agent.rt.internal_035b120.core.instr.Instrumenter.instrument(Instrumenter.java:74)
	at org.jacoco.agent.rt.internal_035b120.core.instr.Instrumenter.instrument(Instrumenter.java:106)
	... 87 more
java.lang.instrument.IllegalClassFormatException: Error while instrumenting sun/security/ec/SunEC$ProviderServiceA.
	at org.jacoco.agent.rt.internal_035b120.CoverageTransformer.transform(CoverageTransformer.java:93)
	at java.instrument/java.lang.instrument.ClassFileTransformer.transform(ClassFileTransformer.java:244)
	at java.instrument/sun.instrument.TransformerManager.transform(TransformerManager.java:188)
	at java.instrument/sun.instrument.InstrumentationImpl.transform(InstrumentationImpl.java:541)
	at java.base/java.lang.ClassLoader.defineClass2(Native Method)
	at java.base/java.lang.ClassLoader.defineClass(ClassLoader.java:1103)
	at java.base/java.security.SecureClassLoader.defineClass(SecureClassLoader.java:182)
	at java.base/jdk.internal.loader.BuiltinClassLoader.defineClass(BuiltinClassLoader.java:821)
	at java.base/jdk.internal.loader.BuiltinClassLoader.findClassInModuleOrNull(BuiltinClassLoader.java:741)
	at java.base/jdk.internal.loader.BuiltinClassLoader.loadClassOrNull(BuiltinClassLoader.java:665)
	at java.base/jdk.internal.loader.BuiltinClassLoader.loadClass(BuiltinClassLoader.java:639)
	at java.base/java.lang.ClassLoader.loadClass(ClassLoader.java:520)
	at java.base/java.lang.Class.getDeclaredMethods0(Native Method)
	at java.base/java.lang.Class.privateGetDeclaredMethods(Class.java:3402)
	at java.base/java.lang.Class.getDeclaredPublicMethods(Class.java:2691)
	at java.base/java.lang.System$2.getDeclaredPublicMethods(System.java:2259)
	at java.base/java.util.ServiceLoader.findStaticProviderMethod(ServiceLoader.java:621)
	at java.base/java.util.ServiceLoader.loadProvider(ServiceLoader.java:885)
	at java.base/java.util.ServiceLoader$ModuleServicesLookupIterator.hasNext(ServiceLoader.java:1084)
	at java.base/java.util.ServiceLoader$2.hasNext(ServiceLoader.java:1309)
	at java.base/java.util.ServiceLoader$3.hasNext(ServiceLoader.java:1393)
	at java.base/sun.security.jca.ProviderConfig$ProviderLoader.load(ProviderConfig.java:345)
	at java.base/sun.security.jca.ProviderConfig$3.run(ProviderConfig.java:254)
	at java.base/sun.security.jca.ProviderConfig$3.run(ProviderConfig.java:248)
	at java.base/java.security.AccessController.doPrivileged(AccessController.java:318)
	at java.base/sun.security.jca.ProviderConfig.doLoadProvider(ProviderConfig.java:248)
	at java.base/sun.security.jca.ProviderConfig.getProvider(ProviderConfig.java:226)
	at java.base/sun.security.jca.ProviderList.getProvider(ProviderList.java:268)
	at java.base/sun.security.jca.ProviderList.getService(ProviderList.java:381)
	at java.base/sun.security.jca.GetInstance.getInstance(GetInstance.java:157)
	at java.base/javax.net.ssl.TrustManagerFactory.getInstance(TrustManagerFactory.java:164)
	at org.apache.hc.core5.ssl.SSLContextBuilder.loadTrustMaterial(SSLContextBuilder.java:211)
	at io.github.bonigarcia.wdm.online.HttpClient.<init>(HttpClient.java:105)
	at io.github.bonigarcia.wdm.WebDriverManager.setup(WebDriverManager.java:402)
	at factory.DriverFactory.init_driver(DriverFactory.java:22)
	at stepDefinition.ApplicationHooks.launchBrowser(ApplicationHooks.java:30)
	at java.base/jdk.internal.reflect.NativeMethodAccessorImpl.invoke0(Native Method)
	at java.base/jdk.internal.reflect.NativeMethodAccessorImpl.invoke(NativeMethodAccessorImpl.java:77)
	at java.base/jdk.internal.reflect.DelegatingMethodAccessorImpl.invoke(DelegatingMethodAccessorImpl.java:43)
	at java.base/java.lang.reflect.Method.invoke(Method.java:568)
	at io.cucumber.java.Invoker.doInvoke(Invoker.java:66)
	at io.cucumber.java.Invoker.invoke(Invoker.java:24)
	at io.cucumber.java.AbstractGlueDefinition.invokeMethod(AbstractGlueDefinition.java:47)
	at io.cucumber.java.JavaHookDefinition.execute(JavaHookDefinition.java:64)
	at io.cucumber.core.runner.CoreHookDefinition.execute(CoreHookDefinition.java:46)
	at io.cucumber.core.runner.HookDefinitionMatch.runStep(HookDefinitionMatch.java:21)
	at io.cucumber.core.runner.ExecutionMode$1.execute(ExecutionMode.java:10)
	at io.cucumber.core.runner.TestStep.executeStep(TestStep.java:85)
	at io.cucumber.core.runner.TestStep.run(TestStep.java:57)
	at io.cucumber.core.runner.TestCase.run(TestCase.java:78)
	at io.cucumber.core.runner.Runner.runPickle(Runner.java:75)
	at io.cucumber.junit.PickleRunners$NoStepDescriptions.lambda$run$0(PickleRunners.java:151)
	at io.cucumber.core.runtime.CucumberExecutionContext.lambda$runTestCase$5(CucumberExecutionContext.java:129)
	at io.cucumber.core.runtime.RethrowingThrowableCollector.executeAndThrow(RethrowingThrowableCollector.java:23)
	at io.cucumber.core.runtime.CucumberExecutionContext.runTestCase(CucumberExecutionContext.java:129)
	at io.cucumber.junit.PickleRunners$NoStepDescriptions.run(PickleRunners.java:148)
	at io.cucumber.junit.FeatureRunner.runChild(FeatureRunner.java:144)
	at io.cucumber.junit.FeatureRunner.runChild(FeatureRunner.java:28)
	at org.junit.runners.ParentRunner$4.run(ParentRunner.java:331)
	at org.junit.runners.ParentRunner$1.schedule(ParentRunner.java:79)
	at org.junit.runners.ParentRunner.runChildren(ParentRunner.java:329)
	at org.junit.runners.ParentRunner.access$100(ParentRunner.java:66)
	at org.junit.runners.ParentRunner$2.evaluate(ParentRunner.java:293)
	at org.junit.runners.ParentRunner$3.evaluate(ParentRunner.java:306)
	at org.junit.runners.ParentRunner.run(ParentRunner.java:413)
	at io.cucumber.junit.FeatureRunner.run(FeatureRunner.java:137)
	at io.cucumber.junit.Cucumber.runChild(Cucumber.java:196)
	at io.cucumber.junit.Cucumber.runChild(Cucumber.java:89)
	at org.junit.runners.ParentRunner$4.run(ParentRunner.java:331)
	at org.junit.runners.ParentRunner$1.schedule(ParentRunner.java:79)
	at org.junit.runners.ParentRunner.runChildren(ParentRunner.java:329)
	at org.junit.runners.ParentRunner.access$100(ParentRunner.java:66)
	at org.junit.runners.ParentRunner$2.evaluate(ParentRunner.java:293)
	at io.cucumber.junit.Cucumber$RunBeforeAllHooks.evaluate(Cucumber.java:266)
	at io.cucumber.junit.Cucumber$RunAfterAllHooks.evaluate(Cucumber.java:281)
	at io.cucumber.junit.Cucumber$StartTestRun.evaluate(Cucumber.java:233)
	at io.cucumber.junit.Cucumber$FinishTestRun.evaluate(Cucumber.java:248)
	at org.junit.runners.ParentRunner$3.evaluate(ParentRunner.java:306)
	at org.junit.runners.ParentRunner.run(ParentRunner.java:413)
	at org.apache.maven.surefire.junit4.JUnit4Provider.execute(JUnit4Provider.java:364)
	at org.apache.maven.surefire.junit4.JUnit4Provider.executeWithRerun(JUnit4Provider.java:272)
	at org.apache.maven.surefire.junit4.JUnit4Provider.executeTestSet(JUnit4Provider.java:237)
	at org.apache.maven.surefire.junit4.JUnit4Provider.invoke(JUnit4Provider.java:158)
	at org.apache.maven.surefire.booter.ForkedBooter.runSuitesInProcess(ForkedBooter.java:428)
	at org.apache.maven.surefire.booter.ForkedBooter.execute(ForkedBooter.java:162)
	at org.apache.maven.surefire.booter.ForkedBooter.run(ForkedBooter.java:562)
	at org.apache.maven.surefire.booter.ForkedBooter.main(ForkedBooter.java:548)
Caused by: java.io.IOException: Error while instrumenting sun/security/ec/SunEC$ProviderServiceA.
	at org.jacoco.agent.rt.internal_035b120.core.instr.Instrumenter.instrumentError(Instrumenter.java:158)
	at org.jacoco.agent.rt.internal_035b120.core.instr.Instrumenter.instrument(Instrumenter.java:108)
	at org.jacoco.agent.rt.internal_035b120.CoverageTransformer.transform(CoverageTransformer.java:91)
	... 86 more
Caused by: java.lang.IllegalArgumentException: Unsupported class file major version 61
	at org.jacoco.agent.rt.internal_035b120.asm.ClassReader.<init>(ClassReader.java:195)
	at org.jacoco.agent.rt.internal_035b120.asm.ClassReader.<init>(ClassReader.java:176)
	at org.jacoco.agent.rt.internal_035b120.asm.ClassReader.<init>(ClassReader.java:162)
	at org.jacoco.agent.rt.internal_035b120.core.internal.instr.InstrSupport.classReaderFor(InstrSupport.java:279)
	at org.jacoco.agent.rt.internal_035b120.core.instr.Instrumenter.instrument(Instrumenter.java:74)
	at org.jacoco.agent.rt.internal_035b120.core.instr.Instrumenter.instrument(Instrumenter.java:106)
	... 87 more
java.lang.instrument.IllegalClassFormatException: Error while instrumenting sun/security/ec/SunEC$1.
	at org.jacoco.agent.rt.internal_035b120.CoverageTransformer.transform(CoverageTransformer.java:93)
	at java.instrument/java.lang.instrument.ClassFileTransformer.transform(ClassFileTransformer.java:244)
	at java.instrument/sun.instrument.TransformerManager.transform(TransformerManager.java:188)
	at java.instrument/sun.instrument.InstrumentationImpl.transform(InstrumentationImpl.java:541)
	at java.base/java.lang.ClassLoader.defineClass2(Native Method)
	at java.base/java.lang.ClassLoader.defineClass(ClassLoader.java:1103)
	at java.base/java.security.SecureClassLoader.defineClass(SecureClassLoader.java:182)
	at java.base/jdk.internal.loader.BuiltinClassLoader.defineClass(BuiltinClassLoader.java:821)
	at java.base/jdk.internal.loader.BuiltinClassLoader.findClassInModuleOrNull(BuiltinClassLoader.java:741)
	at java.base/jdk.internal.loader.BuiltinClassLoader.loadClassOrNull(BuiltinClassLoader.java:665)
	at java.base/jdk.internal.loader.BuiltinClassLoader.loadClass(BuiltinClassLoader.java:639)
	at java.base/java.lang.ClassLoader.loadClass(ClassLoader.java:520)
	at jdk.crypto.ec/sun.security.ec.SunEC.<init>(SunEC.java:192)
	at java.base/jdk.internal.reflect.NativeConstructorAccessorImpl.newInstance0(Native Method)
	at java.base/jdk.internal.reflect.NativeConstructorAccessorImpl.newInstance(NativeConstructorAccessorImpl.java:77)
	at java.base/jdk.internal.reflect.DelegatingConstructorAccessorImpl.newInstance(DelegatingConstructorAccessorImpl.java:45)
	at java.base/java.lang.reflect.Constructor.newInstanceWithCaller(Constructor.java:499)
	at java.base/java.lang.reflect.Constructor.newInstance(Constructor.java:480)
	at java.base/java.util.ServiceLoader$ProviderImpl.newInstance(ServiceLoader.java:789)
	at java.base/java.util.ServiceLoader$ProviderImpl.get(ServiceLoader.java:729)
	at java.base/java.util.ServiceLoader$3.next(ServiceLoader.java:1403)
	at java.base/sun.security.jca.ProviderConfig$ProviderLoader.load(ProviderConfig.java:347)
	at java.base/sun.security.jca.ProviderConfig$3.run(ProviderConfig.java:254)
	at java.base/sun.security.jca.ProviderConfig$3.run(ProviderConfig.java:248)
	at java.base/java.security.AccessController.doPrivileged(AccessController.java:318)
	at java.base/sun.security.jca.ProviderConfig.doLoadProvider(ProviderConfig.java:248)
	at java.base/sun.security.jca.ProviderConfig.getProvider(ProviderConfig.java:226)
	at java.base/sun.security.jca.ProviderList.getProvider(ProviderList.java:268)
	at java.base/sun.security.jca.ProviderList.getService(ProviderList.java:381)
	at java.base/sun.security.jca.GetInstance.getInstance(GetInstance.java:157)
	at java.base/javax.net.ssl.TrustManagerFactory.getInstance(TrustManagerFactory.java:164)
	at org.apache.hc.core5.ssl.SSLContextBuilder.loadTrustMaterial(SSLContextBuilder.java:211)
	at io.github.bonigarcia.wdm.online.HttpClient.<init>(HttpClient.java:105)
	at io.github.bonigarcia.wdm.WebDriverManager.setup(WebDriverManager.java:402)
	at factory.DriverFactory.init_driver(DriverFactory.java:22)
	at stepDefinition.ApplicationHooks.launchBrowser(ApplicationHooks.java:30)
	at java.base/jdk.internal.reflect.NativeMethodAccessorImpl.invoke0(Native Method)
	at java.base/jdk.internal.reflect.NativeMethodAccessorImpl.invoke(NativeMethodAccessorImpl.java:77)
	at java.base/jdk.internal.reflect.DelegatingMethodAccessorImpl.invoke(DelegatingMethodAccessorImpl.java:43)
	at java.base/java.lang.reflect.Method.invoke(Method.java:568)
	at io.cucumber.java.Invoker.doInvoke(Invoker.java:66)
	at io.cucumber.java.Invoker.invoke(Invoker.java:24)
	at io.cucumber.java.AbstractGlueDefinition.invokeMethod(AbstractGlueDefinition.java:47)
	at io.cucumber.java.JavaHookDefinition.execute(JavaHookDefinition.java:64)
	at io.cucumber.core.runner.CoreHookDefinition.execute(CoreHookDefinition.java:46)
	at io.cucumber.core.runner.HookDefinitionMatch.runStep(HookDefinitionMatch.java:21)
	at io.cucumber.core.runner.ExecutionMode$1.execute(ExecutionMode.java:10)
	at io.cucumber.core.runner.TestStep.executeStep(TestStep.java:85)
	at io.cucumber.core.runner.TestStep.run(TestStep.java:57)
	at io.cucumber.core.runner.TestCase.run(TestCase.java:78)
	at io.cucumber.core.runner.Runner.runPickle(Runner.java:75)
	at io.cucumber.junit.PickleRunners$NoStepDescriptions.lambda$run$0(PickleRunners.java:151)
	at io.cucumber.core.runtime.CucumberExecutionContext.lambda$runTestCase$5(CucumberExecutionContext.java:129)
	at io.cucumber.core.runtime.RethrowingThrowableCollector.executeAndThrow(RethrowingThrowableCollector.java:23)
	at io.cucumber.core.runtime.CucumberExecutionContext.runTestCase(CucumberExecutionContext.java:129)
	at io.cucumber.junit.PickleRunners$NoStepDescriptions.run(PickleRunners.java:148)
	at io.cucumber.junit.FeatureRunner.runChild(FeatureRunner.java:144)
	at io.cucumber.junit.FeatureRunner.runChild(FeatureRunner.java:28)
	at org.junit.runners.ParentRunner$4.run(ParentRunner.java:331)
	at org.junit.runners.ParentRunner$1.schedule(ParentRunner.java:79)
	at org.junit.runners.ParentRunner.runChildren(ParentRunner.java:329)
	at org.junit.runners.ParentRunner.access$100(ParentRunner.java:66)
	at org.junit.runners.ParentRunner$2.evaluate(ParentRunner.java:293)
	at org.junit.runners.ParentRunner$3.evaluate(ParentRunner.java:306)
	at org.junit.runners.ParentRunner.run(ParentRunner.java:413)
	at io.cucumber.junit.FeatureRunner.run(FeatureRunner.java:137)
	at io.cucumber.junit.Cucumber.runChild(Cucumber.java:196)
	at io.cucumber.junit.Cucumber.runChild(Cucumber.java:89)
	at org.junit.runners.ParentRunner$4.run(ParentRunner.java:331)
	at org.junit.runners.ParentRunner$1.schedule(ParentRunner.java:79)
	at org.junit.runners.ParentRunner.runChildren(ParentRunner.java:329)
	at org.junit.runners.ParentRunner.access$100(ParentRunner.java:66)
	at org.junit.runners.ParentRunner$2.evaluate(ParentRunner.java:293)
	at io.cucumber.junit.Cucumber$RunBeforeAllHooks.evaluate(Cucumber.java:266)
	at io.cucumber.junit.Cucumber$RunAfterAllHooks.evaluate(Cucumber.java:281)
	at io.cucumber.junit.Cucumber$StartTestRun.evaluate(Cucumber.java:233)
	at io.cucumber.junit.Cucumber$FinishTestRun.evaluate(Cucumber.java:248)
	at org.junit.runners.ParentRunner$3.evaluate(ParentRunner.java:306)
	at org.junit.runners.ParentRunner.run(ParentRunner.java:413)
	at org.apache.maven.surefire.junit4.JUnit4Provider.execute(JUnit4Provider.java:364)
	at org.apache.maven.surefire.junit4.JUnit4Provider.executeWithRerun(JUnit4Provider.java:272)
	at org.apache.maven.surefire.junit4.JUnit4Provider.executeTestSet(JUnit4Provider.java:237)
	at org.apache.maven.surefire.junit4.JUnit4Provider.invoke(JUnit4Provider.java:158)
	at org.apache.maven.surefire.booter.ForkedBooter.runSuitesInProcess(ForkedBooter.java:428)
	at org.apache.maven.surefire.booter.ForkedBooter.execute(ForkedBooter.java:162)
	at org.apache.maven.surefire.booter.ForkedBooter.run(ForkedBooter.java:562)
	at org.apache.maven.surefire.booter.ForkedBooter.main(ForkedBooter.java:548)
Caused by: java.io.IOException: Error while instrumenting sun/security/ec/SunEC$1.
	at org.jacoco.agent.rt.internal_035b120.core.instr.Instrumenter.instrumentError(Instrumenter.java:158)
	at org.jacoco.agent.rt.internal_035b120.core.instr.Instrumenter.instrument(Instrumenter.java:108)
	at org.jacoco.agent.rt.internal_035b120.CoverageTransformer.transform(CoverageTransformer.java:91)
	... 86 more
Caused by: java.lang.IllegalArgumentException: Unsupported class file major version 61
	at org.jacoco.agent.rt.internal_035b120.asm.ClassReader.<init>(ClassReader.java:195)
	at org.jacoco.agent.rt.internal_035b120.asm.ClassReader.<init>(ClassReader.java:176)
	at org.jacoco.agent.rt.internal_035b120.asm.ClassReader.<init>(ClassReader.java:162)
	at org.jacoco.agent.rt.internal_035b120.core.internal.instr.InstrSupport.classReaderFor(InstrSupport.java:279)
	at org.jacoco.agent.rt.internal_035b120.core.instr.Instrumenter.instrument(Instrumenter.java:74)
	at org.jacoco.agent.rt.internal_035b120.core.instr.Instrumenter.instrument(Instrumenter.java:106)
	... 87 more
java.lang.instrument.IllegalClassFormatException: Error while instrumenting sun/security/ec/ECKeyFactory.
	at org.jacoco.agent.rt.internal_035b120.CoverageTransformer.transform(CoverageTransformer.java:93)
	at java.instrument/java.lang.instrument.ClassFileTransformer.transform(ClassFileTransformer.java:244)
	at java.instrument/sun.instrument.TransformerManager.transform(TransformerManager.java:188)
	at java.instrument/sun.instrument.InstrumentationImpl.transform(InstrumentationImpl.java:541)
	at java.base/java.lang.ClassLoader.defineClass2(Native Method)
	at java.base/java.lang.ClassLoader.defineClass(ClassLoader.java:1103)
	at java.base/java.security.SecureClassLoader.defineClass(SecureClassLoader.java:182)
	at java.base/jdk.internal.loader.BuiltinClassLoader.defineClass(BuiltinClassLoader.java:821)
	at java.base/jdk.internal.loader.BuiltinClassLoader.findClassInModuleOrNull(BuiltinClassLoader.java:741)
	at java.base/jdk.internal.loader.BuiltinClassLoader.loadClassOrNull(BuiltinClassLoader.java:665)
	at java.base/jdk.internal.loader.BuiltinClassLoader.loadClass(BuiltinClassLoader.java:639)
	at java.base/java.lang.ClassLoader.loadClass(ClassLoader.java:520)
	at jdk.crypto.ec/sun.security.ec.SunEC$ProviderService.newInstance(SunEC.java:135)
	at java.base/java.security.KeyFactory.nextSpi(KeyFactory.java:315)
	at java.base/java.security.KeyFactory.<init>(KeyFactory.java:137)
	at java.base/java.security.KeyFactory.getInstance(KeyFactory.java:183)
	at java.base/sun.security.x509.X509Key.buildX509Key(X509Key.java:221)
	at java.base/sun.security.x509.X509Key.parse(X509Key.java:171)
	at java.base/sun.security.x509.CertificateX509Key.<init>(CertificateX509Key.java:75)
	at java.base/sun.security.x509.X509CertInfo.parse(X509CertInfo.java:674)
	at java.base/sun.security.x509.X509CertInfo.<init>(X509CertInfo.java:169)
	at java.base/sun.security.x509.X509CertImpl.parse(X509CertImpl.java:1791)
	at java.base/sun.security.x509.X509CertImpl.<init>(X509CertImpl.java:183)
	at java.base/sun.security.provider.X509Factory.engineGenerateCertificate(X509Factory.java:105)
	at java.base/java.security.cert.CertificateFactory.generateCertificate(CertificateFactory.java:355)
	at java.base/sun.security.provider.JavaKeyStore.engineLoad(JavaKeyStore.java:785)
	at java.base/sun.security.util.KeyStoreDelegator.engineLoad(KeyStoreDelegator.java:242)
	at java.base/java.security.KeyStore.load(KeyStore.java:1473)
	at java.base/sun.security.ssl.TrustStoreManager$TrustAnchorManager.loadKeyStore(TrustStoreManager.java:390)
	at java.base/sun.security.ssl.TrustStoreManager$TrustAnchorManager.getTrustedCerts(TrustStoreManager.java:336)
	at java.base/sun.security.ssl.TrustStoreManager.getTrustedCerts(TrustStoreManager.java:57)
	at java.base/sun.security.ssl.TrustManagerFactoryImpl.engineInit(TrustManagerFactoryImpl.java:49)
	at java.base/javax.net.ssl.TrustManagerFactory.init(TrustManagerFactory.java:282)
	at org.apache.hc.core5.ssl.SSLContextBuilder.loadTrustMaterial(SSLContextBuilder.java:214)
	at io.github.bonigarcia.wdm.online.HttpClient.<init>(HttpClient.java:105)
	at io.github.bonigarcia.wdm.WebDriverManager.setup(WebDriverManager.java:402)
	at factory.DriverFactory.init_driver(DriverFactory.java:22)
	at stepDefinition.ApplicationHooks.launchBrowser(ApplicationHooks.java:30)
	at java.base/jdk.internal.reflect.NativeMethodAccessorImpl.invoke0(Native Method)
	at java.base/jdk.internal.reflect.NativeMethodAccessorImpl.invoke(NativeMethodAccessorImpl.java:77)
	at java.base/jdk.internal.reflect.DelegatingMethodAccessorImpl.invoke(DelegatingMethodAccessorImpl.java:43)
	at java.base/java.lang.reflect.Method.invoke(Method.java:568)
	at io.cucumber.java.Invoker.doInvoke(Invoker.java:66)
	at io.cucumber.java.Invoker.invoke(Invoker.java:24)
	at io.cucumber.java.AbstractGlueDefinition.invokeMethod(AbstractGlueDefinition.java:47)
	at io.cucumber.java.JavaHookDefinition.execute(JavaHookDefinition.java:64)
	at io.cucumber.core.runner.CoreHookDefinition.execute(CoreHookDefinition.java:46)
	at io.cucumber.core.runner.HookDefinitionMatch.runStep(HookDefinitionMatch.java:21)
	at io.cucumber.core.runner.ExecutionMode$1.execute(ExecutionMode.java:10)
	at io.cucumber.core.runner.TestStep.executeStep(TestStep.java:85)
	at io.cucumber.core.runner.TestStep.run(TestStep.java:57)
	at io.cucumber.core.runner.TestCase.run(TestCase.java:78)
	at io.cucumber.core.runner.Runner.runPickle(Runner.java:75)
	at io.cucumber.junit.PickleRunners$NoStepDescriptions.lambda$run$0(PickleRunners.java:151)
	at io.cucumber.core.runtime.CucumberExecutionContext.lambda$runTestCase$5(CucumberExecutionContext.java:129)
	at io.cucumber.core.runtime.RethrowingThrowableCollector.executeAndThrow(RethrowingThrowableCollector.java:23)
	at io.cucumber.core.runtime.CucumberExecutionContext.runTestCase(CucumberExecutionContext.java:129)
	at io.cucumber.junit.PickleRunners$NoStepDescriptions.run(PickleRunners.java:148)
	at io.cucumber.junit.FeatureRunner.runChild(FeatureRunner.java:144)
	at io.cucumber.junit.FeatureRunner.runChild(FeatureRunner.java:28)
	at org.junit.runners.ParentRunner$4.run(ParentRunner.java:331)
	at org.junit.runners.ParentRunner$1.schedule(ParentRunner.java:79)
	at org.junit.runners.ParentRunner.runChildren(ParentRunner.java:329)
	at org.junit.runners.ParentRunner.access$100(ParentRunner.java:66)
	at org.junit.runners.ParentRunner$2.evaluate(ParentRunner.java:293)
	at org.junit.runners.ParentRunner$3.evaluate(ParentRunner.java:306)
	at org.junit.runners.ParentRunner.run(ParentRunner.java:413)
	at io.cucumber.junit.FeatureRunner.run(FeatureRunner.java:137)
	at io.cucumber.junit.Cucumber.runChild(Cucumber.java:196)
	at io.cucumber.junit.Cucumber.runChild(Cucumber.java:89)
	at org.junit.runners.ParentRunner$4.run(ParentRunner.java:331)
	at org.junit.runners.ParentRunner$1.schedule(ParentRunner.java:79)
	at org.junit.runners.ParentRunner.runChildren(ParentRunner.java:329)
	at org.junit.runners.ParentRunner.access$100(ParentRunner.java:66)
	at org.junit.runners.ParentRunner$2.evaluate(ParentRunner.java:293)
	at io.cucumber.junit.Cucumber$RunBeforeAllHooks.evaluate(Cucumber.java:266)
	at io.cucumber.junit.Cucumber$RunAfterAllHooks.evaluate(Cucumber.java:281)
	at io.cucumber.junit.Cucumber$StartTestRun.evaluate(Cucumber.java:233)
	at io.cucumber.junit.Cucumber$FinishTestRun.evaluate(Cucumber.java:248)
	at org.junit.runners.ParentRunner$3.evaluate(ParentRunner.java:306)
	at org.junit.runners.ParentRunner.run(ParentRunner.java:413)
	at org.apache.maven.surefire.junit4.JUnit4Provider.execute(JUnit4Provider.java:364)
	at org.apache.maven.surefire.junit4.JUnit4Provider.executeWithRerun(JUnit4Provider.java:272)
	at org.apache.maven.surefire.junit4.JUnit4Provider.executeTestSet(JUnit4Provider.java:237)
	at org.apache.maven.surefire.junit4.JUnit4Provider.invoke(JUnit4Provider.java:158)
	at org.apache.maven.surefire.booter.ForkedBooter.runSuitesInProcess(ForkedBooter.java:428)
	at org.apache.maven.surefire.booter.ForkedBooter.execute(ForkedBooter.java:162)
	at org.apache.maven.surefire.booter.ForkedBooter.run(ForkedBooter.java:562)
	at org.apache.maven.surefire.booter.ForkedBooter.main(ForkedBooter.java:548)
Caused by: java.io.IOException: Error while instrumenting sun/security/ec/ECKeyFactory.
	at org.jacoco.agent.rt.internal_035b120.core.instr.Instrumenter.instrumentError(Instrumenter.java:158)
	at org.jacoco.agent.rt.internal_035b120.core.instr.Instrumenter.instrument(Instrumenter.java:108)
	at org.jacoco.agent.rt.internal_035b120.CoverageTransformer.transform(CoverageTransformer.java:91)
	... 88 more
Caused by: java.lang.IllegalArgumentException: Unsupported class file major version 61
	at org.jacoco.agent.rt.internal_035b120.asm.ClassReader.<init>(ClassReader.java:195)
	at org.jacoco.agent.rt.internal_035b120.asm.ClassReader.<init>(ClassReader.java:176)
	at org.jacoco.agent.rt.internal_035b120.asm.ClassReader.<init>(ClassReader.java:162)
	at org.jacoco.agent.rt.internal_035b120.core.internal.instr.InstrSupport.classReaderFor(InstrSupport.java:279)
	at org.jacoco.agent.rt.internal_035b120.core.instr.Instrumenter.instrument(Instrumenter.java:74)
	at org.jacoco.agent.rt.internal_035b120.core.instr.Instrumenter.instrument(Instrumenter.java:106)
	... 89 more
java.lang.instrument.IllegalClassFormatException: Error while instrumenting sun/security/ec/ECPublicKeyImpl.
	at org.jacoco.agent.rt.internal_035b120.CoverageTransformer.transform(CoverageTransformer.java:93)
	at java.instrument/java.lang.instrument.ClassFileTransformer.transform(ClassFileTransformer.java:244)
	at java.instrument/sun.instrument.TransformerManager.transform(TransformerManager.java:188)
	at java.instrument/sun.instrument.InstrumentationImpl.transform(InstrumentationImpl.java:541)
	at java.base/java.lang.ClassLoader.defineClass2(Native Method)
	at java.base/java.lang.ClassLoader.defineClass(ClassLoader.java:1103)
	at java.base/java.security.SecureClassLoader.defineClass(SecureClassLoader.java:182)
	at java.base/jdk.internal.loader.BuiltinClassLoader.defineClass(BuiltinClassLoader.java:821)
	at java.base/jdk.internal.loader.BuiltinClassLoader.findClassInModuleOrNull(BuiltinClassLoader.java:741)
	at java.base/jdk.internal.loader.BuiltinClassLoader.loadClassOrNull(BuiltinClassLoader.java:665)
	at java.base/jdk.internal.loader.BuiltinClassLoader.loadClass(BuiltinClassLoader.java:639)
	at java.base/java.lang.ClassLoader.loadClass(ClassLoader.java:520)
	at jdk.crypto.ec/sun.security.ec.ECKeyFactory.implGeneratePublic(ECKeyFactory.java:225)
	at jdk.crypto.ec/sun.security.ec.ECKeyFactory.engineGeneratePublic(ECKeyFactory.java:154)
	at java.base/java.security.KeyFactory.generatePublic(KeyFactory.java:351)
	at java.base/sun.security.x509.X509Key.buildX509Key(X509Key.java:224)
	at java.base/sun.security.x509.X509Key.parse(X509Key.java:171)
	at java.base/sun.security.x509.CertificateX509Key.<init>(CertificateX509Key.java:75)
	at java.base/sun.security.x509.X509CertInfo.parse(X509CertInfo.java:674)
	at java.base/sun.security.x509.X509CertInfo.<init>(X509CertInfo.java:169)
	at java.base/sun.security.x509.X509CertImpl.parse(X509CertImpl.java:1791)
	at java.base/sun.security.x509.X509CertImpl.<init>(X509CertImpl.java:183)
	at java.base/sun.security.provider.X509Factory.engineGenerateCertificate(X509Factory.java:105)
	at java.base/java.security.cert.CertificateFactory.generateCertificate(CertificateFactory.java:355)
	at java.base/sun.security.provider.JavaKeyStore.engineLoad(JavaKeyStore.java:785)
	at java.base/sun.security.util.KeyStoreDelegator.engineLoad(KeyStoreDelegator.java:242)
	at java.base/java.security.KeyStore.load(KeyStore.java:1473)
	at java.base/sun.security.ssl.TrustStoreManager$TrustAnchorManager.loadKeyStore(TrustStoreManager.java:390)
	at java.base/sun.security.ssl.TrustStoreManager$TrustAnchorManager.getTrustedCerts(TrustStoreManager.java:336)
	at java.base/sun.security.ssl.TrustStoreManager.getTrustedCerts(TrustStoreManager.java:57)
	at java.base/sun.security.ssl.TrustManagerFactoryImpl.engineInit(TrustManagerFactoryImpl.java:49)
	at java.base/javax.net.ssl.TrustManagerFactory.init(TrustManagerFactory.java:282)
	at org.apache.hc.core5.ssl.SSLContextBuilder.loadTrustMaterial(SSLContextBuilder.java:214)
	at io.github.bonigarcia.wdm.online.HttpClient.<init>(HttpClient.java:105)
	at io.github.bonigarcia.wdm.WebDriverManager.setup(WebDriverManager.java:402)
	at factory.DriverFactory.init_driver(DriverFactory.java:22)
	at stepDefinition.ApplicationHooks.launchBrowser(ApplicationHooks.java:30)
	at java.base/jdk.internal.reflect.NativeMethodAccessorImpl.invoke0(Native Method)
	at java.base/jdk.internal.reflect.NativeMethodAccessorImpl.invoke(NativeMethodAccessorImpl.java:77)
	at java.base/jdk.internal.reflect.DelegatingMethodAccessorImpl.invoke(DelegatingMethodAccessorImpl.java:43)
	at java.base/java.lang.reflect.Method.invoke(Method.java:568)
	at io.cucumber.java.Invoker.doInvoke(Invoker.java:66)
	at io.cucumber.java.Invoker.invoke(Invoker.java:24)
	at io.cucumber.java.AbstractGlueDefinition.invokeMethod(AbstractGlueDefinition.java:47)
	at io.cucumber.java.JavaHookDefinition.execute(JavaHookDefinition.java:64)
	at io.cucumber.core.runner.CoreHookDefinition.execute(CoreHookDefinition.java:46)
	at io.cucumber.core.runner.HookDefinitionMatch.runStep(HookDefinitionMatch.java:21)
	at io.cucumber.core.runner.ExecutionMode$1.execute(ExecutionMode.java:10)
	at io.cucumber.core.runner.TestStep.executeStep(TestStep.java:85)
	at io.cucumber.core.runner.TestStep.run(TestStep.java:57)
	at io.cucumber.core.runner.TestCase.run(TestCase.java:78)
	at io.cucumber.core.runner.Runner.runPickle(Runner.java:75)
	at io.cucumber.junit.PickleRunners$NoStepDescriptions.lambda$run$0(PickleRunners.java:151)
	at io.cucumber.core.runtime.CucumberExecutionContext.lambda$runTestCase$5(CucumberExecutionContext.java:129)
	at io.cucumber.core.runtime.RethrowingThrowableCollector.executeAndThrow(RethrowingThrowableCollector.java:23)
	at io.cucumber.core.runtime.CucumberExecutionContext.runTestCase(CucumberExecutionContext.java:129)
	at io.cucumber.junit.PickleRunners$NoStepDescriptions.run(PickleRunners.java:148)
	at io.cucumber.junit.FeatureRunner.runChild(FeatureRunner.java:144)
	at io.cucumber.junit.FeatureRunner.runChild(FeatureRunner.java:28)
	at org.junit.runners.ParentRunner$4.run(ParentRunner.java:331)
	at org.junit.runners.ParentRunner$1.schedule(ParentRunner.java:79)
	at org.junit.runners.ParentRunner.runChildren(ParentRunner.java:329)
	at org.junit.runners.ParentRunner.access$100(ParentRunner.java:66)
	at org.junit.runners.ParentRunner$2.evaluate(ParentRunner.java:293)
	at org.junit.runners.ParentRunner$3.evaluate(ParentRunner.java:306)
	at org.junit.runners.ParentRunner.run(ParentRunner.java:413)
	at io.cucumber.junit.FeatureRunner.run(FeatureRunner.java:137)
	at io.cucumber.junit.Cucumber.runChild(Cucumber.java:196)
	at io.cucumber.junit.Cucumber.runChild(Cucumber.java:89)
	at org.junit.runners.ParentRunner$4.run(ParentRunner.java:331)
	at org.junit.runners.ParentRunner$1.schedule(ParentRunner.java:79)
	at org.junit.runners.ParentRunner.runChildren(ParentRunner.java:329)
	at org.junit.runners.ParentRunner.access$100(ParentRunner.java:66)
	at org.junit.runners.ParentRunner$2.evaluate(ParentRunner.java:293)
	at io.cucumber.junit.Cucumber$RunBeforeAllHooks.evaluate(Cucumber.java:266)
	at io.cucumber.junit.Cucumber$RunAfterAllHooks.evaluate(Cucumber.java:281)
	at io.cucumber.junit.Cucumber$StartTestRun.evaluate(Cucumber.java:233)
	at io.cucumber.junit.Cucumber$FinishTestRun.evaluate(Cucumber.java:248)
	at org.junit.runners.ParentRunner$3.evaluate(ParentRunner.java:306)
	at org.junit.runners.ParentRunner.run(ParentRunner.java:413)
	at org.apache.maven.surefire.junit4.JUnit4Provider.execute(JUnit4Provider.java:364)
	at org.apache.maven.surefire.junit4.JUnit4Provider.executeWithRerun(JUnit4Provider.java:272)
	at org.apache.maven.surefire.junit4.JUnit4Provider.executeTestSet(JUnit4Provider.java:237)
	at org.apache.maven.surefire.junit4.JUnit4Provider.invoke(JUnit4Provider.java:158)
	at org.apache.maven.surefire.booter.ForkedBooter.runSuitesInProcess(ForkedBooter.java:428)
	at org.apache.maven.surefire.booter.ForkedBooter.execute(ForkedBooter.java:162)
	at org.apache.maven.surefire.booter.ForkedBooter.run(ForkedBooter.java:562)
	at org.apache.maven.surefire.booter.ForkedBooter.main(ForkedBooter.java:548)
Caused by: java.io.IOException: Error while instrumenting sun/security/ec/ECPublicKeyImpl.
	at org.jacoco.agent.rt.internal_035b120.core.instr.Instrumenter.instrumentError(Instrumenter.java:158)
	at org.jacoco.agent.rt.internal_035b120.core.instr.Instrumenter.instrument(Instrumenter.java:108)
	at org.jacoco.agent.rt.internal_035b120.CoverageTransformer.transform(CoverageTransformer.java:91)
	... 87 more
Caused by: java.lang.IllegalArgumentException: Unsupported class file major version 61
	at org.jacoco.agent.rt.internal_035b120.asm.ClassReader.<init>(ClassReader.java:195)
	at org.jacoco.agent.rt.internal_035b120.asm.ClassReader.<init>(ClassReader.java:176)
	at org.jacoco.agent.rt.internal_035b120.asm.ClassReader.<init>(ClassReader.java:162)
	at org.jacoco.agent.rt.internal_035b120.core.internal.instr.InstrSupport.classReaderFor(InstrSupport.java:279)
	at org.jacoco.agent.rt.internal_035b120.core.instr.Instrumenter.instrument(Instrumenter.java:74)
	at org.jacoco.agent.rt.internal_035b120.core.instr.Instrumenter.instrument(Instrumenter.java:106)
	... 88 more
java.lang.instrument.IllegalClassFormatException: Error while instrumenting sun/security/ec/ECDSASignature$SHA1.
	at org.jacoco.agent.rt.internal_035b120.CoverageTransformer.transform(CoverageTransformer.java:93)
	at java.instrument/java.lang.instrument.ClassFileTransformer.transform(ClassFileTransformer.java:244)
	at java.instrument/sun.instrument.TransformerManager.transform(TransformerManager.java:188)
	at java.instrument/sun.instrument.InstrumentationImpl.transform(InstrumentationImpl.java:541)
	at java.base/java.lang.ClassLoader.defineClass2(Native Method)
	at java.base/java.lang.ClassLoader.defineClass(ClassLoader.java:1103)
	at java.base/java.security.SecureClassLoader.defineClass(SecureClassLoader.java:182)
	at java.base/jdk.internal.loader.BuiltinClassLoader.defineClass(BuiltinClassLoader.java:821)
	at java.base/jdk.internal.loader.BuiltinClassLoader.findClassInModuleOrNull(BuiltinClassLoader.java:741)
	at java.base/jdk.internal.loader.BuiltinClassLoader.loadClassOrNull(BuiltinClassLoader.java:665)
	at java.base/jdk.internal.loader.BuiltinClassLoader.loadClass(BuiltinClassLoader.java:639)
	at java.base/java.lang.ClassLoader.loadClass(ClassLoader.java:520)
	at jdk.crypto.ec/sun.security.ec.SunEC$ProviderService.newInstance(SunEC.java:104)
	at java.base/java.security.Signature.isSpi(Signature.java:331)
	at java.base/java.security.Signature.getInstance(Signature.java:275)
	at java.base/sun.security.ssl.JsseJce$EcAvailability.<clinit>(JsseJce.java:169)
	at java.base/sun.security.ssl.JsseJce.isEcAvailable(JsseJce.java:131)
	at java.base/sun.security.ssl.CipherSuite$KeyExchange.isAvailable(CipherSuite.java:1149)
	at java.base/sun.security.ssl.CipherSuite.isAvailable(CipherSuite.java:1011)
	at java.base/sun.security.ssl.SSLContextImpl.getApplicableCipherSuites(SSLContextImpl.java:379)
	at java.base/sun.security.ssl.SSLContextImpl.getApplicableSupportedCipherSuites(SSLContextImpl.java:342)
	at java.base/sun.security.ssl.SSLContextImpl$AbstractTLSContext.<clinit>(SSLContextImpl.java:556)
	at java.base/java.lang.Class.forName0(Native Method)
	at java.base/java.lang.Class.forName(Class.java:375)
	at java.base/java.security.Provider$Service.getImplClass(Provider.java:1933)
	at java.base/java.security.Provider$Service.getDefaultConstructor(Provider.java:1964)
	at java.base/java.security.Provider$Service.newInstanceOf(Provider.java:1878)
	at java.base/java.security.Provider$Service.newInstanceUtil(Provider.java:1886)
	at java.base/java.security.Provider$Service.newInstance(Provider.java:1861)
	at java.base/sun.security.jca.GetInstance.getInstance(GetInstance.java:236)
	at java.base/sun.security.jca.GetInstance.getInstance(GetInstance.java:164)
	at java.base/javax.net.ssl.SSLContext.getInstance(SSLContext.java:185)
	at org.apache.hc.core5.ssl.SSLContextBuilder.build(SSLContextBuilder.java:364)
	at io.github.bonigarcia.wdm.online.HttpClient.<init>(HttpClient.java:111)
	at io.github.bonigarcia.wdm.WebDriverManager.setup(WebDriverManager.java:402)
	at factory.DriverFactory.init_driver(DriverFactory.java:22)
	at stepDefinition.ApplicationHooks.launchBrowser(ApplicationHooks.java:30)
	at java.base/jdk.internal.reflect.NativeMethodAccessorImpl.invoke0(Native Method)
	at java.base/jdk.internal.reflect.NativeMethodAccessorImpl.invoke(NativeMethodAccessorImpl.java:77)
	at java.base/jdk.internal.reflect.DelegatingMethodAccessorImpl.invoke(DelegatingMethodAccessorImpl.java:43)
	at java.base/java.lang.reflect.Method.invoke(Method.java:568)
	at io.cucumber.java.Invoker.doInvoke(Invoker.java:66)
	at io.cucumber.java.Invoker.invoke(Invoker.java:24)
	at io.cucumber.java.AbstractGlueDefinition.invokeMethod(AbstractGlueDefinition.java:47)
	at io.cucumber.java.JavaHookDefinition.execute(JavaHookDefinition.java:64)
	at io.cucumber.core.runner.CoreHookDefinition.execute(CoreHookDefinition.java:46)
	at io.cucumber.core.runner.HookDefinitionMatch.runStep(HookDefinitionMatch.java:21)
	at io.cucumber.core.runner.ExecutionMode$1.execute(ExecutionMode.java:10)
	at io.cucumber.core.runner.TestStep.executeStep(TestStep.java:85)
	at io.cucumber.core.runner.TestStep.run(TestStep.java:57)
	at io.cucumber.core.runner.TestCase.run(TestCase.java:78)
	at io.cucumber.core.runner.Runner.runPickle(Runner.java:75)
	at io.cucumber.junit.PickleRunners$NoStepDescriptions.lambda$run$0(PickleRunners.java:151)
	at io.cucumber.core.runtime.CucumberExecutionContext.lambda$runTestCase$5(CucumberExecutionContext.java:129)
	at io.cucumber.core.runtime.RethrowingThrowableCollector.executeAndThrow(RethrowingThrowableCollector.java:23)
	at io.cucumber.core.runtime.CucumberExecutionContext.runTestCase(CucumberExecutionContext.java:129)
	at io.cucumber.junit.PickleRunners$NoStepDescriptions.run(PickleRunners.java:148)
	at io.cucumber.junit.FeatureRunner.runChild(FeatureRunner.java:144)
	at io.cucumber.junit.FeatureRunner.runChild(FeatureRunner.java:28)
	at org.junit.runners.ParentRunner$4.run(ParentRunner.java:331)
	at org.junit.runners.ParentRunner$1.schedule(ParentRunner.java:79)
	at org.junit.runners.ParentRunner.runChildren(ParentRunner.java:329)
	at org.junit.runners.ParentRunner.access$100(ParentRunner.java:66)
	at org.junit.runners.ParentRunner$2.evaluate(ParentRunner.java:293)
	at org.junit.runners.ParentRunner$3.evaluate(ParentRunner.java:306)
	at org.junit.runners.ParentRunner.run(ParentRunner.java:413)
	at io.cucumber.junit.FeatureRunner.run(FeatureRunner.java:137)
	at io.cucumber.junit.Cucumber.runChild(Cucumber.java:196)
	at io.cucumber.junit.Cucumber.runChild(Cucumber.java:89)
	at org.junit.runners.ParentRunner$4.run(ParentRunner.java:331)
	at org.junit.runners.ParentRunner$1.schedule(ParentRunner.java:79)
	at org.junit.runners.ParentRunner.runChildren(ParentRunner.java:329)
	at org.junit.runners.ParentRunner.access$100(ParentRunner.java:66)
	at org.junit.runners.ParentRunner$2.evaluate(ParentRunner.java:293)
	at io.cucumber.junit.Cucumber$RunBeforeAllHooks.evaluate(Cucumber.java:266)
	at io.cucumber.junit.Cucumber$RunAfterAllHooks.evaluate(Cucumber.java:281)
	at io.cucumber.junit.Cucumber$StartTestRun.evaluate(Cucumber.java:233)
	at io.cucumber.junit.Cucumber$FinishTestRun.evaluate(Cucumber.java:248)
	at org.junit.runners.ParentRunner$3.evaluate(ParentRunner.java:306)
	at org.junit.runners.ParentRunner.run(ParentRunner.java:413)
	at org.apache.maven.surefire.junit4.JUnit4Provider.execute(JUnit4Provider.java:364)
	at org.apache.maven.surefire.junit4.JUnit4Provider.executeWithRerun(JUnit4Provider.java:272)
	at org.apache.maven.surefire.junit4.JUnit4Provider.executeTestSet(JUnit4Provider.java:237)
	at org.apache.maven.surefire.junit4.JUnit4Provider.invoke(JUnit4Provider.java:158)
	at org.apache.maven.surefire.booter.ForkedBooter.runSuitesInProcess(ForkedBooter.java:428)
	at org.apache.maven.surefire.booter.ForkedBooter.execute(ForkedBooter.java:162)
	at org.apache.maven.surefire.booter.ForkedBooter.run(ForkedBooter.java:562)
	at org.apache.maven.surefire.booter.ForkedBooter.main(ForkedBooter.java:548)
Caused by: java.io.IOException: Error while instrumenting sun/security/ec/ECDSASignature$SHA1.
	at org.jacoco.agent.rt.internal_035b120.core.instr.Instrumenter.instrumentError(Instrumenter.java:158)
	at org.jacoco.agent.rt.internal_035b120.core.instr.Instrumenter.instrument(Instrumenter.java:108)
	at org.jacoco.agent.rt.internal_035b120.CoverageTransformer.transform(CoverageTransformer.java:91)
	... 87 more
Caused by: java.lang.IllegalArgumentException: Unsupported class file major version 61
	at org.jacoco.agent.rt.internal_035b120.asm.ClassReader.<init>(ClassReader.java:195)
	at org.jacoco.agent.rt.internal_035b120.asm.ClassReader.<init>(ClassReader.java:176)
	at org.jacoco.agent.rt.internal_035b120.asm.ClassReader.<init>(ClassReader.java:162)
	at org.jacoco.agent.rt.internal_035b120.core.internal.instr.InstrSupport.classReaderFor(InstrSupport.java:279)
	at org.jacoco.agent.rt.internal_035b120.core.instr.Instrumenter.instrument(Instrumenter.java:74)
	at org.jacoco.agent.rt.internal_035b120.core.instr.Instrumenter.instrument(Instrumenter.java:106)
	... 88 more
java.lang.instrument.IllegalClassFormatException: Error while instrumenting sun/security/ec/ECDSASignature.
	at org.jacoco.agent.rt.internal_035b120.CoverageTransformer.transform(CoverageTransformer.java:93)
	at java.instrument/java.lang.instrument.ClassFileTransformer.transform(ClassFileTransformer.java:244)
	at java.instrument/sun.instrument.TransformerManager.transform(TransformerManager.java:188)
	at java.instrument/sun.instrument.InstrumentationImpl.transform(InstrumentationImpl.java:541)
	at java.base/java.lang.ClassLoader.defineClass2(Native Method)
	at java.base/java.lang.ClassLoader.defineClass(ClassLoader.java:1103)
	at java.base/java.security.SecureClassLoader.defineClass(SecureClassLoader.java:182)
	at java.base/jdk.internal.loader.BuiltinClassLoader.defineClass(BuiltinClassLoader.java:821)
	at java.base/jdk.internal.loader.BuiltinClassLoader.findClassInModuleOrNull(BuiltinClassLoader.java:741)
	at java.base/jdk.internal.loader.BuiltinClassLoader.loadClassOrNull(BuiltinClassLoader.java:665)
	at java.base/jdk.internal.loader.BuiltinClassLoader.loadClass(BuiltinClassLoader.java:639)
	at java.base/java.lang.ClassLoader.loadClass(ClassLoader.java:520)
	at java.base/java.lang.ClassLoader.defineClass2(Native Method)
	at java.base/java.lang.ClassLoader.defineClass(ClassLoader.java:1103)
	at java.base/java.security.SecureClassLoader.defineClass(SecureClassLoader.java:182)
	at java.base/jdk.internal.loader.BuiltinClassLoader.defineClass(BuiltinClassLoader.java:821)
	at java.base/jdk.internal.loader.BuiltinClassLoader.findClassInModuleOrNull(BuiltinClassLoader.java:741)
	at java.base/jdk.internal.loader.BuiltinClassLoader.loadClassOrNull(BuiltinClassLoader.java:665)
	at java.base/jdk.internal.loader.BuiltinClassLoader.loadClass(BuiltinClassLoader.java:639)
	at java.base/java.lang.ClassLoader.loadClass(ClassLoader.java:520)
	at jdk.crypto.ec/sun.security.ec.SunEC$ProviderService.newInstance(SunEC.java:104)
	at java.base/java.security.Signature.isSpi(Signature.java:331)
	at java.base/java.security.Signature.getInstance(Signature.java:275)
	at java.base/sun.security.ssl.JsseJce$EcAvailability.<clinit>(JsseJce.java:169)
	at java.base/sun.security.ssl.JsseJce.isEcAvailable(JsseJce.java:131)
	at java.base/sun.security.ssl.CipherSuite$KeyExchange.isAvailable(CipherSuite.java:1149)
	at java.base/sun.security.ssl.CipherSuite.isAvailable(CipherSuite.java:1011)
	at java.base/sun.security.ssl.SSLContextImpl.getApplicableCipherSuites(SSLContextImpl.java:379)
	at java.base/sun.security.ssl.SSLContextImpl.getApplicableSupportedCipherSuites(SSLContextImpl.java:342)
	at java.base/sun.security.ssl.SSLContextImpl$AbstractTLSContext.<clinit>(SSLContextImpl.java:556)
	at java.base/java.lang.Class.forName0(Native Method)
	at java.base/java.lang.Class.forName(Class.java:375)
	at java.base/java.security.Provider$Service.getImplClass(Provider.java:1933)
	at java.base/java.security.Provider$Service.getDefaultConstructor(Provider.java:1964)
	at java.base/java.security.Provider$Service.newInstanceOf(Provider.java:1878)
	at java.base/java.security.Provider$Service.newInstanceUtil(Provider.java:1886)
	at java.base/java.security.Provider$Service.newInstance(Provider.java:1861)
	at java.base/sun.security.jca.GetInstance.getInstance(GetInstance.java:236)
	at java.base/sun.security.jca.GetInstance.getInstance(GetInstance.java:164)
	at java.base/javax.net.ssl.SSLContext.getInstance(SSLContext.java:185)
	at org.apache.hc.core5.ssl.SSLContextBuilder.build(SSLContextBuilder.java:364)
	at io.github.bonigarcia.wdm.online.HttpClient.<init>(HttpClient.java:111)
	at io.github.bonigarcia.wdm.WebDriverManager.setup(WebDriverManager.java:402)
	at factory.DriverFactory.init_driver(DriverFactory.java:22)
	at stepDefinition.ApplicationHooks.launchBrowser(ApplicationHooks.java:30)
	at java.base/jdk.internal.reflect.NativeMethodAccessorImpl.invoke0(Native Method)
	at java.base/jdk.internal.reflect.NativeMethodAccessorImpl.invoke(NativeMethodAccessorImpl.java:77)
	at java.base/jdk.internal.reflect.DelegatingMethodAccessorImpl.invoke(DelegatingMethodAccessorImpl.java:43)
	at java.base/java.lang.reflect.Method.invoke(Method.java:568)
	at io.cucumber.java.Invoker.doInvoke(Invoker.java:66)
	at io.cucumber.java.Invoker.invoke(Invoker.java:24)
	at io.cucumber.java.AbstractGlueDefinition.invokeMethod(AbstractGlueDefinition.java:47)
	at io.cucumber.java.JavaHookDefinition.execute(JavaHookDefinition.java:64)
	at io.cucumber.core.runner.CoreHookDefinition.execute(CoreHookDefinition.java:46)
	at io.cucumber.core.runner.HookDefinitionMatch.runStep(HookDefinitionMatch.java:21)
	at io.cucumber.core.runner.ExecutionMode$1.execute(ExecutionMode.java:10)
	at io.cucumber.core.runner.TestStep.executeStep(TestStep.java:85)
	at io.cucumber.core.runner.TestStep.run(TestStep.java:57)
	at io.cucumber.core.runner.TestCase.run(TestCase.java:78)
	at io.cucumber.core.runner.Runner.runPickle(Runner.java:75)
	at io.cucumber.junit.PickleRunners$NoStepDescriptions.lambda$run$0(PickleRunners.java:151)
	at io.cucumber.core.runtime.CucumberExecutionContext.lambda$runTestCase$5(CucumberExecutionContext.java:129)
	at io.cucumber.core.runtime.RethrowingThrowableCollector.executeAndThrow(RethrowingThrowableCollector.java:23)
	at io.cucumber.core.runtime.CucumberExecutionContext.runTestCase(CucumberExecutionContext.java:129)
	at io.cucumber.junit.PickleRunners$NoStepDescriptions.run(PickleRunners.java:148)
	at io.cucumber.junit.FeatureRunner.runChild(FeatureRunner.java:144)
	at io.cucumber.junit.FeatureRunner.runChild(FeatureRunner.java:28)
	at org.junit.runners.ParentRunner$4.run(ParentRunner.java:331)
	at org.junit.runners.ParentRunner$1.schedule(ParentRunner.java:79)
	at org.junit.runners.ParentRunner.runChildren(ParentRunner.java:329)
	at org.junit.runners.ParentRunner.access$100(ParentRunner.java:66)
	at org.junit.runners.ParentRunner$2.evaluate(ParentRunner.java:293)
	at org.junit.runners.ParentRunner$3.evaluate(ParentRunner.java:306)
	at org.junit.runners.ParentRunner.run(ParentRunner.java:413)
	at io.cucumber.junit.FeatureRunner.run(FeatureRunner.java:137)
	at io.cucumber.junit.Cucumber.runChild(Cucumber.java:196)
	at io.cucumber.junit.Cucumber.runChild(Cucumber.java:89)
	at org.junit.runners.ParentRunner$4.run(ParentRunner.java:331)
	at org.junit.runners.ParentRunner$1.schedule(ParentRunner.java:79)
	at org.junit.runners.ParentRunner.runChildren(ParentRunner.java:329)
	at org.junit.runners.ParentRunner.access$100(ParentRunner.java:66)
	at org.junit.runners.ParentRunner$2.evaluate(ParentRunner.java:293)
	at io.cucumber.junit.Cucumber$RunBeforeAllHooks.evaluate(Cucumber.java:266)
	at io.cucumber.junit.Cucumber$RunAfterAllHooks.evaluate(Cucumber.java:281)
	at io.cucumber.junit.Cucumber$StartTestRun.evaluate(Cucumber.java:233)
	at io.cucumber.junit.Cucumber$FinishTestRun.evaluate(Cucumber.java:248)
	at org.junit.runners.ParentRunner$3.evaluate(ParentRunner.java:306)
	at org.junit.runners.ParentRunner.run(ParentRunner.java:413)
	at org.apache.maven.surefire.junit4.JUnit4Provider.execute(JUnit4Provider.java:364)
	at org.apache.maven.surefire.junit4.JUnit4Provider.executeWithRerun(JUnit4Provider.java:272)
	at org.apache.maven.surefire.junit4.JUnit4Provider.executeTestSet(JUnit4Provider.java:237)
	at org.apache.maven.surefire.junit4.JUnit4Provider.invoke(JUnit4Provider.java:158)
	at org.apache.maven.surefire.booter.ForkedBooter.runSuitesInProcess(ForkedBooter.java:428)
	at org.apache.maven.surefire.booter.ForkedBooter.execute(ForkedBooter.java:162)
	at org.apache.maven.surefire.booter.ForkedBooter.run(ForkedBooter.java:562)
	at org.apache.maven.surefire.booter.ForkedBooter.main(ForkedBooter.java:548)
Caused by: java.io.IOException: Error while instrumenting sun/security/ec/ECDSASignature.
	at org.jacoco.agent.rt.internal_035b120.core.instr.Instrumenter.instrumentError(Instrumenter.java:158)
	at org.jacoco.agent.rt.internal_035b120.core.instr.Instrumenter.instrument(Instrumenter.java:108)
	at org.jacoco.agent.rt.internal_035b120.CoverageTransformer.transform(CoverageTransformer.java:91)
	... 95 more
Caused by: java.lang.IllegalArgumentException: Unsupported class file major version 61
	at org.jacoco.agent.rt.internal_035b120.asm.ClassReader.<init>(ClassReader.java:195)
	at org.jacoco.agent.rt.internal_035b120.asm.ClassReader.<init>(ClassReader.java:176)
	at org.jacoco.agent.rt.internal_035b120.asm.ClassReader.<init>(ClassReader.java:162)
	at org.jacoco.agent.rt.internal_035b120.core.internal.instr.InstrSupport.classReaderFor(InstrSupport.java:279)
	at org.jacoco.agent.rt.internal_035b120.core.instr.Instrumenter.instrument(Instrumenter.java:74)
	at org.jacoco.agent.rt.internal_035b120.core.instr.Instrumenter.instrument(Instrumenter.java:106)
	... 96 more
java.lang.instrument.IllegalClassFormatException: Error while instrumenting sun/security/ec/ECOperations$IntermediateValueException.
	at org.jacoco.agent.rt.internal_035b120.CoverageTransformer.transform(CoverageTransformer.java:93)
	at java.instrument/java.lang.instrument.ClassFileTransformer.transform(ClassFileTransformer.java:244)
	at java.instrument/sun.instrument.TransformerManager.transform(TransformerManager.java:188)
	at java.instrument/sun.instrument.InstrumentationImpl.transform(InstrumentationImpl.java:541)
	at java.base/java.lang.ClassLoader.defineClass2(Native Method)
	at java.base/java.lang.ClassLoader.defineClass(ClassLoader.java:1103)
	at java.base/java.security.SecureClassLoader.defineClass(SecureClassLoader.java:182)
	at java.base/jdk.internal.loader.BuiltinClassLoader.defineClass(BuiltinClassLoader.java:821)
	at java.base/jdk.internal.loader.BuiltinClassLoader.findClassInModuleOrNull(BuiltinClassLoader.java:741)
	at java.base/jdk.internal.loader.BuiltinClassLoader.loadClassOrNull(BuiltinClassLoader.java:665)
	at java.base/jdk.internal.loader.BuiltinClassLoader.loadClass(BuiltinClassLoader.java:639)
	at java.base/java.lang.ClassLoader.loadClass(ClassLoader.java:520)
	at jdk.crypto.ec/sun.security.ec.SunEC$ProviderService.newInstance(SunEC.java:104)
	at java.base/java.security.Signature.isSpi(Signature.java:331)
	at java.base/java.security.Signature.getInstance(Signature.java:275)
	at java.base/sun.security.ssl.JsseJce$EcAvailability.<clinit>(JsseJce.java:169)
	at java.base/sun.security.ssl.JsseJce.isEcAvailable(JsseJce.java:131)
	at java.base/sun.security.ssl.CipherSuite$KeyExchange.isAvailable(CipherSuite.java:1149)
	at java.base/sun.security.ssl.CipherSuite.isAvailable(CipherSuite.java:1011)
	at java.base/sun.security.ssl.SSLContextImpl.getApplicableCipherSuites(SSLContextImpl.java:379)
	at java.base/sun.security.ssl.SSLContextImpl.getApplicableSupportedCipherSuites(SSLContextImpl.java:342)
	at java.base/sun.security.ssl.SSLContextImpl$AbstractTLSContext.<clinit>(SSLContextImpl.java:556)
	at java.base/java.lang.Class.forName0(Native Method)
	at java.base/java.lang.Class.forName(Class.java:375)
	at java.base/java.security.Provider$Service.getImplClass(Provider.java:1933)
	at java.base/java.security.Provider$Service.getDefaultConstructor(Provider.java:1964)
	at java.base/java.security.Provider$Service.newInstanceOf(Provider.java:1878)
	at java.base/java.security.Provider$Service.newInstanceUtil(Provider.java:1886)
	at java.base/java.security.Provider$Service.newInstance(Provider.java:1861)
	at java.base/sun.security.jca.GetInstance.getInstance(GetInstance.java:236)
	at java.base/sun.security.jca.GetInstance.getInstance(GetInstance.java:164)
	at java.base/javax.net.ssl.SSLContext.getInstance(SSLContext.java:185)
	at org.apache.hc.core5.ssl.SSLContextBuilder.build(SSLContextBuilder.java:364)
	at io.github.bonigarcia.wdm.online.HttpClient.<init>(HttpClient.java:111)
	at io.github.bonigarcia.wdm.WebDriverManager.setup(WebDriverManager.java:402)
	at factory.DriverFactory.init_driver(DriverFactory.java:22)
	at stepDefinition.ApplicationHooks.launchBrowser(ApplicationHooks.java:30)
	at java.base/jdk.internal.reflect.NativeMethodAccessorImpl.invoke0(Native Method)
	at java.base/jdk.internal.reflect.NativeMethodAccessorImpl.invoke(NativeMethodAccessorImpl.java:77)
	at java.base/jdk.internal.reflect.DelegatingMethodAccessorImpl.invoke(DelegatingMethodAccessorImpl.java:43)
	at java.base/java.lang.reflect.Method.invoke(Method.java:568)
	at io.cucumber.java.Invoker.doInvoke(Invoker.java:66)
	at io.cucumber.java.Invoker.invoke(Invoker.java:24)
	at io.cucumber.java.AbstractGlueDefinition.invokeMethod(AbstractGlueDefinition.java:47)
	at io.cucumber.java.JavaHookDefinition.execute(JavaHookDefinition.java:64)
	at io.cucumber.core.runner.CoreHookDefinition.execute(CoreHookDefinition.java:46)
	at io.cucumber.core.runner.HookDefinitionMatch.runStep(HookDefinitionMatch.java:21)
	at io.cucumber.core.runner.ExecutionMode$1.execute(ExecutionMode.java:10)
	at io.cucumber.core.runner.TestStep.executeStep(TestStep.java:85)
	at io.cucumber.core.runner.TestStep.run(TestStep.java:57)
	at io.cucumber.core.runner.TestCase.run(TestCase.java:78)
	at io.cucumber.core.runner.Runner.runPickle(Runner.java:75)
	at io.cucumber.junit.PickleRunners$NoStepDescriptions.lambda$run$0(PickleRunners.java:151)
	at io.cucumber.core.runtime.CucumberExecutionContext.lambda$runTestCase$5(CucumberExecutionContext.java:129)
	at io.cucumber.core.runtime.RethrowingThrowableCollector.executeAndThrow(RethrowingThrowableCollector.java:23)
	at io.cucumber.core.runtime.CucumberExecutionContext.runTestCase(CucumberExecutionContext.java:129)
	at io.cucumber.junit.PickleRunners$NoStepDescriptions.run(PickleRunners.java:148)
	at io.cucumber.junit.FeatureRunner.runChild(FeatureRunner.java:144)
	at io.cucumber.junit.FeatureRunner.runChild(FeatureRunner.java:28)
	at org.junit.runners.ParentRunner$4.run(ParentRunner.java:331)
	at org.junit.runners.ParentRunner$1.schedule(ParentRunner.java:79)
	at org.junit.runners.ParentRunner.runChildren(ParentRunner.java:329)
	at org.junit.runners.ParentRunner.access$100(ParentRunner.java:66)
	at org.junit.runners.ParentRunner$2.evaluate(ParentRunner.java:293)
	at org.junit.runners.ParentRunner$3.evaluate(ParentRunner.java:306)
	at org.junit.runners.ParentRunner.run(ParentRunner.java:413)
	at io.cucumber.junit.FeatureRunner.run(FeatureRunner.java:137)
	at io.cucumber.junit.Cucumber.runChild(Cucumber.java:196)
	at io.cucumber.junit.Cucumber.runChild(Cucumber.java:89)
	at org.junit.runners.ParentRunner$4.run(ParentRunner.java:331)
	at org.junit.runners.ParentRunner$1.schedule(ParentRunner.java:79)
	at org.junit.runners.ParentRunner.runChildren(ParentRunner.java:329)
	at org.junit.runners.ParentRunner.access$100(ParentRunner.java:66)
	at org.junit.runners.ParentRunner$2.evaluate(ParentRunner.java:293)
	at io.cucumber.junit.Cucumber$RunBeforeAllHooks.evaluate(Cucumber.java:266)
	at io.cucumber.junit.Cucumber$RunAfterAllHooks.evaluate(Cucumber.java:281)
	at io.cucumber.junit.Cucumber$StartTestRun.evaluate(Cucumber.java:233)
	at io.cucumber.junit.Cucumber$FinishTestRun.evaluate(Cucumber.java:248)
	at org.junit.runners.ParentRunner$3.evaluate(ParentRunner.java:306)
	at org.junit.runners.ParentRunner.run(ParentRunner.java:413)
	at org.apache.maven.surefire.junit4.JUnit4Provider.execute(JUnit4Provider.java:364)
	at org.apache.maven.surefire.junit4.JUnit4Provider.executeWithRerun(JUnit4Provider.java:272)
	at org.apache.maven.surefire.junit4.JUnit4Provider.executeTestSet(JUnit4Provider.java:237)
	at org.apache.maven.surefire.junit4.JUnit4Provider.invoke(JUnit4Provider.java:158)
	at org.apache.maven.surefire.booter.ForkedBooter.runSuitesInProcess(ForkedBooter.java:428)
	at org.apache.maven.surefire.booter.ForkedBooter.execute(ForkedBooter.java:162)
	at org.apache.maven.surefire.booter.ForkedBooter.run(ForkedBooter.java:562)
	at org.apache.maven.surefire.booter.ForkedBooter.main(ForkedBooter.java:548)
Caused by: java.io.IOException: Error while instrumenting sun/security/ec/ECOperations$IntermediateValueException.
	at org.jacoco.agent.rt.internal_035b120.core.instr.Instrumenter.instrumentError(Instrumenter.java:158)
	at org.jacoco.agent.rt.internal_035b120.core.instr.Instrumenter.instrument(Instrumenter.java:108)
	at org.jacoco.agent.rt.internal_035b120.CoverageTransformer.transform(CoverageTransformer.java:91)
	... 87 more
Caused by: java.lang.IllegalArgumentException: Unsupported class file major version 61
	at org.jacoco.agent.rt.internal_035b120.asm.ClassReader.<init>(ClassReader.java:195)
	at org.jacoco.agent.rt.internal_035b120.asm.ClassReader.<init>(ClassReader.java:176)
	at org.jacoco.agent.rt.internal_035b120.asm.ClassReader.<init>(ClassReader.java:162)
[...]
	at java.base/jdk.internal.loader.BuiltinClassLoader.defineClass(BuiltinClassLoader.java:821)
	at java.base/jdk.internal.loader.BuiltinClassLoader.findClassInModuleOrNull(BuiltinClassLoader.java:741)
	at java.base/jdk.internal.loader.BuiltinClassLoader.loadClassOrNull(BuiltinClassLoader.java:665)
	at java.base/jdk.internal.loader.BuiltinClassLoader.loadClass(BuiltinClassLoader.java:639)
	at java.base/java.lang.ClassLoader.loadClass(ClassLoader.java:520)
	at jdk.crypto.ec/sun.security.ec.SunEC$ProviderService.newInstance(SunEC.java:95)
	at java.base/java.security.Signature.isSpi(Signature.java:331)
	at java.base/java.security.Signature.getInstance(Signature.java:275)
	at java.base/sun.security.ssl.SignatureScheme.<init>(SignatureScheme.java:292)
	at java.base/sun.security.ssl.SignatureScheme.<init>(SignatureScheme.java:245)
	at java.base/sun.security.ssl.SignatureScheme.<init>(SignatureScheme.java:237)
	at java.base/sun.security.ssl.SignatureScheme.<init>(SignatureScheme.java:230)
	at java.base/sun.security.ssl.SignatureScheme.<clinit>(SignatureScheme.java:71)
	at java.base/sun.security.ssl.SSLSessionImpl.<clinit>(SSLSessionImpl.java:814)
	at java.base/sun.security.ssl.TransportContext.<init>(TransportContext.java:151)
	at java.base/sun.security.ssl.TransportContext.<init>(TransportContext.java:109)
	at java.base/sun.security.ssl.SSLEngineImpl.<init>(SSLEngineImpl.java:84)
	at java.base/sun.security.ssl.SSLEngineImpl.<init>(SSLEngineImpl.java:68)
	at java.base/sun.security.ssl.SSLContextImpl$AbstractTLSContext.createSSLEngineImpl(SSLContextImpl.java:584)
	at java.base/sun.security.ssl.SSLContextImpl.engineCreateSSLEngine(SSLContextImpl.java:175)
	at java.base/javax.net.ssl.SSLContext.createSSLEngine(SSLContext.java:373)
	at io.netty.handler.ssl.JdkSslContext$Defaults.init(JdkSslContext.java:107)
	at io.netty.handler.ssl.JdkSslContext.<clinit>(JdkSslContext.java:73)
	at io.netty.handler.ssl.SslContext.newClientContextInternal(SslContext.java:824)
	at io.netty.handler.ssl.SslContextBuilder.build(SslContextBuilder.java:611)
	at org.asynchttpclient.netty.ssl.DefaultSslEngineFactory.buildSslContext(DefaultSslEngineFactory.java:59)
	at org.asynchttpclient.netty.ssl.DefaultSslEngineFactory.init(DefaultSslEngineFactory.java:74)
	at org.asynchttpclient.netty.channel.ChannelManager.<init>(ChannelManager.java:104)
	at org.asynchttpclient.DefaultAsyncHttpClient.<init>(DefaultAsyncHttpClient.java:92)
	at org.asynchttpclient.Dsl.asyncHttpClient(Dsl.java:32)
	at org.openqa.selenium.remote.http.netty.NettyClient.createHttpClient(NettyClient.java:93)
	at org.openqa.selenium.remote.http.netty.NettyClient.<clinit>(NettyClient.java:47)
	at org.openqa.selenium.remote.http.netty.NettyClient$Factory.createClient(NettyClient.java:134)
	at org.openqa.selenium.remote.HttpCommandExecutor.<init>(HttpCommandExecutor.java:107)
	at org.openqa.selenium.remote.HttpCommandExecutor.<init>(HttpCommandExecutor.java:94)
	at org.openqa.selenium.remote.HttpCommandExecutor.<init>(HttpCommandExecutor.java:85)
	at org.openqa.selenium.remote.service.DriverCommandExecutor.<init>(DriverCommandExecutor.java:80)
	at org.openqa.selenium.chromium.ChromiumDriverCommandExecutor.<init>(ChromiumDriverCommandExecutor.java:35)
	at org.openqa.selenium.chrome.ChromeDriver$ChromeDriverCommandExecutor.<init>(ChromeDriver.java:93)
	at org.openqa.selenium.chrome.ChromeDriver.<init>(ChromeDriver.java:81)
	at org.openqa.selenium.chrome.ChromeDriver.<init>(ChromeDriver.java:70)
	at factory.DriverFactory.init_driver(DriverFactory.java:26)
	at stepDefinition.ApplicationHooks.launchBrowser(ApplicationHooks.java:30)
	at java.base/jdk.internal.reflect.NativeMethodAccessorImpl.invoke0(Native Method)
	at java.base/jdk.internal.reflect.NativeMethodAccessorImpl.invoke(NativeMethodAccessorImpl.java:77)
	at java.base/jdk.internal.reflect.DelegatingMethodAccessorImpl.invoke(DelegatingMethodAccessorImpl.java:43)
	at java.base/java.lang.reflect.Method.invoke(Method.java:568)
	at io.cucumber.java.Invoker.doInvoke(Invoker.java:66)
	at io.cucumber.java.Invoker.invoke(Invoker.java:24)
	at io.cucumber.java.AbstractGlueDefinition.invokeMethod(AbstractGlueDefinition.java:47)
	at io.cucumber.java.JavaHookDefinition.execute(JavaHookDefinition.java:64)
	at io.cucumber.core.runner.CoreHookDefinition.execute(CoreHookDefinition.java:46)
	at io.cucumber.core.runner.HookDefinitionMatch.runStep(HookDefinitionMatch.java:21)
	at io.cucumber.core.runner.ExecutionMode$1.execute(ExecutionMode.java:10)
	at io.cucumber.core.runner.TestStep.executeStep(TestStep.java:85)
	at io.cucumber.core.runner.TestStep.run(TestStep.java:57)
	at io.cucumber.core.runner.TestCase.run(TestCase.java:78)
	at io.cucumber.core.runner.Runner.runPickle(Runner.java:75)
	at io.cucumber.junit.PickleRunners$NoStepDescriptions.lambda$run$0(PickleRunners.java:151)
	at io.cucumber.core.runtime.CucumberExecutionContext.lambda$runTestCase$5(CucumberExecutionContext.java:129)
	at io.cucumber.core.runtime.RethrowingThrowableCollector.executeAndThrow(RethrowingThrowableCollector.java:23)
	at io.cucumber.core.runtime.CucumberExecutionContext.runTestCase(CucumberExecutionContext.java:129)
	at io.cucumber.junit.PickleRunners$NoStepDescriptions.run(PickleRunners.java:148)
	at io.cucumber.junit.FeatureRunner.runChild(FeatureRunner.java:144)
	at io.cucumber.junit.FeatureRunner.runChild(FeatureRunner.java:28)
	at org.junit.runners.ParentRunner$4.run(ParentRunner.java:331)
	at org.junit.runners.ParentRunner$1.schedule(ParentRunner.java:79)
	at org.junit.runners.ParentRunner.runChildren(ParentRunner.java:329)
	at org.junit.runners.ParentRunner.access$100(ParentRunner.java:66)
	at org.junit.runners.ParentRunner$2.evaluate(ParentRunner.java:293)
	at org.junit.runners.ParentRunner$3.evaluate(ParentRunner.java:306)
	at org.junit.runners.ParentRunner.run(ParentRunner.java:413)
	at io.cucumber.junit.FeatureRunner.run(FeatureRunner.java:137)
	at io.cucumber.junit.Cucumber.runChild(Cucumber.java:196)
	at io.cucumber.junit.Cucumber.runChild(Cucumber.java:89)
	at org.junit.runners.ParentRunner$4.run(ParentRunner.java:331)
	at org.junit.runners.ParentRunner$1.schedule(ParentRunner.java:79)
	at org.junit.runners.ParentRunner.runChildren(ParentRunner.java:329)
	at org.junit.runners.ParentRunner.access$100(ParentRunner.java:66)
	at org.junit.runners.ParentRunner$2.evaluate(ParentRunner.java:293)
	at io.cucumber.junit.Cucumber$RunBeforeAllHooks.evaluate(Cucumber.java:266)
	at io.cucumber.junit.Cucumber$RunAfterAllHooks.evaluate(Cucumber.java:281)
	at io.cucumber.junit.Cucumber$StartTestRun.evaluate(Cucumber.java:233)
	at io.cucumber.junit.Cucumber$FinishTestRun.evaluate(Cucumber.java:248)
	at org.junit.runners.ParentRunner$3.evaluate(ParentRunner.java:306)
	at org.junit.runners.ParentRunner.run(ParentRunner.java:413)
	at org.apache.maven.surefire.junit4.JUnit4Provider.execute(JUnit4Provider.java:364)
	at org.apache.maven.surefire.junit4.JUnit4Provider.executeWithRerun(JUnit4Provider.java:272)
	at org.apache.maven.surefire.junit4.JUnit4Provider.executeTestSet(JUnit4Provider.java:237)
	at org.apache.maven.surefire.junit4.JUnit4Provider.invoke(JUnit4Provider.java:158)
	at org.apache.maven.surefire.booter.ForkedBooter.runSuitesInProcess(ForkedBooter.java:428)
	at org.apache.maven.surefire.booter.ForkedBooter.execute(ForkedBooter.java:162)
	at org.apache.maven.surefire.booter.ForkedBooter.run(ForkedBooter.java:562)
	at org.apache.maven.surefire.booter.ForkedBooter.main(ForkedBooter.java:548)
Caused by: java.io.IOException: Error while instrumenting sun/security/ec/ed/EdDSASignature$Ed448.
	at org.jacoco.agent.rt.internal_035b120.core.instr.Instrumenter.instrumentError(Instrumenter.java:158)
	at org.jacoco.agent.rt.internal_035b120.core.instr.Instrumenter.instrument(Instrumenter.java:108)
	at org.jacoco.agent.rt.internal_035b120.CoverageTransformer.transform(CoverageTransformer.java:91)
	... 100 more
Caused by: java.lang.IllegalArgumentException: Unsupported class file major version 61
	at org.jacoco.agent.rt.internal_035b120.asm.ClassReader.<init>(ClassReader.java:195)
	at org.jacoco.agent.rt.internal_035b120.asm.ClassReader.<init>(ClassReader.java:176)
	at org.jacoco.agent.rt.internal_035b120.asm.ClassReader.<init>(ClassReader.java:162)
	at org.jacoco.agent.rt.internal_035b120.core.internal.instr.InstrSupport.classReaderFor(InstrSupport.java:279)
	at org.jacoco.agent.rt.internal_035b120.core.instr.Instrumenter.instrument(Instrumenter.java:74)
	at org.jacoco.agent.rt.internal_035b120.core.instr.Instrumenter.instrument(Instrumenter.java:106)
	... 101 more
java.lang.instrument.IllegalClassFormatException: Error while instrumenting sun/security/ec/ECDSASignature$SHA224.
	at org.jacoco.agent.rt.internal_035b120.CoverageTransformer.transform(CoverageTransformer.java:93)
	at java.instrument/java.lang.instrument.ClassFileTransformer.transform(ClassFileTransformer.java:244)
	at java.instrument/sun.instrument.TransformerManager.transform(TransformerManager.java:188)
	at java.instrument/sun.instrument.InstrumentationImpl.transform(InstrumentationImpl.java:541)
	at java.base/java.lang.ClassLoader.defineClass2(Native Method)
	at java.base/java.lang.ClassLoader.defineClass(ClassLoader.java:1103)
	at java.base/java.security.SecureClassLoader.defineClass(SecureClassLoader.java:182)
	at java.base/jdk.internal.loader.BuiltinClassLoader.defineClass(BuiltinClassLoader.java:821)
	at java.base/jdk.internal.loader.BuiltinClassLoader.findClassInModuleOrNull(BuiltinClassLoader.java:741)
	at java.base/jdk.internal.loader.BuiltinClassLoader.loadClassOrNull(BuiltinClassLoader.java:665)
	at java.base/jdk.internal.loader.BuiltinClassLoader.loadClass(BuiltinClassLoader.java:639)
	at java.base/java.lang.ClassLoader.loadClass(ClassLoader.java:520)
	at jdk.crypto.ec/sun.security.ec.SunEC$ProviderService.newInstance(SunEC.java:107)
	at java.base/java.security.Signature.isSpi(Signature.java:331)
	at java.base/java.security.Signature.getInstance(Signature.java:275)
	at java.base/sun.security.ssl.SignatureScheme.<init>(SignatureScheme.java:292)
	at java.base/sun.security.ssl.SignatureScheme.<init>(SignatureScheme.java:245)
	at java.base/sun.security.ssl.SignatureScheme.<init>(SignatureScheme.java:237)
	at java.base/sun.security.ssl.SignatureScheme.<init>(SignatureScheme.java:230)
	at java.base/sun.security.ssl.SignatureScheme.<clinit>(SignatureScheme.java:127)
	at java.base/sun.security.ssl.SSLSessionImpl.<clinit>(SSLSessionImpl.java:814)
	at java.base/sun.security.ssl.TransportContext.<init>(TransportContext.java:151)
	at java.base/sun.security.ssl.TransportContext.<init>(TransportContext.java:109)
	at java.base/sun.security.ssl.SSLEngineImpl.<init>(SSLEngineImpl.java:84)
	at java.base/sun.security.ssl.SSLEngineImpl.<init>(SSLEngineImpl.java:68)
	at java.base/sun.security.ssl.SSLContextImpl$AbstractTLSContext.createSSLEngineImpl(SSLContextImpl.java:584)
	at java.base/sun.security.ssl.SSLContextImpl.engineCreateSSLEngine(SSLContextImpl.java:175)
	at java.base/javax.net.ssl.SSLContext.createSSLEngine(SSLContext.java:373)
	at io.netty.handler.ssl.JdkSslContext$Defaults.init(JdkSslContext.java:107)
	at io.netty.handler.ssl.JdkSslContext.<clinit>(JdkSslContext.java:73)
	at io.netty.handler.ssl.SslContext.newClientContextInternal(SslContext.java:824)
	at io.netty.handler.ssl.SslContextBuilder.build(SslContextBuilder.java:611)
	at org.asynchttpclient.netty.ssl.DefaultSslEngineFactory.buildSslContext(DefaultSslEngineFactory.java:59)
	at org.asynchttpclient.netty.ssl.DefaultSslEngineFactory.init(DefaultSslEngineFactory.java:74)
	at org.asynchttpclient.netty.channel.ChannelManager.<init>(ChannelManager.java:104)
	at org.asynchttpclient.DefaultAsyncHttpClient.<init>(DefaultAsyncHttpClient.java:92)
	at org.asynchttpclient.Dsl.asyncHttpClient(Dsl.java:32)
	at org.openqa.selenium.remote.http.netty.NettyClient.createHttpClient(NettyClient.java:93)
	at org.openqa.selenium.remote.http.netty.NettyClient.<clinit>(NettyClient.java:47)
	at org.openqa.selenium.remote.http.netty.NettyClient$Factory.createClient(NettyClient.java:134)
	at org.openqa.selenium.remote.HttpCommandExecutor.<init>(HttpCommandExecutor.java:107)
	at org.openqa.selenium.remote.HttpCommandExecutor.<init>(HttpCommandExecutor.java:94)
	at org.openqa.selenium.remote.HttpCommandExecutor.<init>(HttpCommandExecutor.java:85)
	at org.openqa.selenium.remote.service.DriverCommandExecutor.<init>(DriverCommandExecutor.java:80)
	at org.openqa.selenium.chromium.ChromiumDriverCommandExecutor.<init>(ChromiumDriverCommandExecutor.java:35)
	at org.openqa.selenium.chrome.ChromeDriver$ChromeDriverCommandExecutor.<init>(ChromeDriver.java:93)
	at org.openqa.selenium.chrome.ChromeDriver.<init>(ChromeDriver.java:81)
	at org.openqa.selenium.chrome.ChromeDriver.<init>(ChromeDriver.java:70)
	at factory.DriverFactory.init_driver(DriverFactory.java:26)
	at stepDefinition.ApplicationHooks.launchBrowser(ApplicationHooks.java:30)
	at java.base/jdk.internal.reflect.NativeMethodAccessorImpl.invoke0(Native Method)
	at java.base/jdk.internal.reflect.NativeMethodAccessorImpl.invoke(NativeMethodAccessorImpl.java:77)
	at java.base/jdk.internal.reflect.DelegatingMethodAccessorImpl.invoke(DelegatingMethodAccessorImpl.java:43)
	at java.base/java.lang.reflect.Method.invoke(Method.java:568)
	at io.cucumber.java.Invoker.doInvoke(Invoker.java:66)
	at io.cucumber.java.Invoker.invoke(Invoker.java:24)
	at io.cucumber.java.AbstractGlueDefinition.invokeMethod(AbstractGlueDefinition.java:47)
	at io.cucumber.java.JavaHookDefinition.execute(JavaHookDefinition.java:64)
	at io.cucumber.core.runner.CoreHookDefinition.execute(CoreHookDefinition.java:46)
	at io.cucumber.core.runner.HookDefinitionMatch.runStep(HookDefinitionMatch.java:21)
	at io.cucumber.core.runner.ExecutionMode$1.execute(ExecutionMode.java:10)
	at io.cucumber.core.runner.TestStep.executeStep(TestStep.java:85)
	at io.cucumber.core.runner.TestStep.run(TestStep.java:57)
	at io.cucumber.core.runner.TestCase.run(TestCase.java:78)
	at io.cucumber.core.runner.Runner.runPickle(Runner.java:75)
	at io.cucumber.junit.PickleRunners$NoStepDescriptions.lambda$run$0(PickleRunners.java:151)
	at io.cucumber.core.runtime.CucumberExecutionContext.lambda$runTestCase$5(CucumberExecutionContext.java:129)
	at io.cucumber.core.runtime.RethrowingThrowableCollector.executeAndThrow(RethrowingThrowableCollector.java:23)
	at io.cucumber.core.runtime.CucumberExecutionContext.runTestCase(CucumberExecutionContext.java:129)
	at io.cucumber.junit.PickleRunners$NoStepDescriptions.run(PickleRunners.java:148)
	at io.cucumber.junit.FeatureRunner.runChild(FeatureRunner.java:144)
	at io.cucumber.junit.FeatureRunner.runChild(FeatureRunner.java:28)
	at org.junit.runners.ParentRunner$4.run(ParentRunner.java:331)
	at org.junit.runners.ParentRunner$1.schedule(ParentRunner.java:79)
	at org.junit.runners.ParentRunner.runChildren(ParentRunner.java:329)
	at org.junit.runners.ParentRunner.access$100(ParentRunner.java:66)
	at org.junit.runners.ParentRunner$2.evaluate(ParentRunner.java:293)
	at org.junit.runners.ParentRunner$3.evaluate(ParentRunner.java:306)
	at org.junit.runners.ParentRunner.run(ParentRunner.java:413)
	at io.cucumber.junit.FeatureRunner.run(FeatureRunner.java:137)
	at io.cucumber.junit.Cucumber.runChild(Cucumber.java:196)
	at io.cucumber.junit.Cucumber.runChild(Cucumber.java:89)
	at org.junit.runners.ParentRunner$4.run(ParentRunner.java:331)
	at org.junit.runners.ParentRunner$1.schedule(ParentRunner.java:79)
	at org.junit.runners.ParentRunner.runChildren(ParentRunner.java:329)
	at org.junit.runners.ParentRunner.access$100(ParentRunner.java:66)
	at org.junit.runners.ParentRunner$2.evaluate(ParentRunner.java:293)
	at io.cucumber.junit.Cucumber$RunBeforeAllHooks.evaluate(Cucumber.java:266)
	at io.cucumber.junit.Cucumber$RunAfterAllHooks.evaluate(Cucumber.java:281)
	at io.cucumber.junit.Cucumber$StartTestRun.evaluate(Cucumber.java:233)
	at io.cucumber.junit.Cucumber$FinishTestRun.evaluate(Cucumber.java:248)
	at org.junit.runners.ParentRunner$3.evaluate(ParentRunner.java:306)
	at org.junit.runners.ParentRunner.run(ParentRunner.java:413)
	at org.apache.maven.surefire.junit4.JUnit4Provider.execute(JUnit4Provider.java:364)
	at org.apache.maven.surefire.junit4.JUnit4Provider.executeWithRerun(JUnit4Provider.java:272)
	at org.apache.maven.surefire.junit4.JUnit4Provider.executeTestSet(JUnit4Provider.java:237)
	at org.apache.maven.surefire.junit4.JUnit4Provider.invoke(JUnit4Provider.java:158)
	at org.apache.maven.surefire.booter.ForkedBooter.runSuitesInProcess(ForkedBooter.java:428)
	at org.apache.maven.surefire.booter.ForkedBooter.execute(ForkedBooter.java:162)
	at org.apache.maven.surefire.booter.ForkedBooter.run(ForkedBooter.java:562)
	at org.apache.maven.surefire.booter.ForkedBooter.main(ForkedBooter.java:548)
Caused by: java.io.IOException: Error while instrumenting sun/security/ec/ECDSASignature$SHA224.
	at org.jacoco.agent.rt.internal_035b120.core.instr.Instrumenter.instrumentError(Instrumenter.java:158)
	at org.jacoco.agent.rt.internal_035b120.core.instr.Instrumenter.instrument(Instrumenter.java:108)
	at org.jacoco.agent.rt.internal_035b120.CoverageTransformer.transform(CoverageTransformer.java:91)
	... 100 more
Caused by: java.lang.IllegalArgumentException: Unsupported class file major version 61
	at org.jacoco.agent.rt.internal_035b120.asm.ClassReader.<init>(ClassReader.java:195)
	at org.jacoco.agent.rt.internal_035b120.asm.ClassReader.<init>(ClassReader.java:176)
	at org.jacoco.agent.rt.internal_035b120.asm.ClassReader.<init>(ClassReader.java:162)
	at org.jacoco.agent.rt.internal_035b120.core.internal.instr.InstrSupport.classReaderFor(InstrSupport.java:279)
	at org.jacoco.agent.rt.internal_035b120.core.instr.Instrumenter.instrument(Instrumenter.java:74)
	at org.jacoco.agent.rt.internal_035b120.core.instr.Instrumenter.instrument(Instrumenter.java:106)
	... 101 more
Starting ChromeDriver 104.0.5112.79 (3cf3e8c8a07d104b9e1260c910efb8f383285dc5-refs/branch-heads/5112@{#1307}) on port 52081
Only local connections are allowed.
Please see https://chromedriver.chromium.org/security-considerations for suggestions on keeping ChromeDriver safe.
ChromeDriver was started successfully.
Aug 22, 2022 4:33:07 PM org.openqa.selenium.remote.ProtocolHandshake createSession
INFO: Detected upstream dialect: W3C
Aug 22, 2022 4:33:07 PM org.openqa.selenium.devtools.CdpVersionFinder findNearestMatch
WARNING: Unable to find an exact match for CDP version 104, so returning the closest version found: 103
Aug 22, 2022 4:33:07 PM org.openqa.selenium.devtools.CdpVersionFinder findNearestMatch
INFO: Found CDP implementation for version 104 of 103
Aug 22, 2022 4:33:19 PM org.openqa.selenium.remote.http.WebSocket$Listener onError
WARNING: Connection reset
java.net.SocketException: Connection reset
	at java.base/sun.nio.ch.SocketChannelImpl.throwConnectionReset(SocketChannelImpl.java:394)
	at java.base/sun.nio.ch.SocketChannelImpl.read(SocketChannelImpl.java:426)
	at io.netty.buffer.PooledByteBuf.setBytes(PooledByteBuf.java:258)
	at io.netty.buffer.AbstractByteBuf.writeBytes(AbstractByteBuf.java:1132)
	at io.netty.channel.socket.nio.NioSocketChannel.doReadBytes(NioSocketChannel.java:357)
	at io.netty.channel.nio.AbstractNioByteChannel$NioByteUnsafe.read(AbstractNioByteChannel.java:151)
	at io.netty.channel.nio.NioEventLoop.processSelectedKey(NioEventLoop.java:722)
	at io.netty.channel.nio.NioEventLoop.processSelectedKeysOptimized(NioEventLoop.java:658)
	at io.netty.channel.nio.NioEventLoop.processSelectedKeys(NioEventLoop.java:584)
	at io.netty.channel.nio.NioEventLoop.run(NioEventLoop.java:496)
	at io.netty.util.concurrent.SingleThreadEventExecutor$4.run(SingleThreadEventExecutor.java:997)
	at io.netty.util.internal.ThreadExecutorMap$2.run(ThreadExecutorMap.java:74)
	at io.netty.util.concurrent.FastThreadLocalRunnable.run(FastThreadLocalRunnable.java:30)
	at java.base/java.lang.Thread.run(Thread.java:833)

]]></system-err>
  </testcase>
</testsuite>