<?xml version="1.0" encoding="UTF-8" standalone="no"?>
<testsuite errors="0" failures="0" name="io.cucumber.core.plugin.JUnitFormatter" skipped="0" tests="4" time="30.242">
    <testcase classname="login feature" name="login will success with valid credentials" time="9.274">
        <system-out><![CDATA[Given user is on Login page.................................................passed
When user enters username as "admin"........................................passed
And user enters password as "admin".........................................passed
And user clicks on "SIGN IN" button.........................................passed
Then user is navigated to "Dashboard" page..................................passed
]]></system-out>
    </testcase>
    <testcase classname="login feature" name="login will not success with invalid credentials" time="6.616">
        <system-out><![CDATA[Given user is on Login page.................................................passed
When user enters username as "admin"........................................passed
And user enters password as "adminadmin"....................................passed
And user clicks on "SIGN IN" button.........................................passed
Then error notification "Incorrect Username or password" is displayed in Login page.passed
]]></system-out>
    </testcase>
    <testcase classname="login feature" name="login will not success with invalid credentials 2" time="6.815">
        <system-out><![CDATA[Given user is on Login page.................................................passed
When user enters username as "admin"........................................passed
And user clicks on "SIGN IN" button.........................................passed
Then error validation "Please input your password!" is displayed in Login page.passed
]]></system-out>
    </testcase>
    <testcase classname="login feature" name="login will not success with invalid credentials 3" time="6.968">
        <system-out><![CDATA[Given user is on Login page.................................................passed
When user enters password as "admin"........................................passed
And user clicks on "SIGN IN" button.........................................passed
Then error validation "Please input your username!" is displayed in Login page.passed
]]></system-out>
    </testcase>
</testsuite>
