<?xml version="1.0" encoding="UTF-8" standalone="no"?>
<testsuite errors="0" failures="1" name="io.cucumber.core.plugin.JUnitFormatter" skipped="0" tests="1" time="19.418">
    <testcase classname="CRUD Reagent" name="create new reagent" time="18.897">
        <failure message="The scenario has pending or undefined step(s)" type="io.cucumber.java.PendingException"><![CDATA[Given user is navigated to website "http://localhost:5050"..................passed
Then user is on "Login" page................................................passed
When user enters username as "admin"........................................passed
And user enters password as "admin".........................................passed
And user clicks on "SignIn" button..........................................passed
Then user is navigated to "Dashboard" page..................................passed
When user clicks on menu "Reagent"..........................................passed
And user clicks on sub-menu "Library".......................................passed
Then user is navigated to "Reagent Library" page............................passed
When user clicks on "Create Reagent" button.................................passed
Then user is redirected into "Create Reagent" page..........................pending
When user type reagent "name" as "Reagent 1"................................skipped
Then "Reagent 1" is typed on "name" textbox.................................skipped
When user select "Antibiotic" on "type".....................................skipped
Then "Antibiotic" is selected on "type".....................................skipped
When user type reagent "note" as "Create Reagent 1 with Antibiotic".........skipped
Then "Create Reagent 1 with Antibiotic" is typed on "note" textbox..........skipped
When user clicks on "Save" button...........................................skipped
Then new reagent item is created with notification "Success"................skipped
And There is no new "culture reagent" created...............................skipped
]]></failure>
    </testcase>
</testsuite>
