<?xml version="1.0" encoding="UTF-8" standalone="no"?>
<testsuite errors="0" failures="0" name="io.cucumber.core.plugin.JUnitFormatter" skipped="0" tests="1" time="18.652">
    <testcase classname="CC-1080:Create new reagent" name="create new reagent item" time="18.094">
        <system-out><![CDATA[Given user has already logged in to application with this credentials.......passed
And user is navigated to "Dashboard" page...................................passed
When user clicks on menu "Reagent"..........................................passed
And user clicks on sub-menu "Library".......................................passed
Then user is navigated to "Reagent Library" page............................passed
When user clicks on "create" button in page.................................passed
Then user is navigated to "Create Reagent" page.............................passed
When user fill the form in Create Reagent page with this data...............passed
Then all fields in Create Reagent page is filled with this data.............passed
When user clicks on "save" button in page...................................passed
And notification "Success" and "Reagent has been created" is displayed......passed
And there is "new" item "Reagent 2" created in table........................passed
When user clicks on menu "Reagent"..........................................passed
And user clicks on sub-menu "Culture Reagent"...............................passed
Then user is navigated to "Culture Reagent" page............................passed
And there is "no new" item "Reagent 2" created in table.....................passed
]]></system-out>
    </testcase>
</testsuite>
