<?xml version="1.0" encoding="UTF-8" standalone="no"?>
<testsuite errors="0" failures="0" name="io.cucumber.core.plugin.JUnitFormatter" skipped="0" tests="1" time="51.795">
    <testcase classname="login" name="login will success with valid credentials" time="51.317">
        <system-out><![CDATA[Given user is navigated to website "http://localhost:5050"..................passed
Then user is on login page..................................................passed
When user enters username as "admin" and password as "admin"................passed
And user clicks on signIn button............................................passed
Then user is navigated to home page.........................................passed
]]></system-out>
    </testcase>
</testsuite>
