<?xml version="1.0" encoding="UTF-8" standalone="no"?>
<testsuite errors="0" failures="1" name="io.cucumber.core.plugin.JUnitFormatter" skipped="0" tests="1" time="16.87">
    <testcase classname="CC-1080:Create new reagent" name="create new reagent item" time="15.956">
        <failure message="expected:&lt;[Success]&gt; but was:&lt;[One or more validation errors occurred.]&gt;" type="org.junit.ComparisonFailure"><![CDATA[Given user has already logged in to application with this credentials.......passed
And user is navigated to "Dashboard" page...................................passed
When user clicks on menu "Reagent"..........................................passed
And user clicks on sub-menu "Library".......................................passed
Then user is navigated to "Reagent Library" page............................passed
When user clicks on "Create" button.........................................passed
Then user is navigated to "Create Reagent" page.............................passed
When user fill the form in Create Reagent page with this data...............passed
Then all fields in Create Reagent page is filled with this data.............passed
When user clicks on "Save" button...........................................passed
And notification "Success" and "Reagent has been created" is displayed......failed
And there is "new" item "Reagent 1" created in table........................skipped
When user clicks on menu "Reagent"..........................................skipped
And user clicks on sub-menu "Culture Reagent"...............................skipped
Then user is navigated to "Culture Reagent" page............................skipped
And there is "no new" item "Reagent 1" created in table.....................skipped

StackTrace:
org.junit.ComparisonFailure: expected:<[Success]> but was:<[One or more validation errors occurred.]>
	at org.junit.Assert.assertEquals(Assert.java:117)
	at org.junit.Assert.assertEquals(Assert.java:146)
	at stepDefinition.GeneralStep.notification_and_is_displayed(GeneralStep.java:158)
	at ✽.notification "Success" and "Reagent has been created" is displayed(file:///C:/Users/smith/OneDrive/Documents/INTERN/Cell/cellsuite/cellsuite/src/test/resources/features/Reagent%20Library/Create%20Reagent%20Library/CC-1080%20Create%20New%20Reagent.feature:26)
]]></failure>
    </testcase>
</testsuite>
