<?xml version="1.0" encoding="UTF-8" standalone="no"?>
<testsuite errors="0" failures="1" name="io.cucumber.core.plugin.JUnitFormatter" skipped="0" tests="1" time="29.832">
    <testcase classname="CC-1166:User cancel delete labware" name="deleting single unused labware" time="29.05">
        <failure message="The scenario has pending or undefined step(s)" type="java.lang.Exception"><![CDATA[Given user has already logged in to application with this credentials.......passed
And user is navigated to "Dashboard" page...................................passed
When user clicks on menu "Labware"..........................................passed
And user clicks on sub-menu "Inventory".....................................passed
Then user is navigated to "Inventory" page..................................passed
When user clicks "1" labware with "Unknown" of "status".....................passed
When user click on more icon button and click " Delete" menu................passed
Then modal "Delete Labware" confirmation is displayed.......................passed
And user clicks on "Cancel" button..........................................passed
Then modal confirmation is closed...........................................undefined
]]></failure>
    </testcase>
</testsuite>
