<?xml version="1.0" encoding="UTF-8" standalone="no"?>
<testsuite errors="0" failures="0" name="io.cucumber.core.plugin.JUnitFormatter" skipped="0" tests="4" time="89.663">
    <testcase classname="login feature" name="login will success with valid credentials" time="33.134">
        <system-out><![CDATA[Given user is navigated to website "http://localhost:5050/".................passed
Then user is on "Login" page................................................passed
When user enters username as "admin"........................................passed
And user enters password as "admin".........................................passed
And user clicks on "SignIn" button..........................................passed
Then user is navigated to "Dashboard" page..................................passed
]]></system-out>
    </testcase>
    <testcase classname="login feature" name="login will not success with invalid credentials" time="26.419">
        <system-out><![CDATA[Given user is navigated to website "http://localhost:5050/".................passed
Then user is on "Login" page................................................passed
When user enters username as "admin"........................................passed
And user enters password as "adminadmin"....................................passed
And user clicks on "SignIn" button..........................................passed
Then error notification "Incorrect Username or password" is displayed.......passed
]]></system-out>
    </testcase>
    <testcase classname="login feature" name="login will not success with invalid credentials 2" time="25.09">
        <system-out><![CDATA[Given user is navigated to website "http://localhost:5050/".................passed
Then user is on "Login" page................................................passed
When user enters username as "admin"........................................passed
And user clicks on "SignIn" button..........................................passed
Then error validation "Please input your password!" is display..............passed
]]></system-out>
    </testcase>
    <testcase classname="login feature" name="login will not success with invalid credentials 3" time="4.47">
        <system-out><![CDATA[Given user is navigated to website "http://localhost:5050/".................passed
Then user is on "Login" page................................................passed
When user enters password as "admin"........................................passed
And user clicks on "SignIn" button..........................................passed
Then error validation "Please input your username!" is display..............passed
]]></system-out>
    </testcase>
</testsuite>
